Log file open, 12/03/17 22:28:09
LogWindows: Failed to load 'aqProf.dll' (GetLastError=126)
LogWindows: File 'aqProf.dll' does not exist
LogWindows: Failed to load 'VSPerf140.dll' (GetLastError=126)
LogWindows: File 'VSPerf140.dll' does not exist
LogWindows: Failed to load 'VtuneApi.dll' (GetLastError=126)
LogWindows: File 'VtuneApi.dll' does not exist
LogWindows: Failed to load 'VtuneApi32e.dll' (GetLastError=126)
LogWindows: File 'VtuneApi32e.dll' does not exist
LogInit: Display: Running engine for game: BowlerBall
LogPlatformFile: Not using cached read wrapper
LogInit: Display: RandInit(775771313) SRandInit(775771313).
LogInit: Read version file with build ID '3709383'
LogInit: Overriding engine version to CL 3754814, compatible CL 3709383
LogInit: Registered custom module enumerator with build ID '3709383'
LogTaskGraph: Started task graph with 5 named threads and 14 total threads with 3 sets of task threads.
LogStats: Stats thread started at 0.206035
LogD3D11RHI: Aftermath initialized
LogModuleManager: Display: Found up-to-date module file ../../../Engine/Plugins/2D/Paper2D/Binaries/Win64/UE4Editor-Paper2D.dll (API version 3709383).
LogModuleManager: Display: Found up-to-date module file ../../../Engine/Plugins/2D/Paper2D/Binaries/Win64/UE4Editor-Paper2DEditor.dll (API version 3709383).
LogModuleManager: Display: Found up-to-date module file ../../../Engine/Plugins/2D/Paper2D/Binaries/Win64/UE4Editor-PaperSpriteSheetImporter.dll (API version 3709383).
LogModuleManager: Display: Found up-to-date module file ../../../Engine/Plugins/2D/Paper2D/Binaries/Win64/UE4Editor-PaperTiledImporter.dll (API version 3709383).
LogModuleManager: Display: Found up-to-date module file ../../../Engine/Plugins/2D/Paper2D/Binaries/Win64/UE4Editor-SmartSnapping.dll (API version 3709383).
LogModuleManager: Display: Found up-to-date module file ../../../Engine/Plugins/Blendables/LightPropagationVolume/Binaries/Win64/UE4Editor-LightPropagationVolumeRuntime.dll (API version 3709383).
LogModuleManager: Display: Found up-to-date module file ../../../Engine/Plugins/Blendables/LightPropagationVolume/Binaries/Win64/UE4Editor-LightPropagationVolumeEditor.dll (API version 3709383).
LogModuleManager: Display: Found up-to-date module file ../../../Engine/Plugins/Developer/GitSourceControl/Binaries/Win64/UE4Editor-GitSourceControl.dll (API version 3709383).
LogModuleManager: Display: Found up-to-date module file ../../../Engine/Plugins/Developer/PerforceSourceControl/Binaries/Win64/UE4Editor-PerforceSourceControl.dll (API version 3709383).
LogModuleManager: Display: Found up-to-date module file ../../../Engine/Plugins/Developer/SubversionSourceControl/Binaries/Win64/UE4Editor-SubversionSourceControl.dll (API version 3709383).
LogModuleManager: Display: Found up-to-date module file ../../../Engine/Plugins/Developer/UObjectPlugin/Binaries/Win64/UE4Editor-UObjectPlugin.dll (API version 3709383).
LogModuleManager: Display: Found up-to-date module file ../../../Engine/Plugins/Developer/VisualStudioCodeSourceCodeAccess/Binaries/Win64/UE4Editor-VisualStudioCodeSourceCodeAccess.dll (API version 3709383).
LogModuleManager: Display: Found up-to-date module file ../../../Engine/Plugins/Developer/VisualStudioSourceCodeAccess/Binaries/Win64/UE4Editor-VisualStudioSourceCodeAccess.dll (API version 3709383).
LogModuleManager: Display: Found up-to-date module file ../../../Engine/Plugins/Editor/AssetManagerEditor/Binaries/Win64/UE4Editor-AssetManagerEditor.dll (API version 3709383).
LogModuleManager: Display: Found up-to-date module file ../../../Engine/Plugins/Editor/AudioCapture/Binaries/Win64/UE4Editor-AudioCapture.dll (API version 3709383).
LogModuleManager: Display: Found up-to-date module file ../../../Engine/Plugins/Editor/FacialAnimation/Binaries/Win64/UE4Editor-FacialAnimation.dll (API version 3709383).
LogModuleManager: Display: Found up-to-date module file ../../../Engine/Plugins/Editor/FacialAnimation/Binaries/Win64/UE4Editor-FacialAnimationEditor.dll (API version 3709383).
LogModuleManager: Display: Found up-to-date module file ../../../Engine/Plugins/Editor/GameplayTagsEditor/Binaries/Win64/UE4Editor-GameplayTagsEditor.dll (API version 3709383).
LogModuleManager: Display: Found up-to-date module file ../../../Engine/Plugins/Editor/MobileLauncherProfileWizard/Binaries/Win64/UE4Editor-MobileLauncherProfileWizard.dll (API version 3709383).
LogModuleManager: Display: Found up-to-date module file ../../../Engine/Plugins/Editor/PluginBrowser/Binaries/Win64/UE4Editor-PluginBrowser.dll (API version 3709383).
LogModuleManager: Display: Found up-to-date module file ../../../Engine/Plugins/Editor/SpeedTreeImporter/Binaries/Win64/UE4Editor-SpeedTreeImporter.dll (API version 3709383).
LogModuleManager: Display: Found up-to-date module file ../../../Engine/Plugins/Experimental/AlembicImporter/Binaries/Win64/UE4Editor-AlembicImporter.dll (API version 3709383).
LogModuleManager: Display: Found up-to-date module file ../../../Engine/Plugins/Experimental/AlembicImporter/Binaries/Win64/UE4Editor-AlembicLibrary.dll (API version 3709383).
LogModuleManager: Display: Found up-to-date module file ../../../Engine/Plugins/Experimental/CharacterAI/Binaries/Win64/UE4Editor-CharacterAI.dll (API version 3709383).
LogModuleManager: Display: Found up-to-date module file ../../../Engine/Plugins/Experimental/HTML5Networking/Binaries/Win64/UE4Editor-HTML5Networking.dll (API version 3709383).
LogModuleManager: Display: Found up-to-date module file ../../../Engine/Plugins/Media/AndroidMedia/Binaries/Win64/UE4Editor-AndroidMediaEditor.dll (API version 3709383).
LogModuleManager: Display: Found up-to-date module file ../../../Engine/Plugins/Media/AndroidMedia/Binaries/Win64/UE4Editor-AndroidMediaFactory.dll (API version 3709383).
LogModuleManager: Display: Found up-to-date module file ../../../Engine/Plugins/Media/AvfMedia/Binaries/Win64/UE4Editor-AvfMediaEditor.dll (API version 3709383).
LogModuleManager: Display: Found up-to-date module file ../../../Engine/Plugins/Media/AvfMedia/Binaries/Win64/UE4Editor-AvfMediaFactory.dll (API version 3709383).
LogModuleManager: Display: Found up-to-date module file ../../../Engine/Plugins/Media/AvfMedia/Binaries/Win64/UE4Editor-AvfMediaFactory.dll (API version 3709383).
LogModuleManager: Display: Found up-to-date module file ../../../Engine/Plugins/Media/ImgMedia/Binaries/Win64/UE4Editor-ImgMedia.dll (API version 3709383).
LogModuleManager: Display: Found up-to-date module file ../../../Engine/Plugins/Media/ImgMedia/Binaries/Win64/UE4Editor-ImgMediaEditor.dll (API version 3709383).
LogModuleManager: Display: Found up-to-date module file ../../../Engine/Plugins/Media/ImgMedia/Binaries/Win64/UE4Editor-ImgMediaFactory.dll (API version 3709383).
LogModuleManager: Display: Found up-to-date module file ../../../Engine/Plugins/Media/ImgMedia/Binaries/Win64/UE4Editor-ImgMediaFactory.dll (API version 3709383).
LogModuleManager: Display: Found up-to-date module file ../../../Engine/Plugins/Media/ImgMedia/Binaries/Win64/UE4Editor-OpenExrWrapper.dll (API version 3709383).
LogModuleManager: Display: Found up-to-date module file ../../../Engine/Plugins/Media/MediaCompositing/Binaries/Win64/UE4Editor-MediaCompositing.dll (API version 3709383).
LogModuleManager: Display: Found up-to-date module file ../../../Engine/Plugins/Media/MediaCompositing/Binaries/Win64/UE4Editor-MediaCompositingEditor.dll (API version 3709383).
LogModuleManager: Display: Found up-to-date module file ../../../Engine/Plugins/Media/MediaPlayerEditor/Binaries/Win64/UE4Editor-MediaPlayerEditor.dll (API version 3709383).
LogModuleManager: Display: Found up-to-date module file ../../../Engine/Plugins/Media/WmfMedia/Binaries/Win64/UE4Editor-WmfMedia.dll (API version 3709383).
LogModuleManager: Display: Found up-to-date module file ../../../Engine/Plugins/Media/WmfMedia/Binaries/Win64/UE4Editor-WmfMediaEditor.dll (API version 3709383).
LogModuleManager: Display: Found up-to-date module file ../../../Engine/Plugins/Media/WmfMedia/Binaries/Win64/UE4Editor-WmfMediaFactory.dll (API version 3709383).
LogModuleManager: Display: Found up-to-date module file ../../../Engine/Plugins/Media/WmfMedia/Binaries/Win64/UE4Editor-WmfMediaFactory.dll (API version 3709383).
LogModuleManager: Display: Found up-to-date module file ../../../Engine/Plugins/Messaging/TcpMessaging/Binaries/Win64/UE4Editor-TcpMessaging.dll (API version 3709383).
LogModuleManager: Display: Found up-to-date module file ../../../Engine/Plugins/Messaging/UdpMessaging/Binaries/Win64/UE4Editor-UdpMessaging.dll (API version 3709383).
LogModuleManager: Display: Found up-to-date module file ../../../Engine/Plugins/MovieScene/ActorSequence/Binaries/Win64/UE4Editor-ActorSequence.dll (API version 3709383).
LogModuleManager: Display: Found up-to-date module file ../../../Engine/Plugins/MovieScene/LevelSequenceEditor/Binaries/Win64/UE4Editor-LevelSequenceEditor.dll (API version 3709383).
LogModuleManager: Display: Found up-to-date module file ../../../Engine/Plugins/MovieScene/MatineeToLevelSequence/Binaries/Win64/UE4Editor-MatineeToLevelSequence.dll (API version 3709383).
LogModuleManager: Display: Found up-to-date module file ../../../Engine/Plugins/Online/OnlineSubsystem/Binaries/Win64/UE4Editor-OnlineSubsystem.dll (API version 3709383).
LogModuleManager: Display: Found up-to-date module file ../../../Engine/Plugins/Runtime/AndroidPermission/Binaries/Win64/UE4Editor-AndroidPermission.dll (API version 3709383).
LogModuleManager: Display: Found up-to-date module file ../../../Engine/Plugins/Online/OnlineSubsystemNull/Binaries/Win64/UE4Editor-OnlineSubsystemNull.dll (API version 3709383).
LogModuleManager: Display: Found up-to-date module file ../../../Engine/Plugins/Online/OnlineSubsystemUtils/Binaries/Win64/UE4Editor-OnlineSubsystemUtils.dll (API version 3709383).
LogModuleManager: Display: Found up-to-date module file ../../../Engine/Plugins/Online/OnlineSubsystemUtils/Binaries/Win64/UE4Editor-OnlineBlueprintSupport.dll (API version 3709383).
LogModuleManager: Display: Found up-to-date module file ../../../Engine/Plugins/Runtime/AndroidDeviceProfileSelector/Binaries/Win64/UE4Editor-AndroidDeviceProfileSelector.dll (API version 3709383).
LogModuleManager: Display: Found up-to-date module file ../../../Engine/Plugins/Runtime/AppleARKit/Binaries/Win64/UE4Editor-AppleARKit.dll (API version 3709383).
LogModuleManager: Display: Found up-to-date module file ../../../Engine/Plugins/Runtime/ArchVisCharacter/Binaries/Win64/UE4Editor-ArchVisCharacter.dll (API version 3709383).
LogModuleManager: Display: Found up-to-date module file ../../../Engine/Plugins/Runtime/CableComponent/Binaries/Win64/UE4Editor-CableComponent.dll (API version 3709383).
LogModuleManager: Display: Found up-to-date module file ../../../Engine/Plugins/Runtime/CustomMeshComponent/Binaries/Win64/UE4Editor-CustomMeshComponent.dll (API version 3709383).
LogModuleManager: Display: Found up-to-date module file ../../../Engine/Plugins/Runtime/ExampleDeviceProfileSelector/Binaries/Win64/UE4Editor-ExampleDeviceProfileSelector.dll (API version 3709383).
LogModuleManager: Display: Found up-to-date module file ../../../Engine/Plugins/Runtime/ImmediatePhysics/Binaries/Win64/UE4Editor-ImmediatePhysics.dll (API version 3709383).
LogModuleManager: Display: Found up-to-date module file ../../../Engine/Plugins/Runtime/ImmediatePhysics/Binaries/Win64/UE4Editor-ImmediatePhysicsEditor.dll (API version 3709383).
LogModuleManager: Display: Found up-to-date module file ../../../Engine/Plugins/Runtime/LocationServicesBPLibrary/Binaries/Win64/UE4Editor-LocationServicesBPLibrary.dll (API version 3709383).
LogModuleManager: Display: Found up-to-date module file ../../../Engine/Plugins/Runtime/MobilePatchingUtils/Binaries/Win64/UE4Editor-MobilePatchingUtils.dll (API version 3709383).
LogModuleManager: Display: Found up-to-date module file ../../../Engine/Plugins/Runtime/Oculus/OculusVR/Binaries/Win64/UE4Editor-OculusHMD.dll (API version 3709383).
LogModuleManager: Display: Found up-to-date module file ../../../Engine/Plugins/Runtime/Oculus/OculusVR/Binaries/Win64/UE4Editor-OculusInput.dll (API version 3709383).
LogModuleManager: Display: Found up-to-date module file ../../../Engine/Plugins/Runtime/Oculus/OculusVR/Binaries/Win64/UE4Editor-OculusEditor.dll (API version 3709383).
LogModuleManager: Display: Found up-to-date module file ../../../Engine/Plugins/Runtime/PhysXVehicles/Binaries/Win64/UE4Editor-PhysXVehicles.dll (API version 3709383).
LogModuleManager: Display: Found up-to-date module file ../../../Engine/Plugins/Runtime/PhysXVehicles/Binaries/Win64/UE4Editor-PhysXVehiclesEditor.dll (API version 3709383).
LogModuleManager: Display: Found up-to-date module file ../../../Engine/Plugins/Runtime/ProceduralMeshComponent/Binaries/Win64/UE4Editor-ProceduralMeshComponent.dll (API version 3709383).
LogModuleManager: Display: Found up-to-date module file ../../../Engine/Plugins/Runtime/ProceduralMeshComponent/Binaries/Win64/UE4Editor-ProceduralMeshComponentEditor.dll (API version 3709383).
LogModuleManager: Display: Found up-to-date module file ../../../Engine/Plugins/Runtime/RuntimePhysXCooking/Binaries/Win64/UE4Editor-RuntimePhysXCooking.dll (API version 3709383).
LogModuleManager: Display: Found up-to-date module file ../../../Engine/Plugins/Runtime/Steam/SteamVR/Binaries/Win64/UE4Editor-SteamVR.dll (API version 3709383).
LogModuleManager: Display: Found up-to-date module file ../../../Engine/Plugins/Runtime/Steam/SteamVR/Binaries/Win64/UE4Editor-SteamVRController.dll (API version 3709383).
LogModuleManager: Display: Found up-to-date module file ../../../Engine/Plugins/Runtime/WindowsMoviePlayer/Binaries/Win64/UE4Editor-WindowsMoviePlayer.dll (API version 3709383).
LogPluginManager: Mounting plugin Paper2D
LogPluginManager: Mounting plugin LightPropagationVolume
LogPluginManager: Mounting plugin CodeLiteSourceCodeAccess
LogPluginManager: Mounting plugin GitSourceControl
LogPluginManager: Mounting plugin KDevelopSourceCodeAccess
LogPluginManager: Mounting plugin NullSourceCodeAccess
LogPluginManager: Mounting plugin PerforceSourceControl
LogPluginManager: Mounting plugin SubversionSourceControl
LogPluginManager: Mounting plugin UObjectPlugin
LogPluginManager: Mounting plugin VisualStudioCodeSourceCodeAccess
LogPluginManager: Mounting plugin VisualStudioSourceCodeAccess
LogPluginManager: Mounting plugin XCodeSourceCodeAccess
LogPluginManager: Mounting plugin AssetManagerEditor
LogPluginManager: Mounting plugin AudioCapture
LogPluginManager: Mounting plugin FacialAnimation
LogPluginManager: Mounting plugin GameplayTagsEditor
LogPluginManager: Mounting plugin MobileLauncherProfileWizard
LogPluginManager: Mounting plugin PluginBrowser
LogPluginManager: Mounting plugin SpeedTreeImporter
LogPluginManager: Mounting plugin AlembicImporter
LogPluginManager: Mounting plugin CharacterAI
LogPluginManager: Mounting plugin HTML5Networking
LogPluginManager: Mounting plugin AndroidMedia
LogPluginManager: Mounting plugin AvfMedia
LogPluginManager: Mounting plugin ImgMedia
LogPluginManager: Mounting plugin MediaCompositing
LogPluginManager: Mounting plugin MediaPlayerEditor
LogPluginManager: Mounting plugin WmfMedia
LogPluginManager: Mounting plugin TcpMessaging
LogPluginManager: Mounting plugin UdpMessaging
LogPluginManager: Mounting plugin ActorSequence
LogPluginManager: Mounting plugin LevelSequenceEditor
LogPluginManager: Mounting plugin MatineeToLevelSequence
LogPluginManager: Mounting plugin OnlineSubsystemGooglePlay
LogPluginManager: Mounting plugin OnlineSubsystemIOS
LogPluginManager: Mounting plugin OnlineSubsystem
LogPluginManager: Mounting plugin OnlineSubsystemNull
LogPluginManager: Mounting plugin OnlineSubsystemUtils
LogPluginManager: Mounting plugin AndroidDeviceProfileSelector
LogPluginManager: Mounting plugin AndroidMoviePlayer
LogPluginManager: Mounting plugin AndroidPermission
LogPluginManager: Mounting plugin AppleARKit
LogPluginManager: Mounting plugin AppleMoviePlayer
LogPluginManager: Mounting plugin ArchVisCharacter
LogPluginManager: Mounting plugin CableComponent
LogPluginManager: Mounting plugin CustomMeshComponent
LogPluginManager: Mounting plugin ExampleDeviceProfileSelector
LogPluginManager: Mounting plugin GoogleCloudMessaging
LogPluginManager: Mounting plugin ImmediatePhysics
LogPluginManager: Mounting plugin IOSDeviceProfileSelector
LogPluginManager: Mounting plugin LinuxDeviceProfileSelector
LogPluginManager: Mounting plugin LocationServicesBPLibrary
LogPluginManager: Mounting plugin MobilePatchingUtils
LogPluginManager: Mounting plugin OculusVR
LogPluginManager: Plugin shader directory ../../../Engine/Plugins/Runtime/Oculus/OculusVR/Shaders found
LogPluginManager: Mapping shader source directory ../../../Engine/Plugins/Runtime/Oculus/OculusVR/Shaders to virtual directory /Plugin/OculusVR
LogPluginManager: Mounting plugin PhysXVehicles
LogPluginManager: Mounting plugin ProceduralMeshComponent
LogPluginManager: Mounting plugin RuntimePhysXCooking
LogPluginManager: Mounting plugin SteamVR
LogPluginManager: Mounting plugin WindowsMoviePlayer
LogInit: Using libcurl 7.47.1
LogInit:  - built for x86_64-pc-win32
LogInit:  - supports SSL with OpenSSL/1.0.2g
LogInit:  - supports HTTP deflate (compression) using libz 1.2.8
LogInit:  - other features:
LogInit:      CURL_VERSION_SSL
LogInit:      CURL_VERSION_LIBZ
LogInit:      CURL_VERSION_IPV6
LogInit:      CURL_VERSION_ASYNCHDNS
LogInit:      CURL_VERSION_LARGEFILE
LogInit:      CURL_VERSION_IDN
LogInit:  CurlRequestOptions (configurable via config and command line):
LogInit:  - bVerifyPeer = false  - Libcurl will NOT verify peer certificate
LogInit:  - bUseHttpProxy = false  - Libcurl will NOT use HTTP proxy
LogInit:  - bDontReuseConnections = false  - Libcurl will reuse connections
LogInit:  - CertBundlePath = nullptr  - Libcurl will use whatever was configured at build time.
LogInit: Build: ++UE4+Release-4.18-CL-3754814
LogInit: Engine Version: 4.18.1-3754814+++UE4+Release-4.18
LogInit: Compatible Engine Version: 4.18.0-3709383+++UE4+Release-4.18
LogInit: Net CL: 3709383
LogDevObjectVersion: Number of dev versions registered: 16
LogDevObjectVersion:   Dev-Blueprints (B0D832E4-1F89-4F0D-ACCF-7EB736FD4AA2): 10
LogDevObjectVersion:   Dev-Build (E1C64328-A22C-4D53-A36C-8E866417BD8C): 0
LogDevObjectVersion:   Dev-Core (375EC13C-06E4-48FB-B500-84F0262A717E): 2
LogDevObjectVersion:   Dev-Editor (E4B068ED-F494-42E9-A231-DA0B2E46BB41): 20
LogDevObjectVersion:   Dev-Framework (CFFC743F-43B0-4480-9391-14DF171D2073): 30
LogDevObjectVersion:   Dev-Mobile (B02B49B5-BB20-44E9-A304-32B752E40360): 0
LogDevObjectVersion:   Dev-Networking (A4E4105C-59A1-49B5-A7C5-40C4547EDFEE): 0
LogDevObjectVersion:   Dev-Online (39C831C9-5AE6-47DC-9A44-9C173E1C8E7C): 0
LogDevObjectVersion:   Dev-Physics (78F01B33-EBEA-4F98-B9B4-84EACCB95AA2): 0
LogDevObjectVersion:   Dev-Platform (6631380F-2D4D-43E0-8009-CF276956A95A): 0
LogDevObjectVersion:   Dev-Rendering (12F88B9F-8875-4AFC-A67C-D90C383ABD29): 20
LogDevObjectVersion:   Dev-Sequencer (7B5AE74C-D270-4C10-A958-57980B212A5A): 4
LogDevObjectVersion:   Dev-VR (D7296918-1DD6-4BDD-9DE2-64A83CC13884): 0
LogDevObjectVersion:   Dev-LoadTimes (C2A15278-BFE7-4AFE-6C17-90FF531DF755): 1
LogDevObjectVersion:   Private-Geometry (6EACA3D4-40EC-4CC1-B786-8BED09428FC5): 1
LogDevObjectVersion:   Dev-AnimPhys (29E575DD-E0A3-4627-9D10-D276232CDCEA): 12
LogInit: Compiled (64-bit): Nov 14 2017 02:05:55
LogInit: Compiled with Visual C++: 19.00.24215.01
LogInit: Build Configuration: Development
LogInit: Branch Name: ++UE4+Release-4.18
LogInit: Command line:  
LogInit: Base directory: C:/Program Files/Epic Games/UE_4.18/Engine/Binaries/Win64/
LogInit: Installed Engine Build: 1
LogInit: Presizing for max 8388607 objects, including 0 objects not considered by GC, pre-allocating 0 bytes for permanent pool.
LogInit: Object subsystem initialized
[2017.12.04-05.28.12:051][  0]LogInit: Selected Device Profile: [Windows]
[2017.12.04-05.28.12:051][  0]LogInit: Applying CVar settings loaded from the selected device profile: [Windows]
[2017.12.04-05.28.12:070][  0]LogInit: Computer: DESKTOP-OEP2RU7
[2017.12.04-05.28.12:070][  0]LogInit: User: Tyson
[2017.12.04-05.28.12:070][  0]LogInit: CPU Page size=4096, Cores=4
[2017.12.04-05.28.12:070][  0]LogInit: High frequency timer resolution =3.429536 MHz
[2017.12.04-05.28.12:071][  0]LogMemory: Memory total: Physical=15.9GB (16GB approx)
[2017.12.04-05.28.12:071][  0]LogMemory: Platform Memory Stats for Windows
[2017.12.04-05.28.12:071][  0]LogMemory: Process Physical Memory: 280.60 MB used, 280.60 MB peak
[2017.12.04-05.28.12:071][  0]LogMemory: Process Virtual Memory: 276.34 MB used, 276.34 MB peak
[2017.12.04-05.28.12:071][  0]LogMemory: Physical Memory: 4945.27 MB used,  11337.07 MB free, 16282.34 MB total
[2017.12.04-05.28.12:071][  0]LogMemory: Virtual Memory: 736.69 MB used,  11337.07 MB free, 134217728.00 MB total
[2017.12.04-05.28.12:378][  0]LogInit: Using OS detected language (en-US).
[2017.12.04-05.28.12:378][  0]LogInit: Using OS detected locale (en-US).
[2017.12.04-05.28.12:383][  0]LogTextLocalizationManager: No specific localization for 'en-US' exists, so the 'en' localization will be used.
[2017.12.04-05.28.12:950][  0]LogInit: Setting process to per monitor DPI aware
[2017.12.04-05.28.13:351][  0]LogD3D11RHI: D3D11 adapters:
[2017.12.04-05.28.13:439][  0]LogD3D11RHI:    0. 'NVIDIA GeForce GTX 1070' (Feature Level 11_0)
[2017.12.04-05.28.13:439][  0]LogD3D11RHI:       8096/0/8141 MB DedicatedVideo/DedicatedSystem/SharedSystem, Outputs:2, VendorId:0x10de
[2017.12.04-05.28.13:442][  0]LogD3D11RHI:    1. 'Microsoft Basic Render Driver' (Feature Level 11_0)
[2017.12.04-05.28.13:442][  0]LogD3D11RHI:       0/0/8141 MB DedicatedVideo/DedicatedSystem/SharedSystem, Outputs:0, VendorId:0x1414
[2017.12.04-05.28.13:442][  0]LogD3D11RHI: Chosen D3D11 Adapter: 0
[2017.12.04-05.28.13:451][  0]LogD3D11RHI: Creating new Direct3DDevice
[2017.12.04-05.28.13:451][  0]LogD3D11RHI:     GPU DeviceId: 0x1b81 (for the marketing name, search the web for "GPU Device Id")
[2017.12.04-05.28.13:451][  0]LogWindows: EnumDisplayDevices:
[2017.12.04-05.28.13:451][  0]LogWindows:    0. 'NVIDIA GeForce GTX 1070' (P:0 D:1)
[2017.12.04-05.28.13:452][  0]LogWindows:    1. 'NVIDIA GeForce GTX 1070' (P:1 D:1)
[2017.12.04-05.28.13:452][  0]LogWindows:    2. 'NVIDIA GeForce GTX 1070' (P:0 D:0)
[2017.12.04-05.28.13:452][  0]LogWindows:    3. 'NVIDIA GeForce GTX 1070' (P:0 D:0)
[2017.12.04-05.28.13:452][  0]LogWindows: DebugString: GetVideoDriverDetailsInvalid PrimaryIsNotTheChoosenAdapter GetVideoDriverDetailsInvalid PrimaryIsNotTheChoosenAdapter GetVideoDriverDetailsInvalid PrimaryIsNotTheChoosenAdapter GetVideoDriverDetailsInvalid PrimaryIsNotTheChoosenAdapter FoundDriverCount:0 
[2017.12.04-05.28.13:452][  0]LogD3D11RHI:     Adapter Name: NVIDIA GeForce GTX 1070
[2017.12.04-05.28.13:452][  0]LogD3D11RHI:   Driver Version: Unknown (internal:Unknown, unified:Unknown)
[2017.12.04-05.28.13:452][  0]LogD3D11RHI:      Driver Date: Unknown
[2017.12.04-05.28.13:452][  0]LogRHI: Texture pool is 5667 MB (70% of 8096 MB)
[2017.12.04-05.28.13:503][  0]LogD3D11RHI: Async texture creation enabled
[2017.12.04-05.28.13:539][  0]LogD3D11RHI: GPU Timing Frequency: 1000.000000 (Debug: 2 1)
[2017.12.04-05.28.13:639][  0]LogShaderCompilers: Guid format shader working directory is -24 characters bigger than the processId version (../../../../../../Users/Tyson/Desktop/Unreal/GitHubProjects/BowlerBall/Intermediate/Shaders/WorkingDirectory/6704/).
[2017.12.04-05.28.13:639][  0]LogShaderCompilers: Cleaned the shader compiler working directory 'C:/Users/Tyson/AppData/Local/Temp/UnrealShaderWorkingDir/1D9A0E1E4EE492245891EFAF7D24ECAE/'.
[2017.12.04-05.28.13:639][  0]LogShaderCompilers: Display: Using Local Shader Compiler.
[2017.12.04-05.28.15:181][  0]LogTemp: Display: Loaded TP AllDesktopTargetPlatform
[2017.12.04-05.28.15:277][  0]LogTemp: Display: Loaded TP MacClientTargetPlatform
[2017.12.04-05.28.15:372][  0]LogTemp: Display: Loaded TP MacNoEditorTargetPlatform
[2017.12.04-05.28.15:465][  0]LogTemp: Display: Loaded TP MacServerTargetPlatform
[2017.12.04-05.28.15:558][  0]LogTemp: Display: Loaded TP MacTargetPlatform
[2017.12.04-05.28.15:653][  0]LogTemp: Display: Loaded TP WindowsClientTargetPlatform
[2017.12.04-05.28.15:748][  0]LogTemp: Display: Loaded TP WindowsNoEditorTargetPlatform
[2017.12.04-05.28.15:846][  0]LogTemp: Display: Loaded TP WindowsServerTargetPlatform
[2017.12.04-05.28.15:932][  0]LogTemp: Display: Loaded TP WindowsTargetPlatform
[2017.12.04-05.28.16:027][  0]LogTemp: Display: Loaded TP Android_ASTCTargetPlatform
[2017.12.04-05.28.16:139][  0]LogTemp: Display: Loaded TP Android_ATCTargetPlatform
[2017.12.04-05.28.16:228][  0]LogTemp: Display: Loaded TP Android_DXTTargetPlatform
[2017.12.04-05.28.16:319][  0]LogTemp: Display: Loaded TP Android_ETC1TargetPlatform
[2017.12.04-05.28.16:422][  0]LogTemp: Display: Loaded TP Android_ETC2TargetPlatform
[2017.12.04-05.28.16:612][  0]LogTemp: Display: Loaded TP Android_MultiTargetPlatform
[2017.12.04-05.28.16:612][  0]LogTemp: Display: Loaded TP Android_PVRTCTargetPlatform
[2017.12.04-05.28.16:704][  0]LogTemp: Display: Loaded TP AndroidTargetPlatform
[2017.12.04-05.28.16:778][  0]LogTemp: Display: Loaded TP HTML5TargetPlatform
[2017.12.04-05.28.16:926][  0]LogTemp: Display: Loaded TP IOSTargetPlatform
[2017.12.04-05.28.16:975][  0]LogTemp: Display: Loaded TP TVOSTargetPlatform
[2017.12.04-05.28.17:070][  0]LogTemp: Display: Loaded TP LinuxClientTargetPlatform
[2017.12.04-05.28.17:174][  0]LogTemp: Display: Loaded TP LinuxNoEditorTargetPlatform
[2017.12.04-05.28.17:266][  0]LogTemp: Display: Loaded TP LinuxServerTargetPlatform
[2017.12.04-05.28.17:357][  0]LogTemp: Display: Loaded TP LinuxTargetPlatform
[2017.12.04-05.28.17:357][  0]LogTargetPlatformManager: Display: Building Assets For Windows
[2017.12.04-05.28.18:230][  0]LogDerivedDataCache: Display: Max Cache Size: 512 MB
[2017.12.04-05.28.18:399][  0]LogDerivedDataCache: Loaded boot cache 0.17s 78MB C:/Users/Tyson/AppData/Local/UnrealEngine/4.18/DerivedDataCache/Boot.ddc.
[2017.12.04-05.28.18:399][  0]LogDerivedDataCache: Display: Loaded Boot cache: C:/Users/Tyson/AppData/Local/UnrealEngine/4.18/DerivedDataCache/Boot.ddc
[2017.12.04-05.28.18:399][  0]LogDerivedDataCache: FDerivedDataBackendGraph:  Pak pak cache file ../../../../../../Users/Tyson/Desktop/Unreal/GitHubProjects/BowlerBall/DerivedDataCache/DDC.ddp not found, will not use a pak cache.
[2017.12.04-05.28.18:399][  0]LogDerivedDataCache: Unable to find inner node Pak for hierarchical cache Hierarchy.
[2017.12.04-05.28.18:399][  0]LogDerivedDataCache: FDerivedDataBackendGraph:  CompressedPak pak cache file ../../../../../../Users/Tyson/Desktop/Unreal/GitHubProjects/BowlerBall/DerivedDataCache/Compressed.ddp not found, will not use a pak cache.
[2017.12.04-05.28.18:399][  0]LogDerivedDataCache: Unable to find inner node CompressedPak for hierarchical cache Hierarchy.
[2017.12.04-05.28.18:422][  0]LogDerivedDataCache: Display: Pak cache opened for reading ../../../Engine/DerivedDataCache/Compressed.ddp.
[2017.12.04-05.28.18:435][  0]LogDerivedDataCache: Using Local data cache path C:/Users/Tyson/AppData/Local/UnrealEngine/Common/DerivedDataCache: Writable
[2017.12.04-05.28.18:452][  0]LogMaterial: Verifying Global Shaders for PCD3D_SM5
[2017.12.04-05.28.18:453][  0]LogSlate: Using Freetype 2.6.0
[2017.12.04-05.28.18:453][  0]LogSlate: SlateFontCache - WITH_FREETYPE: 1, WITH_HARFBUZZ: 1
[2017.12.04-05.28.18:453][  0]LogSlate: SlateFontCache - WITH_FREETYPE: 1, WITH_HARFBUZZ: 1
[2017.12.04-05.28.21:549][  0]LogInit: Selected Device Profile: [Windows]
[2017.12.04-05.28.23:300][  0]LogSimplygon: Simplygon DLL not present - disabling.
[2017.12.04-05.28.23:416][  0]LogMeshReduction: Using SimplygonSwarm for distributed automatic mesh merging
[2017.12.04-05.28.23:417][  0]LogMeshReduction: Using QuadricMeshReduction for automatic static mesh reduction
[2017.12.04-05.28.23:417][  0]LogMeshReduction: No automatic skeletal mesh reduction module available
[2017.12.04-05.28.23:417][  0]LogMeshReduction: No automatic mesh merging module available
[2017.12.04-05.28.23:417][  0]LogMeshMerging: No automatic mesh merging module available
[2017.12.04-05.28.23:769][  0]LogNetVersion: BowlerBall , NetCL: 3709383, EngineNetVer: 2, GameNetVer: 0 (Checksum: 1227897878)
[2017.12.04-05.28.25:193][  0]LogAssetRegistry: FAssetRegistry took 0.0346 seconds to start up
[2017.12.04-05.28.30:205][  0]LogAssetRegistry: Error: Failed to open file for write ../../../../../../Users/Tyson/Desktop/Unreal/GitHubProjects/BowlerBall/Intermediate/AssetRegistryCache/5a627529.bin
[2017.12.04-05.28.30:223][  0]LogAssetRegistry: Error: Failed to open file for write ../../../../../../Users/Tyson/Desktop/Unreal/GitHubProjects/BowlerBall/Intermediate/AssetRegistryCache/2657c409.bin
[2017.12.04-05.28.30:248][  0]LogAssetRegistry: Error: Failed to open file for write ../../../../../../Users/Tyson/Desktop/Unreal/GitHubProjects/BowlerBall/Intermediate/AssetRegistryCache/94c5d5a7.bin
[2017.12.04-05.28.30:269][  0]LogAssetRegistry: Error: Failed to open file for write ../../../../../../Users/Tyson/Desktop/Unreal/GitHubProjects/BowlerBall/Intermediate/AssetRegistryCache/52ed2538.bin
[2017.12.04-05.28.30:276][  0]LogFileManager: Warning: MoveFile was unable to move '../../../../../../Users/Tyson/Desktop/Unreal/GitHubProjects/BowlerBall/Intermediate/AssetRegistryCache/50d6f4e0.bin.tmp' to '../../../../../../Users/Tyson/Desktop/Unreal/GitHubProjects/BowlerBall/Intermediate/AssetRegistryCache/50d6f4e0.bin', retrying in .5s...
[2017.12.04-05.28.30:776][  0]LogFileManager: Warning: MoveFile was unable to move '../../../../../../Users/Tyson/Desktop/Unreal/GitHubProjects/BowlerBall/Intermediate/AssetRegistryCache/50d6f4e0.bin.tmp' to '../../../../../../Users/Tyson/Desktop/Unreal/GitHubProjects/BowlerBall/Intermediate/AssetRegistryCache/50d6f4e0.bin', retrying in .5s...
[2017.12.04-05.28.31:277][  0]LogFileManager: Warning: MoveFile was unable to move '../../../../../../Users/Tyson/Desktop/Unreal/GitHubProjects/BowlerBall/Intermediate/AssetRegistryCache/50d6f4e0.bin.tmp' to '../../../../../../Users/Tyson/Desktop/Unreal/GitHubProjects/BowlerBall/Intermediate/AssetRegistryCache/50d6f4e0.bin', retrying in .5s...
[2017.12.04-05.28.31:777][  0]LogFileManager: Warning: MoveFile was unable to move '../../../../../../Users/Tyson/Desktop/Unreal/GitHubProjects/BowlerBall/Intermediate/AssetRegistryCache/50d6f4e0.bin.tmp' to '../../../../../../Users/Tyson/Desktop/Unreal/GitHubProjects/BowlerBall/Intermediate/AssetRegistryCache/50d6f4e0.bin', retrying in .5s...
[2017.12.04-05.28.32:278][  0]LogFileManager: Warning: MoveFile was unable to move '../../../../../../Users/Tyson/Desktop/Unreal/GitHubProjects/BowlerBall/Intermediate/AssetRegistryCache/50d6f4e0.bin.tmp' to '../../../../../../Users/Tyson/Desktop/Unreal/GitHubProjects/BowlerBall/Intermediate/AssetRegistryCache/50d6f4e0.bin', retrying in .5s...
[2017.12.04-05.28.32:779][  0]LogFileManager: Warning: MoveFile was unable to move '../../../../../../Users/Tyson/Desktop/Unreal/GitHubProjects/BowlerBall/Intermediate/AssetRegistryCache/50d6f4e0.bin.tmp' to '../../../../../../Users/Tyson/Desktop/Unreal/GitHubProjects/BowlerBall/Intermediate/AssetRegistryCache/50d6f4e0.bin', retrying in .5s...
[2017.12.04-05.28.33:280][  0]LogFileManager: Warning: MoveFile was unable to move '../../../../../../Users/Tyson/Desktop/Unreal/GitHubProjects/BowlerBall/Intermediate/AssetRegistryCache/50d6f4e0.bin.tmp' to '../../../../../../Users/Tyson/Desktop/Unreal/GitHubProjects/BowlerBall/Intermediate/AssetRegistryCache/50d6f4e0.bin', retrying in .5s...
[2017.12.04-05.28.33:781][  0]LogFileManager: Warning: MoveFile was unable to move '../../../../../../Users/Tyson/Desktop/Unreal/GitHubProjects/BowlerBall/Intermediate/AssetRegistryCache/50d6f4e0.bin.tmp' to '../../../../../../Users/Tyson/Desktop/Unreal/GitHubProjects/BowlerBall/Intermediate/AssetRegistryCache/50d6f4e0.bin', retrying in .5s...
[2017.12.04-05.28.34:282][  0]LogFileManager: Warning: MoveFile was unable to move '../../../../../../Users/Tyson/Desktop/Unreal/GitHubProjects/BowlerBall/Intermediate/AssetRegistryCache/50d6f4e0.bin.tmp' to '../../../../../../Users/Tyson/Desktop/Unreal/GitHubProjects/BowlerBall/Intermediate/AssetRegistryCache/50d6f4e0.bin', retrying in .5s...
[2017.12.04-05.28.34:782][  0]LogFileManager: Warning: MoveFile was unable to move '../../../../../../Users/Tyson/Desktop/Unreal/GitHubProjects/BowlerBall/Intermediate/AssetRegistryCache/50d6f4e0.bin.tmp' to '../../../../../../Users/Tyson/Desktop/Unreal/GitHubProjects/BowlerBall/Intermediate/AssetRegistryCache/50d6f4e0.bin', retrying in .5s...
[2017.12.04-05.28.35:283][  0]LogFileManager: Error: Error moving file '../../../../../../Users/Tyson/Desktop/Unreal/GitHubProjects/BowlerBall/Intermediate/AssetRegistryCache/50d6f4e0.bin.tmp' to '../../../../../../Users/Tyson/Desktop/Unreal/GitHubProjects/BowlerBall/Intermediate/AssetRegistryCache/50d6f4e0.bin'.
[2017.12.04-05.28.35:318][  0]LogPackageLocalizationCache: Processed 7 localized package path(s) for 2 prioritized culture(s) in 5.119042 seconds
[2017.12.04-05.28.35:326][  0]LogUObjectArray: 35900 objects as part of root set at end of initial load.
[2017.12.04-05.28.35:326][  0]LogUObjectAllocator: 7372016 out of 0 bytes used by permanent object pool.
[2017.12.04-05.28.35:326][  0]LogUObjectArray: CloseDisregardForGC: 0/0 objects in disregard for GC pool
[2017.12.04-05.28.35:428][  0]LogInit: WinSock: version 1.1 (2.2), MaxSocks=32767, MaxUdp=65467
[2017.12.04-05.29.01:114][  0]LogTcpMessaging: Initializing TcpMessaging bridge
[2017.12.04-05.29.01:213][  0]LogUdpMessaging: Initializing bridge on interface 0.0.0.0:0 to multicast group 230.0.0.1:6666.
[2017.12.04-05.29.03:572][  0]LogMaterial: Uniform references updated for custom material expression Custom.
[2017.12.04-05.29.05:341][  0]SourceControl: Source control is disabled
[2017.12.04-05.29.09:096][  0]LogAndroidPermission: UAndroidPermissionCallbackProxy::GetInstance
[2017.12.04-05.29.09:779][  0]LogOcInput: OculusInput pre-init called
[2017.12.04-05.29.11:000][  0]LogEngine: Initializing Engine...
[2017.12.04-05.29.11:043][  0]LogHMD: Oculus plugin initialized. Version: 4.18.1-3754814+++UE4+Release-4.18, OVRPlugin: 1.19.0
[2017.12.04-05.29.12:289][  0]LogStats: UGameplayTagsManager::ConstructGameplayTagTree: Construct from data asset -  0.000 s
[2017.12.04-05.29.12:290][  0]LogStats: UGameplayTagsManager::ConstructGameplayTagTree: GameplayTagTreeChangedEvent.Broadcast -  0.000 s
[2017.12.04-05.29.12:771][  0]LogAIModule: Creating AISystem for world Untitled
[2017.12.04-05.29.12:836][  0]LogInit: XAudio2 using 'Speakers (Realtek High Definition Audio)' : 2 channels at 48 kHz using 32 bits per sample (channel mask 0x3)
[2017.12.04-05.29.12:868][  0]LogInit: FAudioDevice initialized.
[2017.12.04-05.29.12:893][  0]LogDerivedDataCache: Error: Could not save memory cache C:/Users/Tyson/AppData/Local/UnrealEngine/4.18/DerivedDataCache/Boot.ddc.
[2017.12.04-05.29.12:924][  0]LogInit: Texture streaming: Enabled
[2017.12.04-05.29.13:457][  0]LogEngineSessionManager: EngineSessionManager initialized
[2017.12.04-05.29.13:911][  0]LogInit: Transaction tracking system initialized
[2017.12.04-05.29.14:956][  0]BlueprintLog: New page: Editor Load
[2017.12.04-05.29.17:915][  0]LocalizationService: Localization service is disabled
[2017.12.04-05.29.20:547][  0]LogConsoleResponse: Display: 
[2017.12.04-05.29.23:913][  0]LogFileCache: Scanning file cache for directory 'C:/Users/Tyson/Desktop/Unreal/GitHubProjects/BowlerBall/Content/' took 0.02s
[2017.12.04-05.29.23:913][  0]LogCook: Display: Max memory allowance for cook 16384mb min free memory 0mb
[2017.12.04-05.29.23:913][  0]LogCook: Display: Mobile HDR setting 1
[2017.12.04-05.29.23:913][  0]LogGameplayTags: Display: UGameplayTagsManager::DoneAddingNativeTags. DelegateIsBound: 0
[2017.12.04-05.29.27:878][  0]Cmd: MAP LOAD FILE="../../../../../../Users/Tyson/Desktop/Unreal/GitHubProjects/BowlerBall/Content/Maps/TestPlatform.umap" TEMPLATE=0 SHOWPROGRESS=1 FEATURELEVEL=3
[2017.12.04-05.29.27:915][  0]LightingResults: New page: Lighting Build
[2017.12.04-05.29.28:042][  0]MapCheck: New page: Map Check
[2017.12.04-05.29.28:042][  0]LightingResults: New page: Lighting Build
[2017.12.04-05.29.29:480][  0]LogAIModule: Creating AISystem for world TestPlatform
[2017.12.04-05.29.29:913][  0]LogEditorServer: Finished looking for orphan Actors (0.000 secs)
[2017.12.04-05.29.30:004][  0]Cmd: MAP CHECKDEP NOCLEARLOG
[2017.12.04-05.29.30:150][  0]MapCheck: Map check complete: 0 Error(s), 0 Warning(s), took 136.809ms to complete.
[2017.12.04-05.29.30:150][  0]LogFileHelpers: Loading map 'TestPlatform' took 2.271
[2017.12.04-05.29.31:882][  0]LogCollectionManager: Loaded 0 collections in 0.003664 seconds
[2017.12.04-05.29.32:155][  0]LogFileCache: Scanning file cache for directory 'C:/Users/Tyson/Desktop/Unreal/GitHubProjects/BowlerBall/Saved/Collections/' took 0.01s
[2017.12.04-05.29.32:155][  0]LogFileCache: Scanning file cache for directory 'C:/Users/Tyson/Desktop/Unreal/GitHubProjects/BowlerBall/Content/Developers/Tyson/Collections/' took 0.01s
[2017.12.04-05.29.32:155][  0]LogFileCache: Scanning file cache for directory 'C:/Users/Tyson/Desktop/Unreal/GitHubProjects/BowlerBall/Content/Collections/' took 0.01s
[2017.12.04-05.29.32:155][  0]LogCollectionManager: Rebuilt the GUID cache for 0 collections in 0.000000 seconds
[2017.12.04-05.29.32:171][  0]LogContentBrowser: Native class hierarchy populated in 0.0154 seconds. Added 2363 classes and 519 folders.
[2017.12.04-05.29.32:373][  0]LogContentBrowser: Native class hierarchy updated for 'WidgetCarousel' in 0.0003 seconds. Added 0 classes and 0 folders.
[2017.12.04-05.29.33:962][  0]LogContentBrowser: Native class hierarchy updated for 'AddContentDialog' in 0.0003 seconds. Added 0 classes and 0 folders.
[2017.12.04-05.29.34:121][  0]LogContentBrowser: Native class hierarchy updated for 'SceneOutliner' in 0.0003 seconds. Added 1 classes and 2 folders.
[2017.12.04-05.29.34:461][  0]LogSlate: Took 0.018922 seconds to synchronously load lazily loaded font '../../../Engine/Content/Slate/Fonts/Roboto-Regular.ttf' (155K)
[2017.12.04-05.29.34:480][  0]LogSlate: Took 0.016674 seconds to synchronously load lazily loaded font '../../../Engine/Content/Slate/Fonts/Roboto-Bold.ttf' (160K)
[2017.12.04-05.29.34:502][  0]LogSlate: Took 0.015629 seconds to synchronously load lazily loaded font '../../../Engine/Content/Editor/Slate/Fonts/FontAwesome.ttf' (139K)
[2017.12.04-05.29.35:028][  0]LogRenderer: Reallocating scene render targets to support 964x436 Format 10 NumSamples 1 (Frame:1).
[2017.12.04-05.29.35:590][  0]LogContentBrowser: Native class hierarchy updated for 'HierarchicalLODOutliner' in 0.0004 seconds. Added 1 classes and 2 folders.
[2017.12.04-05.29.35:590][  0]LogLoad: (Engine Initialization) Total time: 87.75 seconds
[2017.12.04-05.29.35:590][  0]LogLoad: (Engine Initialization) Total Blueprint compile time: 0.00 seconds
[2017.12.04-05.29.35:590][  0]LogExternalProfiler: No external profilers were discovered.  External profiling features will not be available.
[2017.12.04-05.29.35:600][  0]LogWindowsTextInputMethodSystem: Display: IME system now deactivated.
[2017.12.04-05.29.35:613][  0]LogOcInput: OculusInput is initialized
[2017.12.04-05.29.35:689][  0]SourceControl: On branch master
[2017.12.04-05.29.35:689][  0]SourceControl: Your branch is up to date with 'origin/master'.
[2017.12.04-05.29.35:689][  0]SourceControl: Changes not staged for commit:
[2017.12.04-05.29.35:689][  0]SourceControl:   (use "git add <file>..." to update what will be committed)
[2017.12.04-05.29.35:689][  0]SourceControl:   (use "git checkout -- <file>..." to discard changes in working directory)
[2017.12.04-05.29.35:689][  0]SourceControl: 	modified:   Intermediate/AssetRegistryCache/311563bb.bin
[2017.12.04-05.29.35:689][  0]SourceControl: 	modified:   Intermediate/AssetRegistryCache/c90e3f55.bin
[2017.12.04-05.29.35:690][  0]SourceControl: 	modified:   Intermediate/CachedAssetRegistry.bin
[2017.12.04-05.29.35:690][  0]SourceControl: 	modified:   Saved/AutoScreenshot.png
[2017.12.04-05.29.35:690][  0]SourceControl: 	modified:   Saved/Config/Windows/EditorPerProjectUserSettings.ini
[2017.12.04-05.29.35:690][  0]SourceControl: 	modified:   Saved/Config/Windows/Engine.ini
[2017.12.04-05.29.35:690][  0]SourceControl: 	modified:   Saved/Logs/BowlerBall.log
[2017.12.04-05.29.35:690][  0]SourceControl: 	modified:   Saved/Logs/BowlerBall_2.log
[2017.12.04-05.29.35:690][  0]SourceControl: Untracked files:
[2017.12.04-05.29.35:690][  0]SourceControl:   (use "git add <file>..." to include in what will be committed)
[2017.12.04-05.29.35:690][  0]SourceControl: 	Saved/Config/CrashReportClient/UE4CC-Windows-3F10788F4FC44683B0EA6185BBABCD30/
[2017.12.04-05.29.35:690][  0]SourceControl: 	Saved/Config/CrashReportClient/UE4CC-Windows-6382A97D4F6A490B05A9AEBEF86FD9F2/
[2017.12.04-05.29.35:690][  0]SourceControl: 	Saved/Config/CrashReportClient/UE4CC-Windows-9C82EC25409813372669D2A7481948AA/
[2017.12.04-05.29.35:690][  0]SourceControl: 	Saved/Config/CrashReportClient/UE4CC-Windows-D49858D44CAD3A94BB4EEE91BD1A173B/
[2017.12.04-05.29.35:690][  0]SourceControl: 	Saved/Logs/BowlerBall-backup-2017.12.03-14.53.18.log
[2017.12.04-05.29.35:690][  0]SourceControl: 	Saved/Logs/BowlerBall-backup-2017.12.03-18.32.18.log
[2017.12.04-05.29.35:690][  0]SourceControl: 	Saved/Logs/BowlerBall-backup-2017.12.03-22.27.49.log
[2017.12.04-05.29.35:690][  0]SourceControl: 	Saved/Logs/BowlerBall_2-backup-2017.12.03-22.28.09.log
[2017.12.04-05.29.35:690][  0]SourceControl: no changes added to commit (use "git add" and/or "git commit -a")
[2017.12.04-05.29.35:690][  0]LogContentStreaming: Texture pool size now 1000 MB
[2017.12.04-05.29.35:904][  0]LogSlate: Took 0.019996 seconds to synchronously load lazily loaded font '../../../Engine/Content/Slate/Fonts/Roboto-Light.ttf' (159K)
[2017.12.04-05.29.36:068][  3]LogAssetRegistry: Asset discovery search completed in 70.9013 seconds
[2017.12.04-05.29.36:108][  3]LogCollectionManager: Rebuilt the object cache for 0 collections in 0.000001 seconds (found 0 objects)
[2017.12.04-05.29.36:108][  3]LogCollectionManager: Fixed up redirectors for 0 collections in 0.000075 seconds (updated 0 objects)
[2017.12.04-05.30.24:499][454]LogSlate: Took 0.000237 seconds to synchronously load lazily loaded font '../../../Engine/Content/Slate/Fonts/Roboto-Light.ttf' (159K)
[2017.12.04-05.30.24:659][454]LogFactory: FactoryCreateFile: StaticMesh with FbxFactory (0 0 ../../../../../../Users/Tyson/Desktop/Unreal/My Blender Projects/BowlerBall/Bumper.fbx)
[2017.12.04-05.30.24:771][454]LogFbx: ItemName: GlobalSettings, ItemCount : 1
[2017.12.04-05.30.24:771][454]LogFbx: ItemName: NodeAttribute, ItemCount : 2
[2017.12.04-05.30.24:771][454]LogFbx: ItemName: Geometry, ItemCount : 1
[2017.12.04-05.30.24:771][454]LogFbx: ItemName: Model, ItemCount : 3
[2017.12.04-05.30.24:781][454]LogFbx: Loading FBX Scene from ../../../../../../Users/Tyson/Desktop/Unreal/My Blender Projects/BowlerBall/Bumper.fbx
[2017.12.04-05.30.24:794][454]LogFbx: FBX Scene Loaded Succesfully
[2017.12.04-05.30.27:400][454]LogFbx: Loading FBX Scene from ../../../../../../Users/Tyson/Desktop/Unreal/My Blender Projects/BowlerBall/Bumper.fbx
[2017.12.04-05.30.27:412][454]LogFbx: FBX Scene Loaded Succesfully
[2017.12.04-05.30.27:448][454]LogFbx: Warning: Triangulating static mesh Torus.001
[2017.12.04-05.30.27:570][454]LogStaticMesh: Building static mesh Bumper...
[2017.12.04-05.30.27:684][454]LogStaticMesh: Built static mesh [0.11s] /Game/Assets/Bumper.Bumper
[2017.12.04-05.30.27:757][454]LogStaticMesh: Warning: Bumper has degenerate tangent bases which will result in incorrect shading.  MikkTSpace relies on tangent bases and may result in mesh corruption, consider disabling this option.
[2017.12.04-05.30.27:758][454]LogStaticMesh: Warning: Bumper has some nearly zero bi-normals which can create some issues. (Tolerance of 1E-4)
[2017.12.04-05.30.27:893][454]FBXImport: Warning: No smoothing group information was found in this FBX scene.  Please make sure to enable the 'Export Smoothing Groups' option in the FBX Exporter plug-in before exporting the file.  Even for tools that don't support smoothing groups, the FBX Exporter will generate appropriate smoothing data at export-time so that correct vertex normals can be inferred while importing. 
[2017.12.04-05.30.27:893][454]FBXImport: Warning: Bumper has degenerate tangent bases which will result in incorrect shading.  MikkTSpace relies on tangent bases and may result in mesh corruption, consider disabling this option. 
[2017.12.04-05.30.27:893][454]FBXImport: Warning: Bumper has some nearly zero bi-normals which can create some issues. (Tolerance of 1E-4) 
[2017.12.04-05.30.31:227][794]LogActorFactory: Actor Factory created Bumper
[2017.12.04-05.30.31:854][856]LogActorFactory: Actor Factory created Bumper
[2017.12.04-05.30.57:658][523]Cmd: DUPLICATE
[2017.12.04-05.30.57:658][523]Cmd: ACTOR DUPLICATE
[2017.12.04-05.31.12:709][102]LogEditorViewport: Clicking on Actor (LMB): BP_Sky_Sphere_C (Sky Sphere)
[2017.12.04-05.31.13:450][151]LogEditorViewport: Clicking on Actor (LMB): StaticMeshActor (Bumper2)
[2017.12.04-05.31.19:215][815]Cmd: DUPLICATE
[2017.12.04-05.31.19:215][815]Cmd: ACTOR DUPLICATE
[2017.12.04-05.31.27:414][693]Cmd: DELETE
[2017.12.04-05.31.27:414][693]Cmd: ACTOR DELETE
[2017.12.04-05.31.27:481][693]LogEditorActor: Deleted Actor: StaticMeshActor
[2017.12.04-05.31.27:542][693]LogEditorActor: Deleted 1 Actors (0.128 secs)
[2017.12.04-05.31.28:624][818]LogTemp: Repeating last play command: Selected Viewport
[2017.12.04-05.31.28:666][818]LogPlayLevel: PlayLevel: No blueprints needed recompiling
[2017.12.04-05.31.28:673][818]LogHMD: Initializing OVRPlugin session
[2017.12.04-05.31.32:747][818]PIE: New page: PIE session: TestPlatform (Dec 3, 2017, 3:31:32 PM)
[2017.12.04-05.31.32:806][818]LogPlayLevel: Creating play world package: /Game/Maps/UEDPIE_0_TestPlatform
[2017.12.04-05.31.32:912][818]LogPlayLevel: PIE: StaticDuplicateObject took: (0.106233s)
[2017.12.04-05.31.32:913][818]LogAIModule: Creating AISystem for world TestPlatform
[2017.12.04-05.31.32:913][818]LogPlayLevel: PIE: World Init took: (0.001055s)
[2017.12.04-05.31.32:914][818]LogPlayLevel: PIE: Created PIE world by copying editor world from /Game/Maps/TestPlatform.TestPlatform to /Game/Maps/UEDPIE_0_TestPlatform.TestPlatform (0.107657s)
[2017.12.04-05.31.33:013][818]LogInit: XAudio2 using 'Speakers (Realtek High Definition Audio)' : 2 channels at 48 kHz using 32 bits per sample (channel mask 0x3)
[2017.12.04-05.31.33:026][818]LogInit: FAudioDevice initialized.
[2017.12.04-05.31.33:613][818]LogLoad: Game class is 'BowlerBallGameMode_C'
[2017.12.04-05.31.34:294][818]LogWorld: Bringing World /Game/Maps/UEDPIE_0_TestPlatform.TestPlatform up for play (max tick rate 0) at 2017.12.03-22.31.34
[2017.12.04-05.31.34:308][818]LogWorld: Bringing up level for play took: 0.015113
[2017.12.04-05.31.34:587][818]LogContentBrowser: Native class hierarchy updated for 'MovieSceneCapture' in 0.0005 seconds. Added 11 classes and 0 folders.
[2017.12.04-05.31.34:644][818]PIE: Play in editor start time for /Game/Maps/UEDPIE_0_TestPlatform 6.765
[2017.12.04-05.31.42:603][661]LogTemp: Repeating last play command: Selected Viewport
[2017.12.04-05.31.42:629][661]LogPlayLevel: PlayLevel: No blueprints needed recompiling
[2017.12.04-05.31.42:629][661]LogHMD: Initializing OVRPlugin session
[2017.12.04-05.31.42:656][661]PIE: New page: PIE session: TestPlatform (Dec 3, 2017, 3:31:42 PM)
[2017.12.04-05.31.42:656][661]LogPlayLevel: Creating play world package: /Game/Maps/UEDPIE_0_TestPlatform
[2017.12.04-05.31.42:659][661]LogPlayLevel: PIE: StaticDuplicateObject took: (0.002758s)
[2017.12.04-05.31.42:660][661]LogAIModule: Creating AISystem for world TestPlatform
[2017.12.04-05.31.42:660][661]LogPlayLevel: PIE: World Init took: (0.001083s)
[2017.12.04-05.31.42:660][661]LogPlayLevel: PIE: Created PIE world by copying editor world from /Game/Maps/TestPlatform.TestPlatform to /Game/Maps/UEDPIE_0_TestPlatform.TestPlatform (0.004151s)
[2017.12.04-05.31.42:732][661]LogInit: XAudio2 using 'Speakers (Realtek High Definition Audio)' : 2 channels at 48 kHz using 32 bits per sample (channel mask 0x3)
[2017.12.04-05.31.42:755][661]LogInit: FAudioDevice initialized.
[2017.12.04-05.31.42:824][661]LogLoad: Game class is 'BowlerBallGameMode_C'
[2017.12.04-05.31.42:825][661]LogWorld: Bringing World /Game/Maps/UEDPIE_0_TestPlatform.TestPlatform up for play (max tick rate 0) at 2017.12.03-22.31.42
[2017.12.04-05.31.42:825][661]LogWorld: Bringing up level for play took: 0.000950
[2017.12.04-05.31.42:827][661]PIE: Play in editor start time for /Game/Maps/UEDPIE_0_TestPlatform 0.948
[2017.12.04-05.31.53:799][865]LogTemp: Repeating last play command: Selected Viewport
[2017.12.04-05.31.53:824][865]LogPlayLevel: PlayLevel: No blueprints needed recompiling
[2017.12.04-05.31.53:824][865]LogHMD: Initializing OVRPlugin session
[2017.12.04-05.31.53:851][865]PIE: New page: PIE session: TestPlatform (Dec 3, 2017, 3:31:53 PM)
[2017.12.04-05.31.53:851][865]LogPlayLevel: Creating play world package: /Game/Maps/UEDPIE_0_TestPlatform
[2017.12.04-05.31.53:854][865]LogPlayLevel: PIE: StaticDuplicateObject took: (0.002677s)
[2017.12.04-05.31.53:854][865]LogAIModule: Creating AISystem for world TestPlatform
[2017.12.04-05.31.53:855][865]LogPlayLevel: PIE: World Init took: (0.001091s)
[2017.12.04-05.31.53:855][865]LogPlayLevel: PIE: Created PIE world by copying editor world from /Game/Maps/TestPlatform.TestPlatform to /Game/Maps/UEDPIE_0_TestPlatform.TestPlatform (0.004066s)
[2017.12.04-05.31.53:925][865]LogInit: XAudio2 using 'Speakers (Realtek High Definition Audio)' : 2 channels at 48 kHz using 32 bits per sample (channel mask 0x3)
[2017.12.04-05.31.53:940][865]LogInit: FAudioDevice initialized.
[2017.12.04-05.31.53:973][865]LogLoad: Game class is 'BowlerBallGameMode_C'
[2017.12.04-05.31.53:975][865]LogWorld: Bringing World /Game/Maps/UEDPIE_0_TestPlatform.TestPlatform up for play (max tick rate 0) at 2017.12.03-22.31.53
[2017.12.04-05.31.53:975][865]LogWorld: Bringing up level for play took: 0.001022
[2017.12.04-05.31.53:976][865]PIE: Play in editor start time for /Game/Maps/UEDPIE_0_TestPlatform 0.098
[2017.12.04-05.31.56:539][157]Cmd: TRANSACTION UNDO
[2017.12.04-05.31.56:539][157]LogEditorTransaction: Undo Create Actors
[2017.12.04-05.31.56:673][157]LogSlate: Took 0.000353 seconds to synchronously load lazily loaded font '../../../Engine/Content/Slate/Fonts/Roboto-Light.ttf' (159K)
[2017.12.04-05.31.56:907][182]Cmd: TRANSACTION UNDO
[2017.12.04-05.31.56:907][182]LogEditorTransaction: Undo Create Actors
[2017.12.04-05.33.08:509][  1]MapCheck: New page: Map Check
[2017.12.04-05.33.08:562][  1]Cmd: MAP REBUILD ALLVISIBLE
[2017.12.04-05.33.08:564][  1]LogEditorServer: Rebuildmap Clear paths rebuilt
[2017.12.04-05.33.08:817][  1]LogMaterial: Missing cached shader map for material FDebugViewModeMaterialProxy WorldGridMaterial, compiling. Is special engine material.
[2017.12.04-05.33.08:889][  1]LogMaterial: Missing cached shader map for material FDebugViewModeMaterialProxy MaterialInstanceDynamic_1, compiling. 
[2017.12.04-05.33.08:897][  1]LogMaterial: Missing cached shader map for material FDebugViewModeMaterialProxy MatineeCam_mat, compiling. 
[2017.12.04-05.33.08:914][  1]LogMaterial: Missing cached shader map for material FDebugViewModeMaterialProxy Material, compiling. 
[2017.12.04-05.33.11:011][  1]TextureStreamingBuild: Display: Compiling optional shaders took 2.208 seconds.
[2017.12.04-05.33.11:056][  1]LogLevel: Display: Export Material TexCoord Scales took 0.045 seconds.
[2017.12.04-05.33.11:062][  1]TextureStreamingBuild: Display: Build Texture Streaming took 0.006 seconds.
[2017.12.04-05.33.11:134][  1]LightingResults: New page: Lighting Build - Dec 3, 2017, 3:33:11 PM
[2017.12.04-05.33.11:850][  1]LogSwarmInterface: [OpenConnection] Registering TCP channel ...
[2017.12.04-05.33.12:086][  1]LogSwarmInterface: [OpenConnection] Connecting to agent ...
[2017.12.04-05.33.12:223][  1]LogSwarmInterface: [TryOpenConnection] Testing the Agent
[2017.12.04-05.33.15:216][  1]LogSwarmInterface: Error: [TryOpenConnection] Waiting for the agent to start up ...
[2017.12.04-05.33.15:393][  1]LogSwarmInterface: Error: System.Net.Sockets.SocketException (0x80004005): No connection could be made because the target machine actively refused it 127.0.0.1:8008

Server stack trace: 
   at System.Net.Sockets.Socket.DoConnect(EndPoint endPointSnapshot, SocketAddress socketAddress)
   at System.Net.Sockets.Socket.Connect(EndPoint remoteEP)
   at System.Runtime.Remoting.Channels.RemoteConnection.CreateNewSocket(EndPoint ipEndPoint)
   at System.Runtime.Remoting.Channels.SocketCache.GetSocket(String machinePortAndSid, Boolean openNew)
   at System.Runtime.Remoting.Channels.Tcp.TcpClientTransportSink.SendRequestWithRetry(IMessage msg, ITransportHeaders requestHeaders, Stream requestStream)
   at System.Runtime.Remoting.Channels.Tcp.TcpClientTransportSink.AsyncProcessRequest(IClientChannelSinkStack sinkStack, IMessage msg, ITransportHeaders headers, Stream stream)
   at System.Runtime.Remoting.Channels.BinaryClientFormatterSink.AsyncProcessMessage(IMessage msg, IMessageSink replySink)

Exception rethrown at [0]: 
   at System.Runtime.Remoting.Proxies.RealProxy.HandleReturnMessage(IMessage reqMsg, IMessage retMsg)
   at System.Runtime.Remoting.Proxies.RealProxy.PrivateInvoke(MessageData& msgData, Int32 type)
   at NSwarm.IAgentInterfaceWrapper.MethodDelegate.EndInvoke(Hashtable& OutParameters, IAsyncResult result)
   at NSwarm.FSwarmInterface.TryOpenConnection(FConnectionCallback CallbackFunc, IntPtr CallbackData, ELogFlags LoggingFlags)
[2017.12.04-05.33.21:177][  1]LogSwarmInterface: [TryOpenConnection] Opening Connection to Agent
[2017.12.04-05.33.21:177][  1]LogSwarmInterface: [TryOpenConnection] Local Process ID is 6704
[2017.12.04-05.33.25:981][  1]LogStaticLightingSystem: Warning: No importance volume found, so the scene bounding box was used.  You can optimize your scene's quality and lighting build times by adding importance volumes.
[2017.12.04-05.33.26:016][  1]LogStaticLightingSystem: Running Lightmass w/ ImmediateImport mode ENABLED
[2017.12.04-05.33.26:016][  1]LogStaticLightingSystem: Running Lightmass w/ ImmediateProcess mode ENABLED
[2017.12.04-05.33.26:016][  1]LogStaticLightingSystem: Running Lightmass w/ Sorting mode ENABLED
[2017.12.04-05.33.26:016][  1]LogStaticLightingSystem: Running Lightmass w/ Mapping paddings ENABLED
[2017.12.04-05.33.26:016][  1]LogStaticLightingSystem: Running Lightmass w/ Mapping debug paddings DISABLED
[2017.12.04-05.33.26:643][  1]Cmd: MAP CHECK DONTDISPLAYDIALOG
[2017.12.04-05.33.26:643][  1]MapCheck: New page: TestPlatform - Dec 3, 2017, 3:33:26 PM
[2017.12.04-05.33.26:687][  1]MapCheck: Error: WorldSettings_1 Maps need lighting rebuilt 
[2017.12.04-05.33.26:771][  1]MapCheck: Map check complete: 1 Error(s), 0 Warning(s), took 128.051ms to complete.
[2017.12.04-05.33.26:794][  1]LogEditorBuildUtils: Build time 0:18
[2017.12.04-05.33.26:870][  1]LogMaterial: Missing cached shader map for material FLightmassMaterialRenderer MaterialInstanceDynamic_1, compiling. 
[2017.12.04-05.33.26:915][  1]LogMaterial: Missing cached shader map for material FLightmassMaterialRenderer MaterialInstanceDynamic_1, compiling. 
[2017.12.04-05.33.27:036][  2]LogMaterial: Missing cached shader map for material FLightmassMaterialRenderer WorldGridMaterial, compiling. Is special engine material.
[2017.12.04-05.33.27:058][  2]LogMaterial: Missing cached shader map for material FLightmassMaterialRenderer WorldGridMaterial, compiling. Is special engine material.
[2017.12.04-05.33.33:510][224]Job is a success!
[2017.12.04-05.33.33:650][225]LogVolumetricLightmapImport: Imported Volumetric Lightmap in 0.010s
[2017.12.04-05.33.33:650][225]LogVolumetricLightmapImport:      Indirection Texture 16x16x16 = 0.0Mb
[2017.12.04-05.33.33:650][225]LogVolumetricLightmapImport:      BrickData 5x5x5 = 0.0Mb
[2017.12.04-05.33.33:650][225]LogVolumetricLightmapImport:      Bricks at Level
[2017.12.04-05.33.33:650][225]LogVolumetricLightmapImport:          0: 100.0% covering 100.0% of volume
[2017.12.04-05.33.33:650][225]LogVolumetricLightmapImport:          1: 0.0% covering 0.0% of volume
[2017.12.04-05.33.33:650][225]LogVolumetricLightmapImport:          2: 0.0% covering 0.0% of volume
[2017.12.04-05.33.33:828][225]LogTexture: Display: Building textures: HQ_Lightmap1_1 (AutoDXT, 128X128)
[2017.12.04-05.33.33:828][225]LogTexture: Display: Building textures: LQ_Lightmap_1_1 (DXT1, 128X128)
[2017.12.04-05.33.33:828][225]LogTexture: Display: Building textures: LQ_Lightmap_1_2 (DXT1, 64X64)
[2017.12.04-05.33.33:828][225]LogTexture: Display: Building textures: HQ_Lightmap1_2 (AutoDXT, 64X64)
[2017.12.04-05.33.33:828][225]LogTexture: Display: Building textures: ShadowMapTexture2D_2 (G8, 32X32)
[2017.12.04-05.33.34:336][225]Lightmass on DESKTOP-OEP2RU7: 2.76 sec total, 271 ms importing, 39 ms setup, 396 ms photons, 689 ms processing, 0 ms extra exporting [3/3 mappings]. Threads: 4.66 sec total, 313 ms processing.
[2017.12.04-05.33.34:421][225]LogStaticLightingSystem: Illumination: 23.2 sec (77 ms encoding lightmaps, 45 ms encoding shadowmaps)
[2017.12.04-05.33.34:421][225]LogStaticLightingSystem: Lightmap texture memory:  0.0 MB (0.0 MB streaming, 0.0 MB non-streaming), 4 textures
[2017.12.04-05.33.34:421][225]LogStaticLightingSystem: Shadowmap texture memory: 0.0 MB (0.0 MB streaming, 0.0 MB non-streaming), 1 textures
[2017.12.04-05.33.34:915][225]DumpUnbuiltLightIteractions
[2017.12.04-05.33.34:915][225]Lights with unbuilt interactions: 0
[2017.12.04-05.33.34:915][225]
[2017.12.04-05.33.34:915][225]Primitives with unbuilt interactions: 0
[2017.12.04-05.33.34:958][226]Cmd: MAP CHECK NOTIFYRESULTS
[2017.12.04-05.33.34:958][226]MapCheck: New page: TestPlatform - Dec 3, 2017, 3:33:34 PM
[2017.12.04-05.33.35:044][226]MapCheck: Map check complete: 0 Error(s), 0 Warning(s), took 86.38ms to complete.
[2017.12.04-05.33.40:619][868]LogTemp: Repeating last play command: Selected Viewport
[2017.12.04-05.33.40:643][868]LogPlayLevel: PlayLevel: No blueprints needed recompiling
[2017.12.04-05.33.40:643][868]LogHMD: Initializing OVRPlugin session
[2017.12.04-05.33.42:333][868]PIE: New page: PIE session: TestPlatform (Dec 3, 2017, 3:33:42 PM)
[2017.12.04-05.33.42:333][868]LogPlayLevel: Creating play world package: /Game/Maps/UEDPIE_0_TestPlatform
[2017.12.04-05.33.42:336][868]LogPlayLevel: PIE: StaticDuplicateObject took: (0.003444s)
[2017.12.04-05.33.42:337][868]LogAIModule: Creating AISystem for world TestPlatform
[2017.12.04-05.33.42:338][868]LogPlayLevel: PIE: World Init took: (0.001208s)
[2017.12.04-05.33.42:338][868]LogPlayLevel: PIE: Created PIE world by copying editor world from /Game/Maps/TestPlatform.TestPlatform to /Game/Maps/UEDPIE_0_TestPlatform.TestPlatform (0.005016s)
[2017.12.04-05.33.42:408][868]LogInit: XAudio2 using 'Speakers (Realtek High Definition Audio)' : 2 channels at 48 kHz using 32 bits per sample (channel mask 0x3)
[2017.12.04-05.33.42:427][868]LogInit: FAudioDevice initialized.
[2017.12.04-05.33.42:462][868]LogLoad: Game class is 'BowlerBallGameMode_C'
[2017.12.04-05.33.42:464][868]LogWorld: Bringing World /Game/Maps/UEDPIE_0_TestPlatform.TestPlatform up for play (max tick rate 0) at 2017.12.03-22.33.42
[2017.12.04-05.33.42:465][868]LogWorld: Bringing up level for play took: 0.001069
[2017.12.04-05.33.42:466][868]PIE: Play in editor start time for /Game/Maps/UEDPIE_0_TestPlatform 2.587
[2017.12.04-05.33.45:384][192]LogEditorViewport: Clicking on Actor (LMB): BP_Sky_Sphere_C (Sky Sphere)
[2017.12.04-05.33.46:282][259]LogEditorViewport: Clicking on Actor (context menu): DirectionalLight (Light Source)
[2017.12.04-05.33.57:994][404]LogTemp: Repeating last play command: Selected Viewport
[2017.12.04-05.33.58:017][404]LogPlayLevel: PlayLevel: No blueprints needed recompiling
[2017.12.04-05.33.58:018][404]LogHMD: Initializing OVRPlugin session
[2017.12.04-05.33.58:043][404]PIE: New page: PIE session: TestPlatform (Dec 3, 2017, 3:33:58 PM)
[2017.12.04-05.33.58:043][404]LogPlayLevel: Creating play world package: /Game/Maps/UEDPIE_0_TestPlatform
[2017.12.04-05.33.58:046][404]LogPlayLevel: PIE: StaticDuplicateObject took: (0.002919s)
[2017.12.04-05.33.58:047][404]LogAIModule: Creating AISystem for world TestPlatform
[2017.12.04-05.33.58:048][404]LogPlayLevel: PIE: World Init took: (0.001298s)
[2017.12.04-05.33.58:048][404]LogPlayLevel: PIE: Created PIE world by copying editor world from /Game/Maps/TestPlatform.TestPlatform to /Game/Maps/UEDPIE_0_TestPlatform.TestPlatform (0.004567s)
[2017.12.04-05.33.58:121][404]LogInit: XAudio2 using 'Speakers (Realtek High Definition Audio)' : 2 channels at 48 kHz using 32 bits per sample (channel mask 0x3)
[2017.12.04-05.33.58:137][404]LogInit: FAudioDevice initialized.
[2017.12.04-05.33.58:173][404]LogLoad: Game class is 'BowlerBallGameMode_C'
[2017.12.04-05.33.58:175][404]LogWorld: Bringing World /Game/Maps/UEDPIE_0_TestPlatform.TestPlatform up for play (max tick rate 0) at 2017.12.03-22.33.58
[2017.12.04-05.33.58:175][404]LogWorld: Bringing up level for play took: 0.000858
[2017.12.04-05.33.58:176][404]PIE: Play in editor start time for /Game/Maps/UEDPIE_0_TestPlatform 0.297
[2017.12.04-05.34.00:672][687]LogTemp: Repeating last play command: Selected Viewport
[2017.12.04-05.34.00:696][687]LogPlayLevel: PlayLevel: No blueprints needed recompiling
[2017.12.04-05.34.00:696][687]LogHMD: Initializing OVRPlugin session
[2017.12.04-05.34.00:723][687]PIE: New page: PIE session: TestPlatform (Dec 3, 2017, 3:34:00 PM)
[2017.12.04-05.34.00:723][687]LogPlayLevel: Creating play world package: /Game/Maps/UEDPIE_0_TestPlatform
[2017.12.04-05.34.00:725][687]LogPlayLevel: PIE: StaticDuplicateObject took: (0.002518s)
[2017.12.04-05.34.00:726][687]LogAIModule: Creating AISystem for world TestPlatform
[2017.12.04-05.34.00:726][687]LogPlayLevel: PIE: World Init took: (0.000945s)
[2017.12.04-05.34.00:726][687]LogPlayLevel: PIE: Created PIE world by copying editor world from /Game/Maps/TestPlatform.TestPlatform to /Game/Maps/UEDPIE_0_TestPlatform.TestPlatform (0.003743s)
[2017.12.04-05.34.00:797][687]LogInit: XAudio2 using 'Speakers (Realtek High Definition Audio)' : 2 channels at 48 kHz using 32 bits per sample (channel mask 0x3)
[2017.12.04-05.34.00:813][687]LogInit: FAudioDevice initialized.
[2017.12.04-05.34.00:850][687]LogLoad: Game class is 'BowlerBallGameMode_C'
[2017.12.04-05.34.00:851][687]LogWorld: Bringing World /Game/Maps/UEDPIE_0_TestPlatform.TestPlatform up for play (max tick rate 0) at 2017.12.03-22.34.00
[2017.12.04-05.34.00:852][687]LogWorld: Bringing up level for play took: 0.001026
[2017.12.04-05.34.00:853][687]PIE: Play in editor start time for /Game/Maps/UEDPIE_0_TestPlatform 0.974
[2017.12.04-05.34.08:205][519]LogEditorViewport: Clicking on Actor (CTRL LMB): StaticMeshActor (Bumper)
[2017.12.04-05.34.08:977][591]LogEditorViewport: Clicking on Actor (CTRL LMB): StaticMeshActor (Bumper2)
[2017.12.04-05.34.11:003][812]LogEditorViewport: Clicking on Actor (context menu): Platform_C (Platform)
[2017.12.04-05.35.39:060][207]LogEditorViewport: Clicking on Actor (LMB): StaticMeshActor (Bumper2)
[2017.12.04-05.35.59:769][594]LogEditorViewport: Clicking on Actor (context menu): StaticMeshActor (Bumper2)
[2017.12.04-05.36.00:398][653]LogEditorViewport: Clicking on Actor (LMB): StaticMeshActor (Bumper2)
[2017.12.04-05.36.00:715][688]LogEditorViewport: Clicking on Actor (LMB): StaticMeshActor (Bumper2)
[2017.12.04-05.36.04:170][ 95]LogEditorViewport: Clicking on Actor (context menu): StaticMeshActor (Bumper2)
[2017.12.04-05.36.04:755][151]LogEditorViewport: Clicking on Actor (LMB): StaticMeshActor (Bumper2)
[2017.12.04-05.36.05:090][188]LogEditorViewport: Clicking on Actor (context menu): StaticMeshActor (Bumper2)
[2017.12.04-05.36.16:162][157]LogActorFactory: Actor Factory created Bumper
[2017.12.04-05.36.16:192][157]EditorErrors: New page: Actor Reattachment
[2017.12.04-05.36.19:075][488]LogEditorViewport: Clicking on Actor (context menu): StaticMeshActor (Bumper2)
[2017.12.04-05.36.37:546][193]LogEditorViewport: Clicking on Actor (context menu): StaticMeshActor (Bumper2)
[2017.12.04-05.36.42:848][668]LogEditorViewport: Clicking on Actor (context menu): StaticMeshActor (Bumper2)
[2017.12.04-05.36.45:712][911]LogEditorViewport: Clicking on Actor (LMB): StaticMeshActor (Bumper)
[2017.12.04-05.36.49:338][329]LogEditorViewport: Clicking on Actor (context menu): StaticMeshActor (Bumper)
[2017.12.04-05.37.13:470][439]LogSlate: Took 0.000256 seconds to synchronously load lazily loaded font '../../../Engine/Content/Slate/Fonts/Roboto-Regular.ttf' (155K)
[2017.12.04-05.37.13:740][439]LogContentBrowser: Native class hierarchy updated for 'BlueprintGraph' in 0.0009 seconds. Added 116 classes and 0 folders.
[2017.12.04-05.37.17:861][557]LogSlate: Took 0.023549 seconds to synchronously load lazily loaded font '../../../Engine/Content/Editor/Slate/Fonts/Roboto-Italic.ttf' (157K)
[2017.12.04-05.37.32:013][525]BlueprintLog: New page: Compile Bumpers
[2017.12.04-05.37.33:697][574]Cmd: OBJ SAVEPACKAGE PACKAGE="/Game/Blueprints/Bumpers" FILE="../../../../../../Users/Tyson/Desktop/Unreal/GitHubProjects/BowlerBall/Content/Blueprints/Bumpers.uasset" SILENT=true
[2017.12.04-05.37.33:871][574]LogSavePackage: Save=152.16ms
[2017.12.04-05.37.33:872][574]LogSavePackage: Moving '../../../../../../Users/Tyson/Desktop/Unreal/GitHubProjects/BowlerBall/Saved/Bumpers06220B48434152665274FBA2B6BC8468.tmp' to '../../../../../../Users/Tyson/Desktop/Unreal/GitHubProjects/BowlerBall/Content/Blueprints/Bumpers.uasset'
[2017.12.04-05.37.33:913][574]LogSavePackage: Display: Finished SavePackage ../../../../../../Users/Tyson/Desktop/Unreal/GitHubProjects/BowlerBall/Content/Blueprints/Bumpers.uasset
[2017.12.04-05.37.35:419][680]LogEditorViewport: Clicking on Actor (context menu): StaticMeshActor (Bumper2)
[2017.12.04-05.37.37:238][854]LogEditorViewport: Clicking on Actor (LMB): StaticMeshActor (Bumper2)
[2017.12.04-05.37.37:504][882]Cmd: DELETE
[2017.12.04-05.37.37:505][882]Cmd: ACTOR DELETE
[2017.12.04-05.37.37:507][882]LogEditorActor: Deleted Actor: StaticMeshActor
[2017.12.04-05.37.37:570][882]LogEditorActor: Deleted 1 Actors (0.065 secs)
[2017.12.04-05.37.38:109][946]LogEditorViewport: Clicking on Actor (LMB): StaticMeshActor (Bumper)
[2017.12.04-05.37.38:517][987]Cmd: DELETE
[2017.12.04-05.37.38:518][987]Cmd: ACTOR DELETE
[2017.12.04-05.37.38:519][987]LogEditorActor: Deleted Actor: StaticMeshActor
[2017.12.04-05.37.38:588][987]LogEditorActor: Deleted 1 Actors (0.070 secs)
[2017.12.04-05.37.42:874][471]LogEditorViewport: Clicking on Actor (context menu): Bumpers_C (Bumpers)
[2017.12.04-05.37.47:835][925]LogTemp: Repeating last play command: Selected Viewport
[2017.12.04-05.37.47:873][925]LogPlayLevel: PlayLevel: No blueprints needed recompiling
[2017.12.04-05.37.47:873][925]LogHMD: Initializing OVRPlugin session
[2017.12.04-05.37.47:899][925]PIE: New page: PIE session: TestPlatform (Dec 3, 2017, 3:37:47 PM)
[2017.12.04-05.37.47:899][925]LogPlayLevel: Creating play world package: /Game/Maps/UEDPIE_0_TestPlatform
[2017.12.04-05.37.47:902][925]LogPlayLevel: PIE: StaticDuplicateObject took: (0.002893s)
[2017.12.04-05.37.47:903][925]LogAIModule: Creating AISystem for world TestPlatform
[2017.12.04-05.37.47:903][925]LogPlayLevel: PIE: World Init took: (0.001274s)
[2017.12.04-05.37.47:903][925]LogPlayLevel: PIE: Created PIE world by copying editor world from /Game/Maps/TestPlatform.TestPlatform to /Game/Maps/UEDPIE_0_TestPlatform.TestPlatform (0.004590s)
[2017.12.04-05.37.47:992][925]LogInit: XAudio2 using 'Speakers (Realtek High Definition Audio)' : 2 channels at 48 kHz using 32 bits per sample (channel mask 0x3)
[2017.12.04-05.37.48:008][925]LogInit: FAudioDevice initialized.
[2017.12.04-05.37.48:043][925]LogLoad: Game class is 'BowlerBallGameMode_C'
[2017.12.04-05.37.48:058][925]LogWorld: Bringing World /Game/Maps/UEDPIE_0_TestPlatform.TestPlatform up for play (max tick rate 0) at 2017.12.03-22.37.48
[2017.12.04-05.37.48:059][925]LogWorld: Bringing up level for play took: 0.015088
[2017.12.04-05.37.48:060][925]PIE: Play in editor start time for /Game/Maps/UEDPIE_0_TestPlatform 0.181
[2017.12.04-05.37.52:212][406]LogEditorViewport: Clicking on Actor (context menu): Bumpers_C (Bumpers)
[2017.12.04-05.38.10:395][ 23]LogSlate: Took 0.020285 seconds to synchronously load lazily loaded font '../../../Engine/Content/Editor/Slate/Fonts/Roboto-BoldCondensed.ttf' (158K)
[2017.12.04-05.38.11:351][133]LogTemp: Repeating last play command: Selected Viewport
[2017.12.04-05.38.11:375][133]LogPlayLevel: PlayLevel: No blueprints needed recompiling
[2017.12.04-05.38.11:375][133]LogHMD: Initializing OVRPlugin session
[2017.12.04-05.38.11:402][133]PIE: New page: PIE session: TestPlatform (Dec 3, 2017, 3:38:11 PM)
[2017.12.04-05.38.11:403][133]LogPlayLevel: Creating play world package: /Game/Maps/UEDPIE_0_TestPlatform
[2017.12.04-05.38.11:406][133]LogPlayLevel: PIE: StaticDuplicateObject took: (0.002948s)
[2017.12.04-05.38.11:406][133]LogAIModule: Creating AISystem for world TestPlatform
[2017.12.04-05.38.11:407][133]LogPlayLevel: PIE: World Init took: (0.000920s)
[2017.12.04-05.38.11:407][133]LogPlayLevel: PIE: Created PIE world by copying editor world from /Game/Maps/TestPlatform.TestPlatform to /Game/Maps/UEDPIE_0_TestPlatform.TestPlatform (0.004186s)
[2017.12.04-05.38.11:498][133]LogInit: XAudio2 using 'Speakers (Realtek High Definition Audio)' : 2 channels at 48 kHz using 32 bits per sample (channel mask 0x3)
[2017.12.04-05.38.11:514][133]LogInit: FAudioDevice initialized.
[2017.12.04-05.38.11:546][133]LogLoad: Game class is 'BowlerBallGameMode_C'
[2017.12.04-05.38.11:548][133]LogWorld: Bringing World /Game/Maps/UEDPIE_0_TestPlatform.TestPlatform up for play (max tick rate 0) at 2017.12.03-22.38.11
[2017.12.04-05.38.11:548][133]LogWorld: Bringing up level for play took: 0.000837
[2017.12.04-05.38.11:549][133]PIE: Play in editor start time for /Game/Maps/UEDPIE_0_TestPlatform -0.33
[2017.12.04-05.38.18:566][807]Cmd: TRANSACTION UNDO
[2017.12.04-05.38.18:566][807]LogEditorTransaction: Undo Clicking on Actors (context menu)
[2017.12.04-05.38.19:242][858]Cmd: TRANSACTION UNDO
[2017.12.04-05.38.19:243][858]LogEditorTransaction: Undo Attach actors
[2017.12.04-05.38.20:155][965]Cmd: TRANSACTION UNDO
[2017.12.04-05.38.20:155][965]LogEditorTransaction: Undo Clicking on Actors (context menu)
[2017.12.04-05.38.20:612][ 15]Cmd: TRANSACTION UNDO
[2017.12.04-05.38.20:612][ 15]LogEditorTransaction: Undo Create Actors
[2017.12.04-05.38.21:035][ 64]Cmd: TRANSACTION UNDO
[2017.12.04-05.38.21:035][ 64]LogEditorTransaction: Undo Delete Actors
[2017.12.04-05.38.21:478][108]Cmd: TRANSACTION UNDO
[2017.12.04-05.38.21:478][108]LogEditorTransaction: Undo Modifier [Delete]
[2017.12.04-05.38.24:926][502]Cmd: TRANSACTION UNDO
[2017.12.04-05.38.24:926][502]LogEditorTransaction: Undo Clicking on Actors
[2017.12.04-05.38.25:592][548]Cmd: TRANSACTION UNDO
[2017.12.04-05.38.25:592][548]LogEditorTransaction: Undo Delete Actors
[2017.12.04-05.38.27:022][693]Cmd: DELETE
[2017.12.04-05.38.27:023][693]Cmd: ACTOR DELETE
[2017.12.04-05.38.27:025][693]LogEditorActor: Deleted Actor: StaticMeshActor
[2017.12.04-05.38.27:100][693]LogEditorActor: Deleted 1 Actors (0.077 secs)
[2017.12.04-05.38.27:631][756]LogEditorViewport: Clicking on Actor (LMB): BP_Sky_Sphere_C (Sky Sphere)
[2017.12.04-05.38.28:341][832]LogEditorViewport: Clicking on Actor (context menu): StaticMeshActor (Bumper)
[2017.12.04-05.38.29:214][907]LogEditorViewport: Clicking on Actor (LMB): StaticMeshActor (Bumper)
[2017.12.04-05.38.29:446][932]Cmd: DELETE
[2017.12.04-05.38.29:446][932]Cmd: ACTOR DELETE
[2017.12.04-05.38.29:447][932]LogEditorActor: Deleted Actor: StaticMeshActor
[2017.12.04-05.38.29:519][932]LogEditorActor: Deleted 1 Actors (0.073 secs)
[2017.12.04-05.38.36:229][712]Cmd: DELETE
[2017.12.04-05.38.36:229][712]Cmd: ACTOR DELETE
[2017.12.04-05.38.36:231][712]LogEditorActor: Deleted Actor: Bumpers_C
[2017.12.04-05.38.36:300][712]LogEditorActor: Deleted 1 Actors (0.070 secs)
[2017.12.04-05.38.37:579][836]LogSavePackage: Save=41.63ms
[2017.12.04-05.38.37:579][836]LogSavePackage: Moving '../../../../../../Users/Tyson/Desktop/Unreal/GitHubProjects/BowlerBall/Saved/TestPlatform827C7C524A5607E9D3D7A6BA4579987D.tmp' to '../../../../../../Users/Tyson/Desktop/Unreal/GitHubProjects/BowlerBall/Content/Maps/TestPlatform.umap'
[2017.12.04-05.38.37:580][836]LogFileManager: Warning: DeleteFile was unable to delete '../../../../../../Users/Tyson/Desktop/Unreal/GitHubProjects/BowlerBall/Content/Maps/TestPlatform.umap', retrying in .5s...
[2017.12.04-05.38.38:081][836]LogFileManager: Error: Error deleting file '../../../../../../Users/Tyson/Desktop/Unreal/GitHubProjects/BowlerBall/Content/Maps/TestPlatform.umap'.
[2017.12.04-05.38.38:081][836]LogSavePackage: Error: Error saving '../../../../../../Users/Tyson/Desktop/Unreal/GitHubProjects/BowlerBall/Content/Maps/TestPlatform.umap'
[2017.12.04-05.38.38:083][836]LogSavePackage: Display: Finished SavePackage ../../../../../../Users/Tyson/Desktop/Unreal/GitHubProjects/BowlerBall/Content/Maps/TestPlatform.umap
[2017.12.04-05.38.38:107][836]EditorErrors: New page: Save Output
[2017.12.04-05.38.38:107][836]EditorErrors: Warning: Error saving '../../../../../../Users/Tyson/Desktop/Unreal/GitHubProjects/BowlerBall/Content/Maps/TestPlatform.umap'
[2017.12.04-05.38.44:605][540]LogSavePackage: Save=37.31ms
[2017.12.04-05.38.44:605][540]LogSavePackage: Moving '../../../../../../Users/Tyson/Desktop/Unreal/GitHubProjects/BowlerBall/Saved/TestPlatformB3C6325644D1BE252E5D2BB5E1F421B9.tmp' to '../../../../../../Users/Tyson/Desktop/Unreal/GitHubProjects/BowlerBall/Content/Maps/TestPlatform.umap'
[2017.12.04-05.38.44:605][540]LogFileManager: Warning: DeleteFile was unable to delete '../../../../../../Users/Tyson/Desktop/Unreal/GitHubProjects/BowlerBall/Content/Maps/TestPlatform.umap', retrying in .5s...
[2017.12.04-05.38.45:106][540]LogFileManager: Error: Error deleting file '../../../../../../Users/Tyson/Desktop/Unreal/GitHubProjects/BowlerBall/Content/Maps/TestPlatform.umap'.
[2017.12.04-05.38.45:106][540]LogSavePackage: Error: Error saving '../../../../../../Users/Tyson/Desktop/Unreal/GitHubProjects/BowlerBall/Content/Maps/TestPlatform.umap'
[2017.12.04-05.38.45:108][540]LogSavePackage: Display: Finished SavePackage ../../../../../../Users/Tyson/Desktop/Unreal/GitHubProjects/BowlerBall/Content/Maps/TestPlatform.umap
[2017.12.04-05.38.45:112][540]EditorErrors: New page: Save Output
[2017.12.04-05.38.45:113][540]EditorErrors: Warning: Error saving '../../../../../../Users/Tyson/Desktop/Unreal/GitHubProjects/BowlerBall/Content/Maps/TestPlatform.umap'
[2017.12.04-05.38.49:129][968]SourceControl: fatal: C:/Program Files/Epic Games/UE_4.18/Engine/Content/: 'C:/Program Files/Epic Games/UE_4.18/Engine/Content/' is outside repository
[2017.12.04-05.39.20:425][438]SourceControl: fatal: C:/Program Files/Epic Games/UE_4.18/Engine/Content/: 'C:/Program Files/Epic Games/UE_4.18/Engine/Content/' is outside repository
[2017.12.04-05.39.28:356][438]LogSourceControl: FGitCheckInWorker: commit successful
[2017.12.04-05.39.28:412][438]SourceControl: [master b728a98] Added Bumper
[2017.12.04-05.39.28:412][438]SourceControl:  1 file changed, 0 insertions(+), 0 deletions(-)
[2017.12.04-05.39.28:412][438]SourceControl:  create mode 100644 Content/Blueprints/Bumpers.uasset
[2017.12.04-05.39.28:426][438]SourceControl: Commited [master b728a98] Added Bumper.
