Log file open, 12/01/17 21:44:49
LogWindows: Failed to load 'aqProf.dll' (GetLastError=126)
LogWindows: File 'aqProf.dll' does not exist
LogWindows: Failed to load 'VSPerf140.dll' (GetLastError=126)
LogWindows: File 'VSPerf140.dll' does not exist
LogWindows: Failed to load 'VtuneApi.dll' (GetLastError=126)
LogWindows: File 'VtuneApi.dll' does not exist
LogWindows: Failed to load 'VtuneApi32e.dll' (GetLastError=126)
LogWindows: File 'VtuneApi32e.dll' does not exist
LogInit: Display: Running engine for game: BowlerBall
LogPlatformFile: Not using cached read wrapper
LogInit: Display: RandInit(-776144945) SRandInit(-776144945).
LogInit: Read version file with build ID '3709383'
LogInit: Overriding engine version to CL 3754814, compatible CL 3709383
LogInit: Registered custom module enumerator with build ID '3709383'
LogTaskGraph: Started task graph with 5 named threads and 14 total threads with 3 sets of task threads.
LogStats: Stats thread started at 0.212408
LogD3D11RHI: Aftermath initialized
LogModuleManager: Display: Found up-to-date module file ../../../Engine/Plugins/2D/Paper2D/Binaries/Win64/UE4Editor-Paper2D.dll (API version 3709383).
LogModuleManager: Display: Found up-to-date module file ../../../Engine/Plugins/2D/Paper2D/Binaries/Win64/UE4Editor-Paper2DEditor.dll (API version 3709383).
LogModuleManager: Display: Found up-to-date module file ../../../Engine/Plugins/2D/Paper2D/Binaries/Win64/UE4Editor-PaperSpriteSheetImporter.dll (API version 3709383).
LogModuleManager: Display: Found up-to-date module file ../../../Engine/Plugins/2D/Paper2D/Binaries/Win64/UE4Editor-PaperTiledImporter.dll (API version 3709383).
LogModuleManager: Display: Found up-to-date module file ../../../Engine/Plugins/2D/Paper2D/Binaries/Win64/UE4Editor-SmartSnapping.dll (API version 3709383).
LogModuleManager: Display: Found up-to-date module file ../../../Engine/Plugins/Blendables/LightPropagationVolume/Binaries/Win64/UE4Editor-LightPropagationVolumeRuntime.dll (API version 3709383).
LogModuleManager: Display: Found up-to-date module file ../../../Engine/Plugins/Blendables/LightPropagationVolume/Binaries/Win64/UE4Editor-LightPropagationVolumeEditor.dll (API version 3709383).
LogModuleManager: Display: Found up-to-date module file ../../../Engine/Plugins/Developer/GitSourceControl/Binaries/Win64/UE4Editor-GitSourceControl.dll (API version 3709383).
LogModuleManager: Display: Found up-to-date module file ../../../Engine/Plugins/Developer/PerforceSourceControl/Binaries/Win64/UE4Editor-PerforceSourceControl.dll (API version 3709383).
LogModuleManager: Display: Found up-to-date module file ../../../Engine/Plugins/Developer/SubversionSourceControl/Binaries/Win64/UE4Editor-SubversionSourceControl.dll (API version 3709383).
LogModuleManager: Display: Found up-to-date module file ../../../Engine/Plugins/Developer/UObjectPlugin/Binaries/Win64/UE4Editor-UObjectPlugin.dll (API version 3709383).
LogModuleManager: Display: Found up-to-date module file ../../../Engine/Plugins/Developer/VisualStudioCodeSourceCodeAccess/Binaries/Win64/UE4Editor-VisualStudioCodeSourceCodeAccess.dll (API version 3709383).
LogModuleManager: Display: Found up-to-date module file ../../../Engine/Plugins/Developer/VisualStudioSourceCodeAccess/Binaries/Win64/UE4Editor-VisualStudioSourceCodeAccess.dll (API version 3709383).
LogModuleManager: Display: Found up-to-date module file ../../../Engine/Plugins/Editor/AssetManagerEditor/Binaries/Win64/UE4Editor-AssetManagerEditor.dll (API version 3709383).
LogModuleManager: Display: Found up-to-date module file ../../../Engine/Plugins/Editor/AudioCapture/Binaries/Win64/UE4Editor-AudioCapture.dll (API version 3709383).
LogModuleManager: Display: Found up-to-date module file ../../../Engine/Plugins/Editor/FacialAnimation/Binaries/Win64/UE4Editor-FacialAnimation.dll (API version 3709383).
LogModuleManager: Display: Found up-to-date module file ../../../Engine/Plugins/Editor/FacialAnimation/Binaries/Win64/UE4Editor-FacialAnimationEditor.dll (API version 3709383).
LogModuleManager: Display: Found up-to-date module file ../../../Engine/Plugins/Editor/GameplayTagsEditor/Binaries/Win64/UE4Editor-GameplayTagsEditor.dll (API version 3709383).
LogModuleManager: Display: Found up-to-date module file ../../../Engine/Plugins/Editor/MobileLauncherProfileWizard/Binaries/Win64/UE4Editor-MobileLauncherProfileWizard.dll (API version 3709383).
LogModuleManager: Display: Found up-to-date module file ../../../Engine/Plugins/Editor/PluginBrowser/Binaries/Win64/UE4Editor-PluginBrowser.dll (API version 3709383).
LogModuleManager: Display: Found up-to-date module file ../../../Engine/Plugins/Editor/SpeedTreeImporter/Binaries/Win64/UE4Editor-SpeedTreeImporter.dll (API version 3709383).
LogModuleManager: Display: Found up-to-date module file ../../../Engine/Plugins/Experimental/AlembicImporter/Binaries/Win64/UE4Editor-AlembicImporter.dll (API version 3709383).
LogModuleManager: Display: Found up-to-date module file ../../../Engine/Plugins/Experimental/AlembicImporter/Binaries/Win64/UE4Editor-AlembicLibrary.dll (API version 3709383).
LogModuleManager: Display: Found up-to-date module file ../../../Engine/Plugins/Experimental/CharacterAI/Binaries/Win64/UE4Editor-CharacterAI.dll (API version 3709383).
LogModuleManager: Display: Found up-to-date module file ../../../Engine/Plugins/Experimental/HTML5Networking/Binaries/Win64/UE4Editor-HTML5Networking.dll (API version 3709383).
LogModuleManager: Display: Found up-to-date module file ../../../Engine/Plugins/Media/AndroidMedia/Binaries/Win64/UE4Editor-AndroidMediaEditor.dll (API version 3709383).
LogModuleManager: Display: Found up-to-date module file ../../../Engine/Plugins/Media/AndroidMedia/Binaries/Win64/UE4Editor-AndroidMediaFactory.dll (API version 3709383).
LogModuleManager: Display: Found up-to-date module file ../../../Engine/Plugins/Media/AvfMedia/Binaries/Win64/UE4Editor-AvfMediaEditor.dll (API version 3709383).
LogModuleManager: Display: Found up-to-date module file ../../../Engine/Plugins/Media/AvfMedia/Binaries/Win64/UE4Editor-AvfMediaFactory.dll (API version 3709383).
LogModuleManager: Display: Found up-to-date module file ../../../Engine/Plugins/Media/AvfMedia/Binaries/Win64/UE4Editor-AvfMediaFactory.dll (API version 3709383).
LogModuleManager: Display: Found up-to-date module file ../../../Engine/Plugins/Media/ImgMedia/Binaries/Win64/UE4Editor-ImgMedia.dll (API version 3709383).
LogModuleManager: Display: Found up-to-date module file ../../../Engine/Plugins/Media/ImgMedia/Binaries/Win64/UE4Editor-ImgMediaEditor.dll (API version 3709383).
LogModuleManager: Display: Found up-to-date module file ../../../Engine/Plugins/Media/ImgMedia/Binaries/Win64/UE4Editor-ImgMediaFactory.dll (API version 3709383).
LogModuleManager: Display: Found up-to-date module file ../../../Engine/Plugins/Media/ImgMedia/Binaries/Win64/UE4Editor-ImgMediaFactory.dll (API version 3709383).
LogModuleManager: Display: Found up-to-date module file ../../../Engine/Plugins/Media/ImgMedia/Binaries/Win64/UE4Editor-OpenExrWrapper.dll (API version 3709383).
LogModuleManager: Display: Found up-to-date module file ../../../Engine/Plugins/Media/MediaCompositing/Binaries/Win64/UE4Editor-MediaCompositing.dll (API version 3709383).
LogModuleManager: Display: Found up-to-date module file ../../../Engine/Plugins/Media/MediaCompositing/Binaries/Win64/UE4Editor-MediaCompositingEditor.dll (API version 3709383).
LogModuleManager: Display: Found up-to-date module file ../../../Engine/Plugins/Media/MediaPlayerEditor/Binaries/Win64/UE4Editor-MediaPlayerEditor.dll (API version 3709383).
LogModuleManager: Display: Found up-to-date module file ../../../Engine/Plugins/Media/WmfMedia/Binaries/Win64/UE4Editor-WmfMedia.dll (API version 3709383).
LogModuleManager: Display: Found up-to-date module file ../../../Engine/Plugins/Media/WmfMedia/Binaries/Win64/UE4Editor-WmfMediaEditor.dll (API version 3709383).
LogModuleManager: Display: Found up-to-date module file ../../../Engine/Plugins/Media/WmfMedia/Binaries/Win64/UE4Editor-WmfMediaFactory.dll (API version 3709383).
LogModuleManager: Display: Found up-to-date module file ../../../Engine/Plugins/Media/WmfMedia/Binaries/Win64/UE4Editor-WmfMediaFactory.dll (API version 3709383).
LogModuleManager: Display: Found up-to-date module file ../../../Engine/Plugins/Messaging/TcpMessaging/Binaries/Win64/UE4Editor-TcpMessaging.dll (API version 3709383).
LogModuleManager: Display: Found up-to-date module file ../../../Engine/Plugins/Messaging/UdpMessaging/Binaries/Win64/UE4Editor-UdpMessaging.dll (API version 3709383).
LogModuleManager: Display: Found up-to-date module file ../../../Engine/Plugins/MovieScene/ActorSequence/Binaries/Win64/UE4Editor-ActorSequence.dll (API version 3709383).
LogModuleManager: Display: Found up-to-date module file ../../../Engine/Plugins/MovieScene/LevelSequenceEditor/Binaries/Win64/UE4Editor-LevelSequenceEditor.dll (API version 3709383).
LogModuleManager: Display: Found up-to-date module file ../../../Engine/Plugins/MovieScene/MatineeToLevelSequence/Binaries/Win64/UE4Editor-MatineeToLevelSequence.dll (API version 3709383).
LogModuleManager: Display: Found up-to-date module file ../../../Engine/Plugins/Online/OnlineSubsystem/Binaries/Win64/UE4Editor-OnlineSubsystem.dll (API version 3709383).
LogModuleManager: Display: Found up-to-date module file ../../../Engine/Plugins/Runtime/AndroidPermission/Binaries/Win64/UE4Editor-AndroidPermission.dll (API version 3709383).
LogModuleManager: Display: Found up-to-date module file ../../../Engine/Plugins/Online/OnlineSubsystemNull/Binaries/Win64/UE4Editor-OnlineSubsystemNull.dll (API version 3709383).
LogModuleManager: Display: Found up-to-date module file ../../../Engine/Plugins/Online/OnlineSubsystemUtils/Binaries/Win64/UE4Editor-OnlineSubsystemUtils.dll (API version 3709383).
LogModuleManager: Display: Found up-to-date module file ../../../Engine/Plugins/Online/OnlineSubsystemUtils/Binaries/Win64/UE4Editor-OnlineBlueprintSupport.dll (API version 3709383).
LogModuleManager: Display: Found up-to-date module file ../../../Engine/Plugins/Runtime/AndroidDeviceProfileSelector/Binaries/Win64/UE4Editor-AndroidDeviceProfileSelector.dll (API version 3709383).
LogModuleManager: Display: Found up-to-date module file ../../../Engine/Plugins/Runtime/AppleARKit/Binaries/Win64/UE4Editor-AppleARKit.dll (API version 3709383).
LogModuleManager: Display: Found up-to-date module file ../../../Engine/Plugins/Runtime/ArchVisCharacter/Binaries/Win64/UE4Editor-ArchVisCharacter.dll (API version 3709383).
LogModuleManager: Display: Found up-to-date module file ../../../Engine/Plugins/Runtime/CableComponent/Binaries/Win64/UE4Editor-CableComponent.dll (API version 3709383).
LogModuleManager: Display: Found up-to-date module file ../../../Engine/Plugins/Runtime/CustomMeshComponent/Binaries/Win64/UE4Editor-CustomMeshComponent.dll (API version 3709383).
LogModuleManager: Display: Found up-to-date module file ../../../Engine/Plugins/Runtime/ExampleDeviceProfileSelector/Binaries/Win64/UE4Editor-ExampleDeviceProfileSelector.dll (API version 3709383).
LogModuleManager: Display: Found up-to-date module file ../../../Engine/Plugins/Runtime/ImmediatePhysics/Binaries/Win64/UE4Editor-ImmediatePhysics.dll (API version 3709383).
LogModuleManager: Display: Found up-to-date module file ../../../Engine/Plugins/Runtime/ImmediatePhysics/Binaries/Win64/UE4Editor-ImmediatePhysicsEditor.dll (API version 3709383).
LogModuleManager: Display: Found up-to-date module file ../../../Engine/Plugins/Runtime/LocationServicesBPLibrary/Binaries/Win64/UE4Editor-LocationServicesBPLibrary.dll (API version 3709383).
LogModuleManager: Display: Found up-to-date module file ../../../Engine/Plugins/Runtime/MobilePatchingUtils/Binaries/Win64/UE4Editor-MobilePatchingUtils.dll (API version 3709383).
LogModuleManager: Display: Found up-to-date module file ../../../Engine/Plugins/Runtime/Oculus/OculusVR/Binaries/Win64/UE4Editor-OculusHMD.dll (API version 3709383).
LogModuleManager: Display: Found up-to-date module file ../../../Engine/Plugins/Runtime/Oculus/OculusVR/Binaries/Win64/UE4Editor-OculusInput.dll (API version 3709383).
LogModuleManager: Display: Found up-to-date module file ../../../Engine/Plugins/Runtime/Oculus/OculusVR/Binaries/Win64/UE4Editor-OculusEditor.dll (API version 3709383).
LogModuleManager: Display: Found up-to-date module file ../../../Engine/Plugins/Runtime/PhysXVehicles/Binaries/Win64/UE4Editor-PhysXVehicles.dll (API version 3709383).
LogModuleManager: Display: Found up-to-date module file ../../../Engine/Plugins/Runtime/PhysXVehicles/Binaries/Win64/UE4Editor-PhysXVehiclesEditor.dll (API version 3709383).
LogModuleManager: Display: Found up-to-date module file ../../../Engine/Plugins/Runtime/ProceduralMeshComponent/Binaries/Win64/UE4Editor-ProceduralMeshComponent.dll (API version 3709383).
LogModuleManager: Display: Found up-to-date module file ../../../Engine/Plugins/Runtime/ProceduralMeshComponent/Binaries/Win64/UE4Editor-ProceduralMeshComponentEditor.dll (API version 3709383).
LogModuleManager: Display: Found up-to-date module file ../../../Engine/Plugins/Runtime/RuntimePhysXCooking/Binaries/Win64/UE4Editor-RuntimePhysXCooking.dll (API version 3709383).
LogModuleManager: Display: Found up-to-date module file ../../../Engine/Plugins/Runtime/Steam/SteamVR/Binaries/Win64/UE4Editor-SteamVR.dll (API version 3709383).
LogModuleManager: Display: Found up-to-date module file ../../../Engine/Plugins/Runtime/Steam/SteamVR/Binaries/Win64/UE4Editor-SteamVRController.dll (API version 3709383).
LogModuleManager: Display: Found up-to-date module file ../../../Engine/Plugins/Runtime/WindowsMoviePlayer/Binaries/Win64/UE4Editor-WindowsMoviePlayer.dll (API version 3709383).
LogPluginManager: Mounting plugin Paper2D
LogPluginManager: Mounting plugin LightPropagationVolume
LogPluginManager: Mounting plugin CodeLiteSourceCodeAccess
LogPluginManager: Mounting plugin GitSourceControl
LogPluginManager: Mounting plugin KDevelopSourceCodeAccess
LogPluginManager: Mounting plugin NullSourceCodeAccess
LogPluginManager: Mounting plugin PerforceSourceControl
LogPluginManager: Mounting plugin SubversionSourceControl
LogPluginManager: Mounting plugin UObjectPlugin
LogPluginManager: Mounting plugin VisualStudioCodeSourceCodeAccess
LogPluginManager: Mounting plugin VisualStudioSourceCodeAccess
LogPluginManager: Mounting plugin XCodeSourceCodeAccess
LogPluginManager: Mounting plugin AssetManagerEditor
LogPluginManager: Mounting plugin AudioCapture
LogPluginManager: Mounting plugin FacialAnimation
LogPluginManager: Mounting plugin GameplayTagsEditor
LogPluginManager: Mounting plugin MobileLauncherProfileWizard
LogPluginManager: Mounting plugin PluginBrowser
LogPluginManager: Mounting plugin SpeedTreeImporter
LogPluginManager: Mounting plugin AlembicImporter
LogPluginManager: Mounting plugin CharacterAI
LogPluginManager: Mounting plugin HTML5Networking
LogPluginManager: Mounting plugin AndroidMedia
LogPluginManager: Mounting plugin AvfMedia
LogPluginManager: Mounting plugin ImgMedia
LogPluginManager: Mounting plugin MediaCompositing
LogPluginManager: Mounting plugin MediaPlayerEditor
LogPluginManager: Mounting plugin WmfMedia
LogPluginManager: Mounting plugin TcpMessaging
LogPluginManager: Mounting plugin UdpMessaging
LogPluginManager: Mounting plugin ActorSequence
LogPluginManager: Mounting plugin LevelSequenceEditor
LogPluginManager: Mounting plugin MatineeToLevelSequence
LogPluginManager: Mounting plugin OnlineSubsystemGooglePlay
LogPluginManager: Mounting plugin OnlineSubsystemIOS
LogPluginManager: Mounting plugin OnlineSubsystem
LogPluginManager: Mounting plugin OnlineSubsystemNull
LogPluginManager: Mounting plugin OnlineSubsystemUtils
LogPluginManager: Mounting plugin AndroidDeviceProfileSelector
LogPluginManager: Mounting plugin AndroidMoviePlayer
LogPluginManager: Mounting plugin AndroidPermission
LogPluginManager: Mounting plugin AppleARKit
LogPluginManager: Mounting plugin AppleMoviePlayer
LogPluginManager: Mounting plugin ArchVisCharacter
LogPluginManager: Mounting plugin CableComponent
LogPluginManager: Mounting plugin CustomMeshComponent
LogPluginManager: Mounting plugin ExampleDeviceProfileSelector
LogPluginManager: Mounting plugin GoogleCloudMessaging
LogPluginManager: Mounting plugin ImmediatePhysics
LogPluginManager: Mounting plugin IOSDeviceProfileSelector
LogPluginManager: Mounting plugin LinuxDeviceProfileSelector
LogPluginManager: Mounting plugin LocationServicesBPLibrary
LogPluginManager: Mounting plugin MobilePatchingUtils
LogPluginManager: Mounting plugin OculusVR
LogPluginManager: Plugin shader directory ../../../Engine/Plugins/Runtime/Oculus/OculusVR/Shaders found
LogPluginManager: Mapping shader source directory ../../../Engine/Plugins/Runtime/Oculus/OculusVR/Shaders to virtual directory /Plugin/OculusVR
LogPluginManager: Mounting plugin PhysXVehicles
LogPluginManager: Mounting plugin ProceduralMeshComponent
LogPluginManager: Mounting plugin RuntimePhysXCooking
LogPluginManager: Mounting plugin SteamVR
LogPluginManager: Mounting plugin WindowsMoviePlayer
LogInit: Using libcurl 7.47.1
LogInit:  - built for x86_64-pc-win32
LogInit:  - supports SSL with OpenSSL/1.0.2g
LogInit:  - supports HTTP deflate (compression) using libz 1.2.8
LogInit:  - other features:
LogInit:      CURL_VERSION_SSL
LogInit:      CURL_VERSION_LIBZ
LogInit:      CURL_VERSION_IPV6
LogInit:      CURL_VERSION_ASYNCHDNS
LogInit:      CURL_VERSION_LARGEFILE
LogInit:      CURL_VERSION_IDN
LogInit:  CurlRequestOptions (configurable via config and command line):
LogInit:  - bVerifyPeer = false  - Libcurl will NOT verify peer certificate
LogInit:  - bUseHttpProxy = false  - Libcurl will NOT use HTTP proxy
LogInit:  - bDontReuseConnections = false  - Libcurl will reuse connections
LogInit:  - CertBundlePath = nullptr  - Libcurl will use whatever was configured at build time.
LogInit: Build: ++UE4+Release-4.18-CL-3754814
LogInit: Engine Version: 4.18.1-3754814+++UE4+Release-4.18
LogInit: Compatible Engine Version: 4.18.0-3709383+++UE4+Release-4.18
LogInit: Net CL: 3709383
LogDevObjectVersion: Number of dev versions registered: 16
LogDevObjectVersion:   Dev-Blueprints (B0D832E4-1F89-4F0D-ACCF-7EB736FD4AA2): 10
LogDevObjectVersion:   Dev-Build (E1C64328-A22C-4D53-A36C-8E866417BD8C): 0
LogDevObjectVersion:   Dev-Core (375EC13C-06E4-48FB-B500-84F0262A717E): 2
LogDevObjectVersion:   Dev-Editor (E4B068ED-F494-42E9-A231-DA0B2E46BB41): 20
LogDevObjectVersion:   Dev-Framework (CFFC743F-43B0-4480-9391-14DF171D2073): 30
LogDevObjectVersion:   Dev-Mobile (B02B49B5-BB20-44E9-A304-32B752E40360): 0
LogDevObjectVersion:   Dev-Networking (A4E4105C-59A1-49B5-A7C5-40C4547EDFEE): 0
LogDevObjectVersion:   Dev-Online (39C831C9-5AE6-47DC-9A44-9C173E1C8E7C): 0
LogDevObjectVersion:   Dev-Physics (78F01B33-EBEA-4F98-B9B4-84EACCB95AA2): 0
LogDevObjectVersion:   Dev-Platform (6631380F-2D4D-43E0-8009-CF276956A95A): 0
LogDevObjectVersion:   Dev-Rendering (12F88B9F-8875-4AFC-A67C-D90C383ABD29): 20
LogDevObjectVersion:   Dev-Sequencer (7B5AE74C-D270-4C10-A958-57980B212A5A): 4
LogDevObjectVersion:   Dev-VR (D7296918-1DD6-4BDD-9DE2-64A83CC13884): 0
LogDevObjectVersion:   Dev-LoadTimes (C2A15278-BFE7-4AFE-6C17-90FF531DF755): 1
LogDevObjectVersion:   Private-Geometry (6EACA3D4-40EC-4CC1-B786-8BED09428FC5): 1
LogDevObjectVersion:   Dev-AnimPhys (29E575DD-E0A3-4627-9D10-D276232CDCEA): 12
LogInit: Compiled (64-bit): Nov 14 2017 02:05:55
LogInit: Compiled with Visual C++: 19.00.24215.01
LogInit: Build Configuration: Development
LogInit: Branch Name: ++UE4+Release-4.18
LogInit: Command line:  
LogInit: Base directory: C:/Program Files/Epic Games/UE_4.18/Engine/Binaries/Win64/
LogInit: Installed Engine Build: 1
LogInit: Presizing for max 8388607 objects, including 0 objects not considered by GC, pre-allocating 0 bytes for permanent pool.
LogInit: Object subsystem initialized
[2017.12.02-04.44.52:276][  0]LogInit: Selected Device Profile: [Windows]
[2017.12.02-04.44.52:276][  0]LogInit: Applying CVar settings loaded from the selected device profile: [Windows]
[2017.12.02-04.44.52:295][  0]LogInit: Computer: DESKTOP-OEP2RU7
[2017.12.02-04.44.52:295][  0]LogInit: User: Tyson
[2017.12.02-04.44.52:295][  0]LogInit: CPU Page size=4096, Cores=4
[2017.12.02-04.44.52:295][  0]LogInit: High frequency timer resolution =3.429534 MHz
[2017.12.02-04.44.52:295][  0]LogMemory: Memory total: Physical=15.9GB (16GB approx)
[2017.12.02-04.44.52:295][  0]LogMemory: Platform Memory Stats for Windows
[2017.12.02-04.44.52:295][  0]LogMemory: Process Physical Memory: 280.24 MB used, 280.24 MB peak
[2017.12.02-04.44.52:295][  0]LogMemory: Process Virtual Memory: 275.91 MB used, 275.91 MB peak
[2017.12.02-04.44.52:295][  0]LogMemory: Physical Memory: 7313.05 MB used,  8969.29 MB free, 16282.34 MB total
[2017.12.02-04.44.52:295][  0]LogMemory: Virtual Memory: 702.87 MB used,  8969.29 MB free, 134217728.00 MB total
[2017.12.02-04.44.52:639][  0]LogInit: Using OS detected language (en-US).
[2017.12.02-04.44.52:639][  0]LogInit: Using OS detected locale (en-US).
[2017.12.02-04.44.52:643][  0]LogTextLocalizationManager: No specific localization for 'en-US' exists, so the 'en' localization will be used.
[2017.12.02-04.44.53:194][  0]LogInit: Setting process to per monitor DPI aware
[2017.12.02-04.44.53:608][  0]LogD3D11RHI: D3D11 adapters:
[2017.12.02-04.44.53:677][  0]LogD3D11RHI:    0. 'NVIDIA GeForce GTX 1070' (Feature Level 11_0)
[2017.12.02-04.44.53:677][  0]LogD3D11RHI:       8085/0/8141 MB DedicatedVideo/DedicatedSystem/SharedSystem, Outputs:2, VendorId:0x10de
[2017.12.02-04.44.53:679][  0]LogD3D11RHI:    1. 'Microsoft Basic Render Driver' (Feature Level 11_0)
[2017.12.02-04.44.53:679][  0]LogD3D11RHI:       0/0/8141 MB DedicatedVideo/DedicatedSystem/SharedSystem, Outputs:0, VendorId:0x1414
[2017.12.02-04.44.53:679][  0]LogD3D11RHI: Chosen D3D11 Adapter: 0
[2017.12.02-04.44.53:688][  0]LogD3D11RHI: Creating new Direct3DDevice
[2017.12.02-04.44.53:688][  0]LogD3D11RHI:     GPU DeviceId: 0x1b81 (for the marketing name, search the web for "GPU Device Id")
[2017.12.02-04.44.53:688][  0]LogWindows: EnumDisplayDevices:
[2017.12.02-04.44.53:688][  0]LogWindows:    0. 'NVIDIA GeForce GTX 1070' (P:0 D:1)
[2017.12.02-04.44.53:689][  0]LogWindows:    1. 'NVIDIA GeForce GTX 1070' (P:1 D:1)
[2017.12.02-04.44.53:689][  0]LogWindows:    2. 'NVIDIA GeForce GTX 1070' (P:0 D:0)
[2017.12.02-04.44.53:689][  0]LogWindows:    3. 'NVIDIA GeForce GTX 1070' (P:0 D:0)
[2017.12.02-04.44.53:689][  0]LogWindows: DebugString: FoundDriverCount:4 
[2017.12.02-04.44.53:689][  0]LogD3D11RHI:     Adapter Name: NVIDIA GeForce GTX 1070
[2017.12.02-04.44.53:689][  0]LogD3D11RHI:   Driver Version: 384.94 (internal:22.21.13.8494, unified:384.94)
[2017.12.02-04.44.53:689][  0]LogD3D11RHI:      Driver Date: 7-18-2017
[2017.12.02-04.44.53:689][  0]LogRHI: Texture pool is 5660 MB (70% of 8085 MB)
[2017.12.02-04.44.53:731][  0]LogD3D11RHI: Async texture creation enabled
[2017.12.02-04.44.53:743][  0]LogD3D11RHI: GPU Timing Frequency: 1000.000000 (Debug: 2 1)
[2017.12.02-04.44.53:840][  0]LogShaderCompilers: Guid format shader working directory is -29 characters bigger than the processId version (../../../../../../Users/Tyson/Desktop/Unreal/My Unreal Projects/BowlerBall/Intermediate/Shaders/WorkingDirectory/14116/).
[2017.12.02-04.44.53:840][  0]LogShaderCompilers: Cleaned the shader compiler working directory 'C:/Users/Tyson/AppData/Local/Temp/UnrealShaderWorkingDir/D0A9514D42AFA98E1C3DC688940FE54A/'.
[2017.12.02-04.44.53:840][  0]LogShaderCompilers: Display: Using Local Shader Compiler.
[2017.12.02-04.44.55:384][  0]LogTemp: Display: Loaded TP AllDesktopTargetPlatform
[2017.12.02-04.44.55:496][  0]LogTemp: Display: Loaded TP MacClientTargetPlatform
[2017.12.02-04.44.55:609][  0]LogTemp: Display: Loaded TP MacNoEditorTargetPlatform
[2017.12.02-04.44.55:721][  0]LogTemp: Display: Loaded TP MacServerTargetPlatform
[2017.12.02-04.44.55:838][  0]LogTemp: Display: Loaded TP MacTargetPlatform
[2017.12.02-04.44.55:949][  0]LogTemp: Display: Loaded TP WindowsClientTargetPlatform
[2017.12.02-04.44.56:066][  0]LogTemp: Display: Loaded TP WindowsNoEditorTargetPlatform
[2017.12.02-04.44.56:180][  0]LogTemp: Display: Loaded TP WindowsServerTargetPlatform
[2017.12.02-04.44.56:284][  0]LogTemp: Display: Loaded TP WindowsTargetPlatform
[2017.12.02-04.44.56:397][  0]LogTemp: Display: Loaded TP Android_ASTCTargetPlatform
[2017.12.02-04.44.56:512][  0]LogTemp: Display: Loaded TP Android_ATCTargetPlatform
[2017.12.02-04.44.56:625][  0]LogTemp: Display: Loaded TP Android_DXTTargetPlatform
[2017.12.02-04.44.56:738][  0]LogTemp: Display: Loaded TP Android_ETC1TargetPlatform
[2017.12.02-04.44.56:849][  0]LogTemp: Display: Loaded TP Android_ETC2TargetPlatform
[2017.12.02-04.44.57:072][  0]LogTemp: Display: Loaded TP Android_MultiTargetPlatform
[2017.12.02-04.44.57:072][  0]LogTemp: Display: Loaded TP Android_PVRTCTargetPlatform
[2017.12.02-04.44.57:182][  0]LogTemp: Display: Loaded TP AndroidTargetPlatform
[2017.12.02-04.44.57:278][  0]LogTemp: Display: Loaded TP HTML5TargetPlatform
[2017.12.02-04.44.57:454][  0]LogTemp: Display: Loaded TP IOSTargetPlatform
[2017.12.02-04.44.57:517][  0]LogTemp: Display: Loaded TP TVOSTargetPlatform
[2017.12.02-04.44.57:630][  0]LogTemp: Display: Loaded TP LinuxClientTargetPlatform
[2017.12.02-04.44.57:741][  0]LogTemp: Display: Loaded TP LinuxNoEditorTargetPlatform
[2017.12.02-04.44.57:851][  0]LogTemp: Display: Loaded TP LinuxServerTargetPlatform
[2017.12.02-04.44.57:964][  0]LogTemp: Display: Loaded TP LinuxTargetPlatform
[2017.12.02-04.44.57:964][  0]LogTargetPlatformManager: Display: Building Assets For Windows
[2017.12.02-04.44.59:176][  0]LogDerivedDataCache: Display: Max Cache Size: 512 MB
[2017.12.02-04.44.59:338][  0]LogDerivedDataCache: Loaded boot cache 0.16s 78MB C:/Users/Tyson/AppData/Local/UnrealEngine/4.18/DerivedDataCache/Boot.ddc.
[2017.12.02-04.44.59:338][  0]LogDerivedDataCache: Display: Loaded Boot cache: C:/Users/Tyson/AppData/Local/UnrealEngine/4.18/DerivedDataCache/Boot.ddc
[2017.12.02-04.44.59:338][  0]LogDerivedDataCache: FDerivedDataBackendGraph:  Pak pak cache file ../../../../../../Users/Tyson/Desktop/Unreal/My Unreal Projects/BowlerBall/DerivedDataCache/DDC.ddp not found, will not use a pak cache.
[2017.12.02-04.44.59:338][  0]LogDerivedDataCache: Unable to find inner node Pak for hierarchical cache Hierarchy.
[2017.12.02-04.44.59:338][  0]LogDerivedDataCache: FDerivedDataBackendGraph:  CompressedPak pak cache file ../../../../../../Users/Tyson/Desktop/Unreal/My Unreal Projects/BowlerBall/DerivedDataCache/Compressed.ddp not found, will not use a pak cache.
[2017.12.02-04.44.59:338][  0]LogDerivedDataCache: Unable to find inner node CompressedPak for hierarchical cache Hierarchy.
[2017.12.02-04.44.59:362][  0]LogDerivedDataCache: Display: Pak cache opened for reading ../../../Engine/DerivedDataCache/Compressed.ddp.
[2017.12.02-04.44.59:391][  0]LogDerivedDataCache: Using Local data cache path C:/Users/Tyson/AppData/Local/UnrealEngine/Common/DerivedDataCache: Writable
[2017.12.02-04.44.59:414][  0]LogMaterial: Verifying Global Shaders for PCD3D_SM5
[2017.12.02-04.44.59:414][  0]LogSlate: Using Freetype 2.6.0
[2017.12.02-04.44.59:415][  0]LogSlate: SlateFontCache - WITH_FREETYPE: 1, WITH_HARFBUZZ: 1
[2017.12.02-04.44.59:415][  0]LogSlate: SlateFontCache - WITH_FREETYPE: 1, WITH_HARFBUZZ: 1
[2017.12.02-04.45.00:049][  0]LogInit: Selected Device Profile: [Windows]
[2017.12.02-04.45.00:757][  0]LogSimplygon: Simplygon DLL not present - disabling.
[2017.12.02-04.45.00:866][  0]LogMeshReduction: Using SimplygonSwarm for distributed automatic mesh merging
[2017.12.02-04.45.00:866][  0]LogMeshReduction: Using QuadricMeshReduction for automatic static mesh reduction
[2017.12.02-04.45.00:866][  0]LogMeshReduction: No automatic skeletal mesh reduction module available
[2017.12.02-04.45.00:866][  0]LogMeshReduction: No automatic mesh merging module available
[2017.12.02-04.45.00:866][  0]LogMeshMerging: No automatic mesh merging module available
[2017.12.02-04.45.00:919][  0]LogNetVersion: BowlerBall , NetCL: 3709383, EngineNetVer: 2, GameNetVer: 0 (Checksum: 1227897878)
[2017.12.02-04.45.01:192][  0]LogAssetRegistry: FAssetRegistry took 0.0312 seconds to start up
[2017.12.02-04.45.02:073][  0]LogPackageLocalizationCache: Processed 7 localized package path(s) for 2 prioritized culture(s) in 0.104659 seconds
[2017.12.02-04.45.02:083][  0]LogUObjectArray: 35900 objects as part of root set at end of initial load.
[2017.12.02-04.45.02:083][  0]LogUObjectAllocator: 7372016 out of 0 bytes used by permanent object pool.
[2017.12.02-04.45.02:083][  0]LogUObjectArray: CloseDisregardForGC: 0/0 objects in disregard for GC pool
[2017.12.02-04.45.02:221][  0]LogInit: WinSock: version 1.1 (2.2), MaxSocks=32767, MaxUdp=65467
[2017.12.02-04.45.07:486][  0]LogTcpMessaging: Initializing TcpMessaging bridge
[2017.12.02-04.45.07:558][  0]LogUdpMessaging: Initializing bridge on interface 0.0.0.0:0 to multicast group 230.0.0.1:6666.
[2017.12.02-04.45.08:798][  0]LogMaterial: Uniform references updated for custom material expression Custom.
[2017.12.02-04.45.09:571][  0]SourceControl: Source control is disabled
[2017.12.02-04.45.11:668][  0]LogAndroidPermission: UAndroidPermissionCallbackProxy::GetInstance
[2017.12.02-04.45.12:192][  0]LogOcInput: OculusInput pre-init called
[2017.12.02-04.45.12:730][  0]LogEngine: Initializing Engine...
[2017.12.02-04.45.12:733][  0]LogHMD: Oculus plugin initialized. Version: 4.18.1-3754814+++UE4+Release-4.18, OVRPlugin: 1.19.0
[2017.12.02-04.45.13:064][  0]LogStats: UGameplayTagsManager::ConstructGameplayTagTree: Construct from data asset -  0.000 s
[2017.12.02-04.45.13:064][  0]LogStats: UGameplayTagsManager::ConstructGameplayTagTree: GameplayTagTreeChangedEvent.Broadcast -  0.000 s
[2017.12.02-04.45.13:319][  0]LogAIModule: Creating AISystem for world Untitled
[2017.12.02-04.45.13:349][  0]LogInit: XAudio2 using 'Speakers (Realtek High Definition Audio)' : 2 channels at 48 kHz using 32 bits per sample (channel mask 0x3)
[2017.12.02-04.45.13:372][  0]LogInit: FAudioDevice initialized.
[2017.12.02-04.45.13:501][  0]LogDerivedDataCache: Saved boot cache 0.13s 78MB C:/Users/Tyson/AppData/Local/UnrealEngine/4.18/DerivedDataCache/Boot.ddc.
[2017.12.02-04.45.13:539][  0]LogInit: Texture streaming: Enabled
[2017.12.02-04.45.13:746][  0]LogEngineSessionManager: EngineSessionManager initialized
[2017.12.02-04.45.13:999][  0]LogInit: Transaction tracking system initialized
[2017.12.02-04.45.14:625][  0]BlueprintLog: New page: Editor Load
[2017.12.02-04.45.16:387][  0]LocalizationService: Localization service is disabled
[2017.12.02-04.45.17:822][  0]LogConsoleResponse: Display: 
[2017.12.02-04.45.18:085][  0]LogCook: Display: Max memory allowance for cook 16384mb min free memory 0mb
[2017.12.02-04.45.18:085][  0]LogCook: Display: Mobile HDR setting 1
[2017.12.02-04.45.18:085][  0]LogGameplayTags: Display: UGameplayTagsManager::DoneAddingNativeTags. DelegateIsBound: 0
[2017.12.02-04.45.18:955][  0]LogFileCache: Scanning file cache for directory 'C:/Users/Tyson/Desktop/Unreal/My Unreal Projects/BowlerBall/Content/' took 0.01s
[2017.12.02-04.45.20:430][  0]Cmd: MAP LOAD FILE="../../../Engine/Content/Maps/Templates/Template_Default.umap" TEMPLATE=1 SHOWPROGRESS=1 FEATURELEVEL=3
[2017.12.02-04.45.20:430][  0]LightingResults: New page: Lighting Build
[2017.12.02-04.45.20:513][  0]MapCheck: New page: Map Check
[2017.12.02-04.45.20:513][  0]LightingResults: New page: Lighting Build
[2017.12.02-04.45.20:913][  0]LogAIModule: Creating AISystem for world Untitled_1
[2017.12.02-04.45.20:921][  0]LogEditorServer: Finished looking for orphan Actors (0.000 secs)
[2017.12.02-04.45.20:974][  0]Cmd: MAP CHECKDEP NOCLEARLOG
[2017.12.02-04.45.21:055][  0]MapCheck: Map check complete: 0 Error(s), 0 Warning(s), took 80.632ms to complete.
[2017.12.02-04.45.21:055][  0]LogFileHelpers: Loading map 'Template_Default' took 0.624
[2017.12.02-04.45.21:279][  0]LogCollectionManager: Loaded 0 collections in 0.003280 seconds
[2017.12.02-04.45.21:412][  0]LogFileCache: Scanning file cache for directory 'C:/Users/Tyson/Desktop/Unreal/My Unreal Projects/BowlerBall/Saved/Collections/' took 0.01s
[2017.12.02-04.45.21:412][  0]LogFileCache: Scanning file cache for directory 'C:/Users/Tyson/Desktop/Unreal/My Unreal Projects/BowlerBall/Content/Developers/Tyson/Collections/' took 0.01s
[2017.12.02-04.45.21:412][  0]LogFileCache: Scanning file cache for directory 'C:/Users/Tyson/Desktop/Unreal/My Unreal Projects/BowlerBall/Content/Collections/' took 0.01s
[2017.12.02-04.45.21:412][  0]LogCollectionManager: Rebuilt the GUID cache for 0 collections in 0.000001 seconds
[2017.12.02-04.45.21:427][  0]LogContentBrowser: Native class hierarchy populated in 0.0142 seconds. Added 2363 classes and 519 folders.
[2017.12.02-04.45.21:559][  0]LogContentBrowser: Native class hierarchy updated for 'WidgetCarousel' in 0.0003 seconds. Added 0 classes and 0 folders.
[2017.12.02-04.45.21:627][  0]LogContentBrowser: Native class hierarchy updated for 'AddContentDialog' in 0.0003 seconds. Added 0 classes and 0 folders.
[2017.12.02-04.45.21:718][  0]LogContentBrowser: Native class hierarchy updated for 'SceneOutliner' in 0.0004 seconds. Added 1 classes and 2 folders.
[2017.12.02-04.45.21:740][  0]LogSlate: Took 0.000366 seconds to synchronously load lazily loaded font '../../../Engine/Content/Slate/Fonts/Roboto-Regular.ttf' (155K)
[2017.12.02-04.45.21:743][  0]LogSlate: Took 0.000345 seconds to synchronously load lazily loaded font '../../../Engine/Content/Slate/Fonts/Roboto-Bold.ttf' (160K)
[2017.12.02-04.45.21:751][  0]LogSlate: Took 0.000321 seconds to synchronously load lazily loaded font '../../../Engine/Content/Editor/Slate/Fonts/FontAwesome.ttf' (139K)
[2017.12.02-04.45.21:888][  0]LogRenderer: Reallocating scene render targets to support 964x436 Format 10 NumSamples 1 (Frame:1).
[2017.12.02-04.45.22:125][  0]LogContentBrowser: Native class hierarchy updated for 'HierarchicalLODOutliner' in 0.0004 seconds. Added 1 classes and 2 folders.
[2017.12.02-04.45.22:125][  0]LogLoad: (Engine Initialization) Total time: 34.05 seconds
[2017.12.02-04.45.22:125][  0]LogLoad: (Engine Initialization) Total Blueprint compile time: 0.00 seconds
[2017.12.02-04.45.22:125][  0]LogExternalProfiler: No external profilers were discovered.  External profiling features will not be available.
[2017.12.02-04.45.22:135][  0]LogWindowsTextInputMethodSystem: Display: IME system now deactivated.
[2017.12.02-04.45.22:149][  0]LogOcInput: OculusInput is initialized
[2017.12.02-04.45.22:171][  0]SourceControl: On branch PlatformB
[2017.12.02-04.45.22:171][  0]SourceControl: Your branch is up to date with 'origin/PlatformB'.
[2017.12.02-04.45.22:171][  0]SourceControl: Changes not staged for commit:
[2017.12.02-04.45.22:171][  0]SourceControl:   (use "git add/rm <file>..." to update what will be committed)
[2017.12.02-04.45.22:171][  0]SourceControl:   (use "git checkout -- <file>..." to discard changes in working directory)
[2017.12.02-04.45.22:171][  0]SourceControl: 	deleted:    BowlerBowl.uproject
[2017.12.02-04.45.22:171][  0]SourceControl: 	modified:   Intermediate/CachedAssetRegistry.bin
[2017.12.02-04.45.22:172][  0]SourceControl: 	modified:   Saved/Config/Windows/Engine.ini
[2017.12.02-04.45.22:172][  0]SourceControl: Untracked files:
[2017.12.02-04.45.22:172][  0]SourceControl:   (use "git add <file>..." to include in what will be committed)
[2017.12.02-04.45.22:172][  0]SourceControl: 	BowlerBall.uproject
[2017.12.02-04.45.22:172][  0]SourceControl: 	Saved/Config/CrashReportClient/UE4CC-Windows-68D17F574C328D1476929C91B31107D1/
[2017.12.02-04.45.22:172][  0]SourceControl: 	Saved/Config/CrashReportClient/UE4CC-Windows-8165A827465E01D89C9DC89E39AC20E4/
[2017.12.02-04.45.22:172][  0]SourceControl: 	Saved/Logs/BowlerBall.log
[2017.12.02-04.45.22:172][  0]SourceControl: 	Saved/Logs/BowlerBall_2.log
[2017.12.02-04.45.22:172][  0]SourceControl: no changes added to commit (use "git add" and/or "git commit -a")
[2017.12.02-04.45.22:172][  0]LogContentStreaming: Texture pool size now 1000 MB
[2017.12.02-04.45.22:252][  1]LogAssetRegistry: Asset discovery search completed in 21.0824 seconds
[2017.12.02-04.45.22:254][  1]LogCollectionManager: Rebuilt the object cache for 0 collections in 0.000000 seconds (found 0 objects)
[2017.12.02-04.45.22:255][  1]LogCollectionManager: Fixed up redirectors for 0 collections in 0.000057 seconds (updated 0 objects)
[2017.12.02-04.45.26:232][464]LogSlate: Took 0.000213 seconds to synchronously load lazily loaded font '../../../Engine/Content/Slate/Fonts/Roboto-Light.ttf' (159K)
[2017.12.02-04.45.36:492][684]LogSlate: Took 0.000231 seconds to synchronously load lazily loaded font '../../../Engine/Content/Slate/Fonts/Roboto-Light.ttf' (159K)
[2017.12.02-04.45.36:697][684]LogStaticMesh: Building static mesh PlatformStaticMesh...
[2017.12.02-04.45.36:732][684]LogStaticMesh: Built static mesh [0.04s] /Game/Assets/PlatformStaticMesh.PlatformStaticMesh
[2017.12.02-04.45.36:784][684]LogMaterial: Missing cached shader map for material Material, compiling. 
[2017.12.02-04.45.36:839][684]LogAIModule: Creating AISystem for world TestPlatform
[2017.12.02-04.45.37:022][684]Cmd: MAP LOAD FILE="../../../../../../Users/Tyson/Desktop/Unreal/My Unreal Projects/BowlerBall/Content/Maps/TestPlatform.umap" TEMPLATE=0 SHOWPROGRESS=1 FEATURELEVEL=3
[2017.12.02-04.45.37:022][684]LightingResults: New page: Lighting Build
[2017.12.02-04.45.37:033][684]LoadErrors: New page: Loading map: TestPlatform.umap
[2017.12.02-04.45.37:033][684]MapCheck: New page: Map Check
[2017.12.02-04.45.37:033][684]LightingResults: New page: Lighting Build
[2017.12.02-04.45.37:108][684]LogEditorServer: Finished looking for orphan Actors (0.000 secs)
[2017.12.02-04.45.37:198][684]Cmd: MAP CHECKDEP NOCLEARLOG
[2017.12.02-04.45.37:300][684]MapCheck: Map check complete: 0 Error(s), 0 Warning(s), took 102.15ms to complete.
[2017.12.02-04.45.37:301][684]LogFileHelpers: Loading map 'TestPlatform' took 0.343
[2017.12.02-04.45.38:529][808]LogTemp: Repeating last play command: Selected Viewport
[2017.12.02-04.45.38:614][808]LogPlayLevel: PlayLevel: No blueprints needed recompiling
[2017.12.02-04.45.38:632][808]LogHMD: Initializing OVRPlugin session
[2017.12.02-04.45.45:231][808]PIE: New page: PIE session: TestPlatform (Dec 1, 2017, 2:45:44 PM)
[2017.12.02-04.45.45:270][808]LogPlayLevel: Creating play world package: /Game/Maps/UEDPIE_0_TestPlatform
[2017.12.02-04.45.45:471][808]LogPlayLevel: PIE: StaticDuplicateObject took: (0.201086s)
[2017.12.02-04.45.45:472][808]LogAIModule: Creating AISystem for world TestPlatform
[2017.12.02-04.45.45:513][808]LogPlayLevel: PIE: World Init took: (0.042329s)
[2017.12.02-04.45.45:545][808]LogPlayLevel: PIE: Created PIE world by copying editor world from /Game/Maps/TestPlatform.TestPlatform to /Game/Maps/UEDPIE_0_TestPlatform.TestPlatform (0.275062s)
[2017.12.02-04.45.45:671][808]LogInit: XAudio2 using 'Speakers (Realtek High Definition Audio)' : 2 channels at 48 kHz using 32 bits per sample (channel mask 0x3)
[2017.12.02-04.45.45:688][808]LogInit: FAudioDevice initialized.
[2017.12.02-04.45.46:413][808]LogLoad: Game class is 'BowlerBallGameMode_C'
[2017.12.02-04.45.46:750][808]LogWorld: Bringing World /Game/Maps/UEDPIE_0_TestPlatform.TestPlatform up for play (max tick rate 0) at 2017.12.01-21.45.46
[2017.12.02-04.45.47:022][808]LogWorld: Bringing up level for play took: 0.272720
[2017.12.02-04.45.47:696][808]LogContentBrowser: Native class hierarchy updated for 'MovieSceneCapture' in 0.0004 seconds. Added 11 classes and 0 folders.
[2017.12.02-04.45.47:777][808]PIE: Play in editor start time for /Game/Maps/UEDPIE_0_TestPlatform 9.884
[2017.12.02-04.47.22:740][395]SourceControl: fatal: C:/Program Files/Epic Games/UE_4.18/Engine/Content/: 'C:/Program Files/Epic Games/UE_4.18/Engine/Content/' is outside repository
[2017.12.02-04.47.22:960][395]LogPackageName: Error: Illegal call to DoesPackageExist: '../../../../../../Users/Tyson/Desktop/Unreal/My Unreal Projects/BowlerBall/BowlerBall.uproject' is not a standard unreal filename or a long path name. Reason: Path should be no less than 4 characters long.
[2017.12.02-04.47.23:277][395]LogStats: FPlatformStackWalk::StackWalkAndDump -  0.317 s
[2017.12.02-04.47.23:293][395]LogOutputDevice: Error: === Handled ensure: ===
[2017.12.02-04.47.23:293][395]LogOutputDevice: Error: 
[2017.12.02-04.47.23:293][395]LogOutputDevice: Error: Ensure condition failed: false [File:D:\Build\++UE4+Release-4.18+Compile\Sync\Engine\Source\Runtime\CoreUObject\Private\Misc\PackageName.cpp] [Line: 810]
[2017.12.02-04.47.23:293][395]LogOutputDevice: Error: Illegal call to DoesPackageExist: '../../../../../../Users/Tyson/Desktop/Unreal/My Unreal Projects/BowlerBall/BowlerBall.uproject' is not a standard unreal filename or a long path name. Reason: Path should be no less than 4 characters long.
[2017.12.02-04.47.23:293][395]LogOutputDevice: Error: Stack: 
[2017.12.02-04.47.23:293][395]LogOutputDevice: Error: [Callstack] 0x0000000041482786 UE4Editor-Core.dll!UnknownFunction []
[2017.12.02-04.47.23:293][395]LogOutputDevice: Error: [Callstack] 0x000000004122123A UE4Editor-Core.dll!UnknownFunction []
[2017.12.02-04.47.23:294][395]LogOutputDevice: Error: [Callstack] 0x000000004123B906 UE4Editor-Core.dll!UnknownFunction []
[2017.12.02-04.47.23:294][395]LogOutputDevice: Error: [Callstack] 0x0000000050E48B45 UE4Editor-CoreUObject.dll!UnknownFunction []
[2017.12.02-04.47.23:294][395]LogOutputDevice: Error: [Callstack] 0x000000006CAA76B2 UE4Editor-SourceControl.dll!UnknownFunction []
[2017.12.02-04.47.23:294][395]LogOutputDevice: Error: [Callstack] 0x000000006CAA7847 UE4Editor-SourceControl.dll!UnknownFunction []
[2017.12.02-04.47.23:294][395]LogOutputDevice: Error: [Callstack] 0x0000000035AD85AE UE4Editor-SourceControlWindows.dll!UnknownFunction []
[2017.12.02-04.47.23:294][395]LogOutputDevice: Error: [Callstack] 0x0000000035A94475 UE4Editor-SourceControlWindows.dll!UnknownFunction []
[2017.12.02-04.47.23:294][395]LogOutputDevice: Error: [Callstack] 0x0000000035A93A4D UE4Editor-SourceControlWindows.dll!UnknownFunction []
[2017.12.02-04.47.23:294][395]LogOutputDevice: Error: [Callstack] 0x0000000035AA8AA4 UE4Editor-SourceControlWindows.dll!UnknownFunction []
[2017.12.02-04.47.23:294][395]LogOutputDevice: Error: [Callstack] 0x000000002BA239D9 UE4Editor-GitSourceControl.dll!UnknownFunction []
[2017.12.02-04.47.23:294][395]LogOutputDevice: Error: [Callstack] 0x000000006CAAC5BC UE4Editor-SourceControl.dll!UnknownFunction []
[2017.12.02-04.47.23:294][395]LogOutputDevice: Error: [Callstack] 0x000000003CF772BF UE4Editor-UnrealEd.dll!UnknownFunction []
[2017.12.02-04.47.23:294][395]LogOutputDevice: Error: [Callstack] 0x000000003D824926 UE4Editor-UnrealEd.dll!UnknownFunction []
[2017.12.02-04.47.23:294][395]LogOutputDevice: Error: [Callstack] 0x000000005DA85A26 UE4Editor.exe!UnknownFunction []
[2017.12.02-04.47.23:294][395]LogOutputDevice: Error: [Callstack] 0x000000005DA95430 UE4Editor.exe!UnknownFunction []
[2017.12.02-04.47.23:294][395]LogOutputDevice: Error: [Callstack] 0x000000005DA954AA UE4Editor.exe!UnknownFunction []
[2017.12.02-04.47.23:294][395]LogOutputDevice: Error: [Callstack] 0x000000005DAA2379 UE4Editor.exe!UnknownFunction []
[2017.12.02-04.47.23:294][395]LogOutputDevice: Error: [Callstack] 0x000000005DAA3D57 UE4Editor.exe!UnknownFunction []
[2017.12.02-04.47.23:294][395]LogOutputDevice: Error: [Callstack] 0x0000000096E32774 KERNEL32.DLL!UnknownFunction []
[2017.12.02-04.47.23:294][395]LogOutputDevice: Error: [Callstack] 0x0000000097600D51 ntdll.dll!UnknownFunction []
[2017.12.02-04.47.23:294][395]LogOutputDevice: Error: 
[2017.12.02-04.47.23:303][395]LogStats:                SubmitErrorReport -  0.000 s
[2017.12.02-04.47.30:614][395]LogStats:                    SendNewReport -  7.311 s
[2017.12.02-04.47.30:615][395]LogStats:             FDebug::EnsureFailed -  7.654 s
[2017.12.02-04.47.54:346][395]LogSourceControl: FGitCheckInWorker: commit successful
[2017.12.02-04.47.54:391][395]SourceControl: [PlatformB 1ffc93e] Added project to My PC
[2017.12.02-04.47.54:391][395]SourceControl:  1 file changed, 6 insertions(+)
[2017.12.02-04.47.54:391][395]SourceControl:  create mode 100644 BowlerBall.uproject
[2017.12.02-04.47.54:407][395]SourceControl: Commited [PlatformB 1ffc93e] Added project to My PC.
[2017.12.02-04.48.19:479][228]LogWindowsTextInputMethodSystem: Display: IME system now deactivated.
[2017.12.02-04.48.19:672][229]Cmd: QUIT_EDITOR
[2017.12.02-04.48.19:752][229]LogExit: Preparing to exit.
[2017.12.02-04.48.20:596][229]LogDirectoryWatcher: A directory notification for 'C:/Users/Tyson/Desktop/Unreal/My Unreal Projects/BowlerBall/Content/' was aborted.
[2017.12.02-04.48.20:622][229]LogExit: Editor shut down
[2017.12.02-04.48.20:631][229]LogExit: Transaction tracking system shut down
[2017.12.02-04.48.20:710][229]LogDirectoryWatcher: A directory notification for '../../../Engine/Content/' was aborted.
[2017.12.02-04.48.20:710][229]LogDirectoryWatcher: A directory notification for '../../../../../../Users/Tyson/Desktop/Unreal/My Unreal Projects/BowlerBall/Content/' was aborted.
[2017.12.02-04.48.20:710][229]LogDirectoryWatcher: A directory notification for '../../../Engine/Plugins/2D/Paper2D/Content/' was aborted.
[2017.12.02-04.48.20:710][229]LogDirectoryWatcher: A directory notification for '../../../Engine/Plugins/Media/MediaCompositing/Content/' was aborted.
[2017.12.02-04.48.20:710][229]LogDirectoryWatcher: A directory notification for '../../../Engine/Plugins/Runtime/AppleARKit/Content/' was aborted.
[2017.12.02-04.48.20:710][229]LogDirectoryWatcher: A directory notification for '../../../Engine/Plugins/Runtime/Oculus/OculusVR/Content/' was aborted.
[2017.12.02-04.48.20:710][229]LogDirectoryWatcher: A directory notification for '../../../Engine/Plugins/Runtime/Steam/SteamVR/Content/' was aborted.
[2017.12.02-04.48.20:770][229]LogExit: Object subsystem successfully closed.
[2017.12.02-04.48.20:785][229]LogD3D11RHI: Shutdown
[2017.12.02-04.48.20:785][229]LogD3D11RHI: CleanupD3DDevice
[2017.12.02-04.48.20:789][229]LogD3D11RHI: ~FD3D11DynamicRHI
[2017.12.02-04.48.20:819][229]LogModuleManager: Shutting down and abandoning module MovieSceneCapture (552)
[2017.12.02-04.48.20:819][229]LogModuleManager: Shutting down and abandoning module HierarchicalLODOutliner (550)
[2017.12.02-04.48.20:819][229]LogModuleManager: Shutting down and abandoning module SceneOutliner (548)
[2017.12.02-04.48.20:819][229]LogModuleManager: Shutting down and abandoning module AddContentDialog (546)
[2017.12.02-04.48.20:820][229]LogDirectoryWatcher: A directory notification for 'C:/Program Files/Epic Games/UE_4.18/FeaturePacks/' was aborted.
[2017.12.02-04.48.20:821][229]LogModuleManager: Shutting down and abandoning module WidgetCarousel (545)
[2017.12.02-04.48.20:821][229]LogModuleManager: Shutting down and abandoning module EditorWidgets (542)
[2017.12.02-04.48.20:821][229]LogModuleManager: Shutting down and abandoning module CollectionManager (540)
[2017.12.02-04.48.20:821][229]LogDirectoryWatcher: A directory notification for 'C:/Users/Tyson/Desktop/Unreal/My Unreal Projects/BowlerBall/Content/Collections/' was aborted.
[2017.12.02-04.48.20:821][229]LogDirectoryWatcher: A directory notification for 'C:/Users/Tyson/Desktop/Unreal/My Unreal Projects/BowlerBall/Content/Developers/Tyson/Collections/' was aborted.
[2017.12.02-04.48.20:821][229]LogDirectoryWatcher: A directory notification for 'C:/Users/Tyson/Desktop/Unreal/My Unreal Projects/BowlerBall/Saved/Collections/' was aborted.
[2017.12.02-04.48.20:821][229]LogModuleManager: Shutting down and abandoning module HierarchicalLODUtilities (538)
[2017.12.02-04.48.20:821][229]LogModuleManager: Shutting down and abandoning module StatsViewer (536)
[2017.12.02-04.48.20:821][229]LogModuleManager: Shutting down and abandoning module FoliageEdit (534)
[2017.12.02-04.48.20:821][229]LogModuleManager: Shutting down and abandoning module LandscapeEditor (532)
[2017.12.02-04.48.20:822][229]LogModuleManager: Shutting down and abandoning module MeshPaintMode (530)
[2017.12.02-04.48.20:822][229]LogModuleManager: Shutting down and abandoning module SceneDepthPickerMode (528)
[2017.12.02-04.48.20:822][229]LogModuleManager: Shutting down and abandoning module ActorPickerMode (526)
[2017.12.02-04.48.20:822][229]LogModuleManager: Shutting down and abandoning module GeometryMode (524)
[2017.12.02-04.48.20:822][229]LogModuleManager: Shutting down and abandoning module TextureAlignMode (522)
[2017.12.02-04.48.20:822][229]LogModuleManager: Shutting down and abandoning module BspMode (520)
[2017.12.02-04.48.20:822][229]LogModuleManager: Shutting down and abandoning module PIEPreviewDeviceProfileSelector (518)
[2017.12.02-04.48.20:822][229]LogModuleManager: Shutting down and abandoning module HardwareSurvey (516)
[2017.12.02-04.48.20:822][229]LogModuleManager: Shutting down and abandoning module SequenceRecorderSections (514)
[2017.12.02-04.48.20:822][229]LogModuleManager: Shutting down and abandoning module AutomationWorker (512)
[2017.12.02-04.48.20:822][229]LogModuleManager: Shutting down and abandoning module MatineeToLevelSequence (510)
[2017.12.02-04.48.20:822][229]LogModuleManager: Shutting down and abandoning module LevelSequenceEditor (508)
[2017.12.02-04.48.20:822][229]LogModuleManager: Shutting down and abandoning module PlacementMode (507)
[2017.12.02-04.48.20:822][229]LogModuleManager: Shutting down and abandoning module WmfMediaFactory (504)
[2017.12.02-04.48.20:822][229]LogModuleManager: Shutting down and abandoning module WmfMediaEditor (502)
[2017.12.02-04.48.20:822][229]LogModuleManager: Shutting down and abandoning module OpenExrWrapper (500)
[2017.12.02-04.48.20:822][229]LogModuleManager: Shutting down and abandoning module ImgMediaFactory (498)
[2017.12.02-04.48.20:822][229]LogModuleManager: Shutting down and abandoning module ImgMediaEditor (496)
[2017.12.02-04.48.20:822][229]LogModuleManager: Shutting down and abandoning module AvfMediaFactory (494)
[2017.12.02-04.48.20:822][229]LogModuleManager: Shutting down and abandoning module AvfMediaEditor (492)
[2017.12.02-04.48.20:822][229]LogModuleManager: Shutting down and abandoning module AndroidMediaFactory (490)
[2017.12.02-04.48.20:822][229]LogModuleManager: Shutting down and abandoning module AndroidMediaEditor (488)
[2017.12.02-04.48.20:822][229]LogModuleManager: Shutting down and abandoning module CharacterAI (486)
[2017.12.02-04.48.20:822][229]LogModuleManager: Shutting down and abandoning module AudioCapture (484)
[2017.12.02-04.48.20:823][229]LogModuleManager: Shutting down and abandoning module SequenceRecorder (483)
[2017.12.02-04.48.20:823][229]LogModuleManager: Shutting down and abandoning module SmartSnapping (480)
[2017.12.02-04.48.20:823][229]LogModuleManager: Shutting down and abandoning module SessionServices (478)
[2017.12.02-04.48.20:823][229]LogModuleManager: Shutting down and abandoning module ViewportSnapping (476)
[2017.12.02-04.48.20:823][229]LogModuleManager: Shutting down and abandoning module ViewportInteraction (474)
[2017.12.02-04.48.20:823][229]LogModuleManager: Shutting down and abandoning module ClothPainter (472)
[2017.12.02-04.48.20:823][229]LogModuleManager: Shutting down and abandoning module SkeletalMeshEditor (471)
[2017.12.02-04.48.20:823][229]LogModuleManager: Shutting down and abandoning module LogVisualizer (468)
[2017.12.02-04.48.20:823][229]LogModuleManager: Shutting down and abandoning module IntroTutorials (466)
[2017.12.02-04.48.20:823][229]LogModuleManager: Shutting down and abandoning module GameProjectGeneration (465)
[2017.12.02-04.48.20:823][229]LogModuleManager: Shutting down and abandoning module IOSPlatformEditor (462)
[2017.12.02-04.48.20:823][229]LogModuleManager: Shutting down and abandoning module HTML5PlatformEditor (460)
[2017.12.02-04.48.20:823][229]LogModuleManager: Shutting down and abandoning module AndroidPlatformEditor (458)
[2017.12.02-04.48.20:823][229]LogModuleManager: Shutting down and abandoning module AndroidDeviceDetection (457)
[2017.12.02-04.48.21:548][229]LogModuleManager: Shutting down and abandoning module WindowsPlatformEditor (454)
[2017.12.02-04.48.21:548][229]LogModuleManager: Shutting down and abandoning module IOSRuntimeSettings (452)
[2017.12.02-04.48.21:548][229]LogModuleManager: Shutting down and abandoning module AndroidRuntimeSettings (450)
[2017.12.02-04.48.21:548][229]LogModuleManager: Shutting down and abandoning module InputBindingEditor (448)
[2017.12.02-04.48.21:549][229]LogModuleManager: Shutting down and abandoning module MergeActors (446)
[2017.12.02-04.48.21:549][229]LogModuleManager: Shutting down and abandoning module SizeMap (444)
[2017.12.02-04.48.21:549][229]LogModuleManager: Shutting down and abandoning module TreeMap (442)
[2017.12.02-04.48.21:549][229]LogModuleManager: Shutting down and abandoning module ReferenceViewer (440)
[2017.12.02-04.48.21:549][229]LogModuleManager: Shutting down and abandoning module LocalizationDashboard (438)
[2017.12.02-04.48.21:549][229]LogModuleManager: Shutting down and abandoning module LocalizationService (437)
[2017.12.02-04.48.21:549][229]LogModuleManager: Shutting down and abandoning module HardwareTargeting (434)
[2017.12.02-04.48.21:549][229]LogModuleManager: Shutting down and abandoning module DeviceProfileEditor (432)
[2017.12.02-04.48.21:549][229]LogModuleManager: Shutting down and abandoning module UndoHistory (430)
[2017.12.02-04.48.21:549][229]LogModuleManager: Shutting down and abandoning module XmlParser (428)
[2017.12.02-04.48.21:549][229]LogModuleManager: Shutting down and abandoning module Blutility (426)
[2017.12.02-04.48.21:549][229]LogModuleManager: Shutting down and abandoning module ProjectSettingsViewer (424)
[2017.12.02-04.48.21:549][229]LogModuleManager: Shutting down and abandoning module ProjectTargetPlatformEditor (423)
[2017.12.02-04.48.21:549][229]LogModuleManager: Shutting down and abandoning module EditorSettingsViewer (420)
[2017.12.02-04.48.21:549][229]LogModuleManager: Shutting down and abandoning module SettingsEditor (418)
[2017.12.02-04.48.21:549][229]LogModuleManager: Shutting down and abandoning module ProjectLauncher (416)
[2017.12.02-04.48.21:549][229]LogModuleManager: Shutting down and abandoning module SessionFrontend (414)
[2017.12.02-04.48.21:549][229]LogModuleManager: Shutting down and abandoning module ProfilerClient (412)
[2017.12.02-04.48.21:549][229]LogModuleManager: Shutting down and abandoning module DeviceManager (410)
[2017.12.02-04.48.21:549][229]LogModuleManager: Shutting down and abandoning module TargetDeviceServices (409)
[2017.12.02-04.48.21:602][229]LogModuleManager: Shutting down and abandoning module AutomationController (406)
[2017.12.02-04.48.21:602][229]LogModuleManager: Shutting down and abandoning module AutomationWindow (404)
[2017.12.02-04.48.21:602][229]LogModuleManager: Shutting down and abandoning module Layers (402)
[2017.12.02-04.48.21:602][229]LogModuleManager: Shutting down and abandoning module ComponentVisualizers (400)
[2017.12.02-04.48.21:602][229]LogModuleManager: Shutting down and abandoning module DetailCustomizations (398)
[2017.12.02-04.48.21:602][229]LogModuleManager: Shutting down and abandoning module PackagesDialog (396)
[2017.12.02-04.48.21:603][229]LogModuleManager: Shutting down and abandoning module Persona (394)
[2017.12.02-04.48.21:603][229]LogModuleManager: Shutting down and abandoning module AdvancedPreviewScene (393)
[2017.12.02-04.48.21:603][229]LogModuleManager: Shutting down and abandoning module AnimGraph (391)
[2017.12.02-04.48.21:603][229]LogModuleManager: Shutting down and abandoning module Kismet (388)
[2017.12.02-04.48.21:603][229]LogModuleManager: Shutting down and abandoning module ClassViewer (386)
[2017.12.02-04.48.21:603][229]LogModuleManager: Shutting down and abandoning module Toolbox (384)
[2017.12.02-04.48.21:603][229]LogModuleManager: Shutting down and abandoning module ModuleUI (382)
[2017.12.02-04.48.21:603][229]LogModuleManager: Shutting down and abandoning module MovieSceneTools (380)
[2017.12.02-04.48.21:603][229]LogModuleManager: Shutting down and abandoning module OutputLog (378)
[2017.12.02-04.48.21:603][229]LogModuleManager: Shutting down and abandoning module GammaUI (376)
[2017.12.02-04.48.21:603][229]LogModuleManager: Shutting down and abandoning module Documentation (374)
[2017.12.02-04.48.21:604][229]LogModuleManager: Shutting down and abandoning module MovieSceneTracks (372)
[2017.12.02-04.48.21:604][229]LogModuleManager: Shutting down and abandoning module MovieScene (370)
[2017.12.02-04.48.21:604][229]LogModuleManager: Shutting down and abandoning module StreamingPauseRendering (368)
[2017.12.02-04.48.21:604][229]LogModuleManager: Shutting down and abandoning module LauncherPlatform (366)
[2017.12.02-04.48.21:604][229]LogModuleManager: Shutting down and abandoning module AnalyticsET (364)
[2017.12.02-04.48.21:604][229]LogModuleManager: Shutting down and abandoning module PortalServices (362)
[2017.12.02-04.48.21:604][229]LogModuleManager: Shutting down and abandoning module PortalRpc (360)
[2017.12.02-04.48.21:604][229]LogModuleManager: Shutting down and abandoning module MessagingRpc (358)
[2017.12.02-04.48.21:604][229]LogModuleManager: Shutting down and abandoning module AIModule (356)
[2017.12.02-04.48.21:604][229]LogModuleManager: Shutting down and abandoning module GameplayDebugger (355)
[2017.12.02-04.48.21:604][229]LogModuleManager: Shutting down and abandoning module AITestSuite (353)
[2017.12.02-04.48.21:604][229]LogModuleManager: Shutting down and abandoning module DesktopPlatform (350)
[2017.12.02-04.48.21:604][229]LogModuleManager: Shutting down and abandoning module ProfilerService (348)
[2017.12.02-04.48.21:853][229]LogModuleManager: Shutting down and abandoning module TaskGraph (346)
[2017.12.02-04.48.21:853][229]LogModuleManager: Shutting down and abandoning module SteamVRController (344)
[2017.12.02-04.48.21:853][229]LogModuleManager: Shutting down and abandoning module ProceduralMeshComponentEditor (342)
[2017.12.02-04.48.21:853][229]LogModuleManager: Shutting down and abandoning module ProceduralMeshComponent (340)
[2017.12.02-04.48.21:853][229]LogModuleManager: Shutting down and abandoning module OculusInput (338)
[2017.12.02-04.48.21:853][229]LogModuleManager: Shutting down and abandoning module MobilePatchingUtils (336)
[2017.12.02-04.48.21:853][229]LogModuleManager: Shutting down and abandoning module CustomMeshComponent (334)
[2017.12.02-04.48.21:853][229]LogModuleManager: Shutting down and abandoning module CableComponent (332)
[2017.12.02-04.48.21:853][229]LogModuleManager: Shutting down and abandoning module ArchVisCharacter (330)
[2017.12.02-04.48.21:853][229]LogModuleManager: Shutting down and abandoning module AndroidPermission (328)
[2017.12.02-04.48.21:853][229]LogModuleManager: Shutting down and abandoning module ActorSequence (324)
[2017.12.02-04.48.21:853][229]LogModuleManager: Shutting down and abandoning module MediaPlayerEditor (322)
[2017.12.02-04.48.21:853][229]LogModuleManager: Shutting down and abandoning module MediaCompositingEditor (320)
[2017.12.02-04.48.21:853][229]LogModuleManager: Shutting down and abandoning module MediaCompositing (318)
[2017.12.02-04.48.21:853][229]LogModuleManager: Shutting down and abandoning module HTML5Networking (316)
[2017.12.02-04.48.21:853][229]LogModuleManager: Shutting down and abandoning module AlembicImporter (314)
[2017.12.02-04.48.21:853][229]LogModuleManager: Shutting down and abandoning module AlembicLibrary (313)
[2017.12.02-04.48.21:853][229]LogModuleManager: Shutting down and abandoning module GeometryCache (312)
[2017.12.02-04.48.21:853][229]LogModuleManager: Shutting down and abandoning module GeometryCacheEd (311)
[2017.12.02-04.48.21:853][229]LogModuleManager: Shutting down and abandoning module SpeedTreeImporter (306)
[2017.12.02-04.48.21:853][229]LogModuleManager: Shutting down and abandoning module PluginBrowser (304)
[2017.12.02-04.48.21:854][229]LogModuleManager: Shutting down and abandoning module MobileLauncherProfileWizard (302)
[2017.12.02-04.48.21:854][229]LogModuleManager: Shutting down and abandoning module VisualStudioSourceCodeAccess (300)
[2017.12.02-04.48.21:854][229]LogModuleManager: Shutting down and abandoning module VisualStudioCodeSourceCodeAccess (298)
[2017.12.02-04.48.21:854][229]LogModuleManager: Shutting down and abandoning module UObjectPlugin (296)
[2017.12.02-04.48.21:854][229]LogModuleManager: Shutting down and abandoning module SubversionSourceControl (294)
[2017.12.02-04.48.21:854][229]LogModuleManager: Shutting down and abandoning module PerforceSourceControl (292)
[2017.12.02-04.48.21:854][229]LogModuleManager: Shutting down and abandoning module GitSourceControl (290)
[2017.12.02-04.48.21:854][229]LogModuleManager: Shutting down and abandoning module SourceControl (289)
[2017.12.02-04.48.21:854][229]LogModuleManager: Shutting down and abandoning module LightPropagationVolumeEditor (286)
[2017.12.02-04.48.21:854][229]LogModuleManager: Shutting down and abandoning module PaperTiledImporter (284)
[2017.12.02-04.48.21:854][229]LogModuleManager: Shutting down and abandoning module PaperSpriteSheetImporter (282)
[2017.12.02-04.48.21:854][229]LogModuleManager: Shutting down and abandoning module Paper2DEditor (280)
[2017.12.02-04.48.21:854][229]LogModuleManager: Shutting down and abandoning module MeshPaint (279)
[2017.12.02-04.48.21:854][229]LogModuleManager: Shutting down and abandoning module LevelEditor (277)
[2017.12.02-04.48.21:855][229]LogModuleManager: Shutting down and abandoning module PixelInspectorModule (276)
[2017.12.02-04.48.21:855][229]LogModuleManager: Shutting down and abandoning module MainFrame (274)
[2017.12.02-04.48.21:855][229]LogModuleManager: Shutting down and abandoning module HotReload (273)
[2017.12.02-04.48.21:856][229]LogModuleManager: Shutting down and abandoning module RuntimePhysXCooking (268)
[2017.12.02-04.48.21:856][229]LogModuleManager: Shutting down and abandoning module PhysXVehiclesEditor (266)
[2017.12.02-04.48.21:856][229]LogModuleManager: Shutting down and abandoning module PhysXVehicles (264)
[2017.12.02-04.48.21:856][229]LogModuleManager: Shutting down and abandoning module OculusEditor (262)
[2017.12.02-04.48.21:856][229]LogModuleManager: Shutting down and abandoning module LocationServicesBPLibrary (260)
[2017.12.02-04.48.21:856][229]LogModuleManager: Shutting down and abandoning module ImmediatePhysicsEditor (258)
[2017.12.02-04.48.21:856][229]LogModuleManager: Shutting down and abandoning module ImmediatePhysics (256)
[2017.12.02-04.48.21:856][229]LogModuleManager: Shutting down and abandoning module UdpMessaging (254)
[2017.12.02-04.48.21:957][229]LogModuleManager: Shutting down and abandoning module TcpMessaging (252)
[2017.12.02-04.48.22:058][229]LogModuleManager: Shutting down and abandoning module GameplayTagsEditor (250)
[2017.12.02-04.48.22:058][229]LogModuleManager: Shutting down and abandoning module FacialAnimationEditor (248)
[2017.12.02-04.48.22:058][229]LogModuleManager: Shutting down and abandoning module FacialAnimation (246)
[2017.12.02-04.48.22:058][229]LogModuleManager: Shutting down and abandoning module AssetManagerEditor (244)
[2017.12.02-04.48.22:058][229]LogModuleManager: Shutting down and abandoning module GraphEditor (243)
[2017.12.02-04.48.22:058][229]LogModuleManager: Shutting down and abandoning module ContentBrowser (241)
[2017.12.02-04.48.22:059][229]LogModuleManager: Shutting down and abandoning module LightPropagationVolumeRuntime (238)
[2017.12.02-04.48.22:059][229]LogModuleManager: Shutting down and abandoning module Paper2D (236)
[2017.12.02-04.48.22:059][229]LogModuleManager: Shutting down and abandoning module WindowsMoviePlayer (234)
[2017.12.02-04.48.22:059][229]LogModuleManager: Shutting down and abandoning module WmfMedia (232)
[2017.12.02-04.48.22:059][229]LogModuleManager: Shutting down and abandoning module ImgMedia (230)
[2017.12.02-04.48.22:059][229]LogModuleManager: Shutting down and abandoning module PacketHandler (228)
[2017.12.02-04.48.22:060][229]LogModuleManager: Shutting down and abandoning module ClothingSystemEditor (226)
[2017.12.02-04.48.22:060][229]LogModuleManager: Shutting down and abandoning module ClothingSystemRuntime (224)
[2017.12.02-04.48.22:060][229]LogModuleManager: Shutting down and abandoning module MediaAssets (222)
[2017.12.02-04.48.22:060][229]LogModuleManager: Shutting down and abandoning module Media (221)
[2017.12.02-04.48.22:066][229]LogModuleManager: Shutting down and abandoning module Overlay (218)
[2017.12.02-04.48.22:066][229]LogModuleManager: Shutting down and abandoning module OverlayEditor (217)
[2017.12.02-04.48.22:066][229]LogModuleManager: Shutting down and abandoning module VREditor (214)
[2017.12.02-04.48.22:066][229]LogModuleManager: Shutting down and abandoning module StringTableEditor (212)
[2017.12.02-04.48.22:066][229]LogModuleManager: Shutting down and abandoning module GameplayTasksEditor (210)
[2017.12.02-04.48.22:066][229]LogModuleManager: Shutting down and abandoning module BehaviorTreeEditor (208)
[2017.12.02-04.48.22:066][229]LogModuleManager: Shutting down and abandoning module FunctionalTesting (206)
[2017.12.02-04.48.22:066][229]LogModuleManager: Shutting down and abandoning module CollisionAnalyzer (204)
[2017.12.02-04.48.22:066][229]LogModuleManager: Shutting down and abandoning module WorkspaceMenuStructure (203)
[2017.12.02-04.48.22:066][229]LogModuleManager: Shutting down and abandoning module UMG (200)
[2017.12.02-04.48.22:066][229]LogModuleManager: Shutting down and abandoning module UMGEditor (199)
[2017.12.02-04.48.22:066][229]LogModuleManager: Shutting down and abandoning module Sequencer (198)
[2017.12.02-04.48.22:067][229]LogModuleManager: Shutting down and abandoning module MessageLog (195)
[2017.12.02-04.48.22:067][229]LogModuleManager: Shutting down and abandoning module SlateReflector (190)
[2017.12.02-04.48.22:067][229]LogModuleManager: Shutting down and abandoning module Slate (188)
[2017.12.02-04.48.22:067][229]LogModuleManager: Shutting down and abandoning module EditorStyle (186)
[2017.12.02-04.48.22:070][229]LogModuleManager: Shutting down and abandoning module MRMesh (184)
[2017.12.02-04.48.22:070][229]LogModuleManager: Shutting down and abandoning module SourceCodeAccess (182)
[2017.12.02-04.48.22:070][229]LogModuleManager: Shutting down and abandoning module HeadMountedDisplay (180)
[2017.12.02-04.48.22:070][229]LogModuleManager: Shutting down and abandoning module XAudio2 (178)
[2017.12.02-04.48.22:070][229]LogModuleManager: Shutting down and abandoning module Networking (176)
[2017.12.02-04.48.22:070][229]LogModuleManager: Shutting down and abandoning module Core (172)
[2017.12.02-04.48.22:070][229]LogModuleManager: Shutting down and abandoning module LevelSequence (168)
[2017.12.02-04.48.22:070][229]LogModuleManager: Shutting down and abandoning module DirectoryWatcher (166)
[2017.12.02-04.48.22:071][229]LogModuleManager: Shutting down and abandoning module KismetCompiler (164)
[2017.12.02-04.48.22:071][229]LogModuleManager: Shutting down and abandoning module MeshUtilities (162)
[2017.12.02-04.48.22:071][229]LogModuleManager: Shutting down and abandoning module MeshMergeUtilities (161)
[2017.12.02-04.48.22:072][229]LogModuleManager: Shutting down and abandoning module MeshReductionInterface (160)
[2017.12.02-04.48.22:072][229]LogModuleManager: Shutting down and abandoning module SimplygonSwarm (159)
[2017.12.02-04.48.22:072][229]LogModuleManager: Shutting down and abandoning module SimplygonMeshReduction (157)
[2017.12.02-04.48.22:072][229]LogModuleManager: Shutting down and abandoning module QuadricMeshReduction (155)
[2017.12.02-04.48.22:072][229]LogModuleManager: Shutting down and abandoning module MaterialBaking (151)
[2017.12.02-04.48.22:072][229]LogModuleManager: Shutting down and abandoning module DerivedDataCache (148)
[2017.12.02-04.48.22:168][229]LogDerivedDataCache: Shutdown
[2017.12.02-04.48.22:169][229]LogModuleManager: Shutting down and abandoning module TargetPlatform (146)
[2017.12.02-04.48.22:169][229]LogModuleManager: Shutting down and abandoning module VulkanShaderFormat (145)
[2017.12.02-04.48.22:169][229]LogModuleManager: Shutting down and abandoning module ShaderFormatVectorVM (143)
[2017.12.02-04.48.22:169][229]LogModuleManager: Shutting down and abandoning module ShaderFormatOpenGL (141)
[2017.12.02-04.48.22:169][229]LogModuleManager: Shutting down and abandoning module ShaderFormatD3D (139)
[2017.12.02-04.48.22:169][229]LogModuleManager: Shutting down and abandoning module MetalShaderFormat (137)
[2017.12.02-04.48.22:169][229]LogModuleManager: Shutting down and abandoning module TextureFormatUncompressed (135)
[2017.12.02-04.48.22:169][229]LogModuleManager: Shutting down and abandoning module TextureFormatPVR (133)
[2017.12.02-04.48.22:169][229]LogModuleManager: Shutting down and abandoning module TextureFormatDXT (131)
[2017.12.02-04.48.22:169][229]LogModuleManager: Shutting down and abandoning module TextureFormatIntelISPCTexComp (129)
[2017.12.02-04.48.22:169][229]LogModuleManager: Shutting down and abandoning module TextureFormatASTC (127)
[2017.12.02-04.48.22:169][229]LogModuleManager: Shutting down and abandoning module ImageWrapper (126)
[2017.12.02-04.48.22:169][229]LogModuleManager: Shutting down and abandoning module TextureFormatAndroid (123)
[2017.12.02-04.48.22:169][229]LogModuleManager: Shutting down and abandoning module AudioFormatOpus (121)
[2017.12.02-04.48.22:169][229]LogModuleManager: Shutting down and abandoning module AudioFormatOgg (119)
[2017.12.02-04.48.22:169][229]LogModuleManager: Shutting down and abandoning module AudioFormatADPCM (117)
[2017.12.02-04.48.22:169][229]LogModuleManager: Shutting down and abandoning module LinuxTargetPlatform (115)
[2017.12.02-04.48.22:169][229]LogModuleManager: Shutting down and abandoning module LinuxServerTargetPlatform (113)
[2017.12.02-04.48.22:169][229]LogModuleManager: Shutting down and abandoning module LinuxNoEditorTargetPlatform (111)
[2017.12.02-04.48.22:169][229]LogModuleManager: Shutting down and abandoning module LinuxClientTargetPlatform (109)
[2017.12.02-04.48.22:169][229]LogModuleManager: Shutting down and abandoning module TVOSTargetPlatform (107)
[2017.12.02-04.48.22:169][229]LogModuleManager: Shutting down and abandoning module Messaging (105)
[2017.12.02-04.48.22:169][229]LogModuleManager: Shutting down and abandoning module IOSTargetPlatform (103)
[2017.12.02-04.48.22:169][229]LogModuleManager: Shutting down and abandoning module HTML5TargetPlatform (101)
[2017.12.02-04.48.22:169][229]LogModuleManager: Shutting down and abandoning module AndroidTargetPlatform (99)
[2017.12.02-04.48.22:169][229]LogModuleManager: Shutting down and abandoning module Android_PVRTCTargetPlatform (97)
[2017.12.02-04.48.22:169][229]LogModuleManager: Shutting down and abandoning module Android_MultiTargetPlatform (95)
[2017.12.02-04.48.22:169][229]LogModuleManager: Shutting down and abandoning module Android_ETC2TargetPlatform (93)
[2017.12.02-04.48.22:169][229]LogModuleManager: Shutting down and abandoning module Android_ETC1TargetPlatform (91)
[2017.12.02-04.48.22:169][229]LogModuleManager: Shutting down and abandoning module Android_DXTTargetPlatform (89)
[2017.12.02-04.48.22:169][229]LogModuleManager: Shutting down and abandoning module Android_ATCTargetPlatform (87)
[2017.12.02-04.48.22:169][229]LogModuleManager: Shutting down and abandoning module Android_ASTCTargetPlatform (85)
[2017.12.02-04.48.22:169][229]LogModuleManager: Shutting down and abandoning module WindowsTargetPlatform (83)
[2017.12.02-04.48.22:169][229]LogModuleManager: Shutting down and abandoning module WindowsServerTargetPlatform (81)
[2017.12.02-04.48.22:169][229]LogModuleManager: Shutting down and abandoning module WindowsNoEditorTargetPlatform (79)
[2017.12.02-04.48.22:169][229]LogModuleManager: Shutting down and abandoning module WindowsClientTargetPlatform (77)
[2017.12.02-04.48.22:170][229]LogModuleManager: Shutting down and abandoning module MacTargetPlatform (75)
[2017.12.02-04.48.22:170][229]LogModuleManager: Shutting down and abandoning module MacServerTargetPlatform (73)
[2017.12.02-04.48.22:170][229]LogModuleManager: Shutting down and abandoning module MacNoEditorTargetPlatform (71)
[2017.12.02-04.48.22:170][229]LogModuleManager: Shutting down and abandoning module MacClientTargetPlatform (69)
[2017.12.02-04.48.22:170][229]LogModuleManager: Shutting down and abandoning module AllDesktopTargetPlatform (67)
[2017.12.02-04.48.22:170][229]LogModuleManager: Shutting down and abandoning module InputCore (64)
[2017.12.02-04.48.22:170][229]LogModuleManager: Shutting down and abandoning module Settings (62)
[2017.12.02-04.48.22:170][229]LogModuleManager: Shutting down and abandoning module PhysXCooking (60)
[2017.12.02-04.48.22:170][229]LogModuleManager: Shutting down and abandoning module SteamVR (58)
[2017.12.02-04.48.22:170][229]LogModuleManager: Shutting down and abandoning module OculusHMD (56)
[2017.12.02-04.48.22:170][229]LogModuleManager: Shutting down and abandoning module ExampleDeviceProfileSelector (54)
[2017.12.02-04.48.22:170][229]LogModuleManager: Shutting down and abandoning module AppleARKit (52)
[2017.12.02-04.48.22:170][229]LogModuleManager: Shutting down and abandoning module AugmentedReality (51)
[2017.12.02-04.48.22:170][229]LogModuleManager: Shutting down and abandoning module OnlineBlueprintSupport (48)
[2017.12.02-04.48.22:170][229]LogModuleManager: Shutting down and abandoning module OnlineSubsystem (44)
[2017.12.02-04.48.22:170][229]LogModuleManager: Shutting down and abandoning module XMPP (43)
[2017.12.02-04.48.22:170][229]LogModuleManager: Shutting down and abandoning module HTTP (41)
[2017.12.02-04.48.22:170][229]LogHttp: Display: Http module shutting down, but needs to wait on 1 outstanding Http requests:
[2017.12.02-04.48.22:170][229]LogHttp: Display: 	verb=[POST] url=[https://datarouter.ol.epicgames.com/datarouter/api/v1/public/data?SessionID=%7BD148F355-4186-69D8-DE04-07B41DCB15D0%7D&AppID=UEEditor.Rocket.Release&AppVersion=4.18.1-3754814%2B%2B%2BUE4%2BRelease-4.18&UserID=24b1d4644052d9f427c915b8fe606da1%7C65447e8320b245e9b110e75c04adaff1%7C7cf3b873-8a5f-4b3d-8274-23bd25636833&AppEnvironment=datacollector-binary&UploadType=eteventstream] status=Processing
[2017.12.02-04.48.22:202][229]LogModuleManager: Shutting down and abandoning module SSL (40)
[2017.12.02-04.48.22:203][229]LogModuleManager: Shutting down and abandoning module AnimationModifiers (36)
[2017.12.02-04.48.22:204][229]LogModuleManager: Shutting down and abandoning module PropertyEditor (35)
[2017.12.02-04.48.22:204][229]LogModuleManager: Shutting down and abandoning module AudioEditor (32)
[2017.12.02-04.48.22:204][229]LogModuleManager: Shutting down and abandoning module TextureCompressor (30)
[2017.12.02-04.48.22:204][229]LogModuleManager: Shutting down and abandoning module ShaderCore (28)
[2017.12.02-04.48.22:204][229]LogModuleManager: Shutting down and abandoning module Landscape (26)
[2017.12.02-04.48.22:204][229]LogModuleManager: Shutting down and abandoning module SlateRHIRenderer (24)
[2017.12.02-04.48.22:205][229]LogModuleManager: Shutting down and abandoning module OpenGLDrv (22)
[2017.12.02-04.48.22:205][229]LogModuleManager: Shutting down and abandoning module D3D11RHI (20)
[2017.12.02-04.48.22:205][229]LogModuleManager: Shutting down and abandoning module AnimGraphRuntime (18)
[2017.12.02-04.48.22:205][229]LogModuleManager: Shutting down and abandoning module Renderer (16)
[2017.12.02-04.48.22:205][229]LogModuleManager: Shutting down and abandoning module Engine (14)
[2017.12.02-04.48.22:205][229]LogModuleManager: Shutting down and abandoning module CoreUObject (12)
[2017.12.02-04.48.22:205][229]LogModuleManager: Shutting down and abandoning module NetworkFile (10)
[2017.12.02-04.48.22:205][229]LogModuleManager: Shutting down and abandoning module CookedIterativeFile (8)
[2017.12.02-04.48.22:205][229]LogModuleManager: Shutting down and abandoning module StreamingFile (6)
[2017.12.02-04.48.22:205][229]LogModuleManager: Shutting down and abandoning module SandboxFile (4)
[2017.12.02-04.48.22:205][229]LogModuleManager: Shutting down and abandoning module PakFile (2)
[2017.12.02-04.48.22:210][229]LogExit: Exiting.
[2017.12.02-04.48.22:231][229]Log file closed, 12/01/17 21:48:22
