Log file open, 12/22/17 02:06:33
LogWindows: Failed to load 'aqProf.dll' (GetLastError=126)
LogWindows: File 'aqProf.dll' does not exist
LogWindows: Failed to load 'VSPerf140.dll' (GetLastError=126)
LogWindows: File 'VSPerf140.dll' does not exist
LogWindows: Failed to load 'VtuneApi.dll' (GetLastError=126)
LogWindows: File 'VtuneApi.dll' does not exist
LogWindows: Failed to load 'VtuneApi32e.dll' (GetLastError=126)
LogWindows: File 'VtuneApi32e.dll' does not exist
LogInit: Display: Running engine for game: BowlerBall
LogPlatformFile: Not using cached read wrapper
LogInit: Display: RandInit(99173148) SRandInit(99173148).
LogInit: Read version file with build ID '3709383'
LogInit: Overriding engine version to CL 3754814, compatible CL 3709383
LogInit: Registered custom module enumerator with build ID '3709383'
LogTaskGraph: Started task graph with 5 named threads and 14 total threads with 3 sets of task threads.
LogStats: Stats thread started at 0.215370
LogD3D11RHI: Aftermath initialized
LogModuleManager: Display: Found up-to-date module file ../../../Engine/Plugins/2D/Paper2D/Binaries/Win64/UE4Editor-Paper2D.dll (API version 3709383).
LogModuleManager: Display: Found up-to-date module file ../../../Engine/Plugins/2D/Paper2D/Binaries/Win64/UE4Editor-Paper2DEditor.dll (API version 3709383).
LogModuleManager: Display: Found up-to-date module file ../../../Engine/Plugins/2D/Paper2D/Binaries/Win64/UE4Editor-PaperSpriteSheetImporter.dll (API version 3709383).
LogModuleManager: Display: Found up-to-date module file ../../../Engine/Plugins/2D/Paper2D/Binaries/Win64/UE4Editor-PaperTiledImporter.dll (API version 3709383).
LogModuleManager: Display: Found up-to-date module file ../../../Engine/Plugins/2D/Paper2D/Binaries/Win64/UE4Editor-SmartSnapping.dll (API version 3709383).
LogModuleManager: Display: Found up-to-date module file ../../../Engine/Plugins/Blendables/LightPropagationVolume/Binaries/Win64/UE4Editor-LightPropagationVolumeRuntime.dll (API version 3709383).
LogModuleManager: Display: Found up-to-date module file ../../../Engine/Plugins/Blendables/LightPropagationVolume/Binaries/Win64/UE4Editor-LightPropagationVolumeEditor.dll (API version 3709383).
LogModuleManager: Display: Found up-to-date module file ../../../Engine/Plugins/Developer/GitSourceControl/Binaries/Win64/UE4Editor-GitSourceControl.dll (API version 3709383).
LogModuleManager: Display: Found up-to-date module file ../../../Engine/Plugins/Developer/PerforceSourceControl/Binaries/Win64/UE4Editor-PerforceSourceControl.dll (API version 3709383).
LogModuleManager: Display: Found up-to-date module file ../../../Engine/Plugins/Developer/SubversionSourceControl/Binaries/Win64/UE4Editor-SubversionSourceControl.dll (API version 3709383).
LogModuleManager: Display: Found up-to-date module file ../../../Engine/Plugins/Developer/UObjectPlugin/Binaries/Win64/UE4Editor-UObjectPlugin.dll (API version 3709383).
LogModuleManager: Display: Found up-to-date module file ../../../Engine/Plugins/Developer/VisualStudioCodeSourceCodeAccess/Binaries/Win64/UE4Editor-VisualStudioCodeSourceCodeAccess.dll (API version 3709383).
LogModuleManager: Display: Found up-to-date module file ../../../Engine/Plugins/Developer/VisualStudioSourceCodeAccess/Binaries/Win64/UE4Editor-VisualStudioSourceCodeAccess.dll (API version 3709383).
LogModuleManager: Display: Found up-to-date module file ../../../Engine/Plugins/Editor/AssetManagerEditor/Binaries/Win64/UE4Editor-AssetManagerEditor.dll (API version 3709383).
LogModuleManager: Display: Found up-to-date module file ../../../Engine/Plugins/Editor/AudioCapture/Binaries/Win64/UE4Editor-AudioCapture.dll (API version 3709383).
LogModuleManager: Display: Found up-to-date module file ../../../Engine/Plugins/Editor/FacialAnimation/Binaries/Win64/UE4Editor-FacialAnimation.dll (API version 3709383).
LogModuleManager: Display: Found up-to-date module file ../../../Engine/Plugins/Editor/FacialAnimation/Binaries/Win64/UE4Editor-FacialAnimationEditor.dll (API version 3709383).
LogModuleManager: Display: Found up-to-date module file ../../../Engine/Plugins/Editor/GameplayTagsEditor/Binaries/Win64/UE4Editor-GameplayTagsEditor.dll (API version 3709383).
LogModuleManager: Display: Found up-to-date module file ../../../Engine/Plugins/Editor/MobileLauncherProfileWizard/Binaries/Win64/UE4Editor-MobileLauncherProfileWizard.dll (API version 3709383).
LogModuleManager: Display: Found up-to-date module file ../../../Engine/Plugins/Editor/PluginBrowser/Binaries/Win64/UE4Editor-PluginBrowser.dll (API version 3709383).
LogModuleManager: Display: Found up-to-date module file ../../../Engine/Plugins/Editor/SpeedTreeImporter/Binaries/Win64/UE4Editor-SpeedTreeImporter.dll (API version 3709383).
LogModuleManager: Display: Found up-to-date module file ../../../Engine/Plugins/Experimental/AlembicImporter/Binaries/Win64/UE4Editor-AlembicImporter.dll (API version 3709383).
LogModuleManager: Display: Found up-to-date module file ../../../Engine/Plugins/Experimental/AlembicImporter/Binaries/Win64/UE4Editor-AlembicLibrary.dll (API version 3709383).
LogModuleManager: Display: Found up-to-date module file ../../../Engine/Plugins/Experimental/CharacterAI/Binaries/Win64/UE4Editor-CharacterAI.dll (API version 3709383).
LogModuleManager: Display: Found up-to-date module file ../../../Engine/Plugins/Experimental/HTML5Networking/Binaries/Win64/UE4Editor-HTML5Networking.dll (API version 3709383).
LogModuleManager: Display: Found up-to-date module file ../../../Engine/Plugins/Media/AndroidMedia/Binaries/Win64/UE4Editor-AndroidMediaEditor.dll (API version 3709383).
LogModuleManager: Display: Found up-to-date module file ../../../Engine/Plugins/Media/AndroidMedia/Binaries/Win64/UE4Editor-AndroidMediaFactory.dll (API version 3709383).
LogModuleManager: Display: Found up-to-date module file ../../../Engine/Plugins/Media/AvfMedia/Binaries/Win64/UE4Editor-AvfMediaEditor.dll (API version 3709383).
LogModuleManager: Display: Found up-to-date module file ../../../Engine/Plugins/Media/AvfMedia/Binaries/Win64/UE4Editor-AvfMediaFactory.dll (API version 3709383).
LogModuleManager: Display: Found up-to-date module file ../../../Engine/Plugins/Media/AvfMedia/Binaries/Win64/UE4Editor-AvfMediaFactory.dll (API version 3709383).
LogModuleManager: Display: Found up-to-date module file ../../../Engine/Plugins/Media/ImgMedia/Binaries/Win64/UE4Editor-ImgMedia.dll (API version 3709383).
LogModuleManager: Display: Found up-to-date module file ../../../Engine/Plugins/Media/ImgMedia/Binaries/Win64/UE4Editor-ImgMediaEditor.dll (API version 3709383).
LogModuleManager: Display: Found up-to-date module file ../../../Engine/Plugins/Media/ImgMedia/Binaries/Win64/UE4Editor-ImgMediaFactory.dll (API version 3709383).
LogModuleManager: Display: Found up-to-date module file ../../../Engine/Plugins/Media/ImgMedia/Binaries/Win64/UE4Editor-ImgMediaFactory.dll (API version 3709383).
LogModuleManager: Display: Found up-to-date module file ../../../Engine/Plugins/Media/ImgMedia/Binaries/Win64/UE4Editor-OpenExrWrapper.dll (API version 3709383).
LogModuleManager: Display: Found up-to-date module file ../../../Engine/Plugins/Media/MediaCompositing/Binaries/Win64/UE4Editor-MediaCompositing.dll (API version 3709383).
LogModuleManager: Display: Found up-to-date module file ../../../Engine/Plugins/Media/MediaCompositing/Binaries/Win64/UE4Editor-MediaCompositingEditor.dll (API version 3709383).
LogModuleManager: Display: Found up-to-date module file ../../../Engine/Plugins/Media/MediaPlayerEditor/Binaries/Win64/UE4Editor-MediaPlayerEditor.dll (API version 3709383).
LogModuleManager: Display: Found up-to-date module file ../../../Engine/Plugins/Media/WmfMedia/Binaries/Win64/UE4Editor-WmfMedia.dll (API version 3709383).
LogModuleManager: Display: Found up-to-date module file ../../../Engine/Plugins/Media/WmfMedia/Binaries/Win64/UE4Editor-WmfMediaEditor.dll (API version 3709383).
LogModuleManager: Display: Found up-to-date module file ../../../Engine/Plugins/Media/WmfMedia/Binaries/Win64/UE4Editor-WmfMediaFactory.dll (API version 3709383).
LogModuleManager: Display: Found up-to-date module file ../../../Engine/Plugins/Media/WmfMedia/Binaries/Win64/UE4Editor-WmfMediaFactory.dll (API version 3709383).
LogModuleManager: Display: Found up-to-date module file ../../../Engine/Plugins/Messaging/TcpMessaging/Binaries/Win64/UE4Editor-TcpMessaging.dll (API version 3709383).
LogModuleManager: Display: Found up-to-date module file ../../../Engine/Plugins/Messaging/UdpMessaging/Binaries/Win64/UE4Editor-UdpMessaging.dll (API version 3709383).
LogModuleManager: Display: Found up-to-date module file ../../../Engine/Plugins/MovieScene/ActorSequence/Binaries/Win64/UE4Editor-ActorSequence.dll (API version 3709383).
LogModuleManager: Display: Found up-to-date module file ../../../Engine/Plugins/MovieScene/LevelSequenceEditor/Binaries/Win64/UE4Editor-LevelSequenceEditor.dll (API version 3709383).
LogModuleManager: Display: Found up-to-date module file ../../../Engine/Plugins/MovieScene/MatineeToLevelSequence/Binaries/Win64/UE4Editor-MatineeToLevelSequence.dll (API version 3709383).
LogModuleManager: Display: Found up-to-date module file ../../../Engine/Plugins/Online/OnlineSubsystem/Binaries/Win64/UE4Editor-OnlineSubsystem.dll (API version 3709383).
LogModuleManager: Display: Found up-to-date module file ../../../Engine/Plugins/Runtime/AndroidPermission/Binaries/Win64/UE4Editor-AndroidPermission.dll (API version 3709383).
LogModuleManager: Display: Found up-to-date module file ../../../Engine/Plugins/Online/OnlineSubsystemNull/Binaries/Win64/UE4Editor-OnlineSubsystemNull.dll (API version 3709383).
LogModuleManager: Display: Found up-to-date module file ../../../Engine/Plugins/Online/OnlineSubsystemUtils/Binaries/Win64/UE4Editor-OnlineSubsystemUtils.dll (API version 3709383).
LogModuleManager: Display: Found up-to-date module file ../../../Engine/Plugins/Online/OnlineSubsystemUtils/Binaries/Win64/UE4Editor-OnlineBlueprintSupport.dll (API version 3709383).
LogModuleManager: Display: Found up-to-date module file ../../../Engine/Plugins/Runtime/AndroidDeviceProfileSelector/Binaries/Win64/UE4Editor-AndroidDeviceProfileSelector.dll (API version 3709383).
LogModuleManager: Display: Found up-to-date module file ../../../Engine/Plugins/Runtime/AppleARKit/Binaries/Win64/UE4Editor-AppleARKit.dll (API version 3709383).
LogModuleManager: Display: Found up-to-date module file ../../../Engine/Plugins/Runtime/ArchVisCharacter/Binaries/Win64/UE4Editor-ArchVisCharacter.dll (API version 3709383).
LogModuleManager: Display: Found up-to-date module file ../../../Engine/Plugins/Runtime/CableComponent/Binaries/Win64/UE4Editor-CableComponent.dll (API version 3709383).
LogModuleManager: Display: Found up-to-date module file ../../../Engine/Plugins/Runtime/CustomMeshComponent/Binaries/Win64/UE4Editor-CustomMeshComponent.dll (API version 3709383).
LogModuleManager: Display: Found up-to-date module file ../../../Engine/Plugins/Runtime/ExampleDeviceProfileSelector/Binaries/Win64/UE4Editor-ExampleDeviceProfileSelector.dll (API version 3709383).
LogModuleManager: Display: Found up-to-date module file ../../../Engine/Plugins/Runtime/ImmediatePhysics/Binaries/Win64/UE4Editor-ImmediatePhysics.dll (API version 3709383).
LogModuleManager: Display: Found up-to-date module file ../../../Engine/Plugins/Runtime/ImmediatePhysics/Binaries/Win64/UE4Editor-ImmediatePhysicsEditor.dll (API version 3709383).
LogModuleManager: Display: Found up-to-date module file ../../../Engine/Plugins/Runtime/LocationServicesBPLibrary/Binaries/Win64/UE4Editor-LocationServicesBPLibrary.dll (API version 3709383).
LogModuleManager: Display: Found up-to-date module file ../../../Engine/Plugins/Runtime/MobilePatchingUtils/Binaries/Win64/UE4Editor-MobilePatchingUtils.dll (API version 3709383).
LogModuleManager: Display: Found up-to-date module file ../../../Engine/Plugins/Runtime/Oculus/OculusVR/Binaries/Win64/UE4Editor-OculusHMD.dll (API version 3709383).
LogModuleManager: Display: Found up-to-date module file ../../../Engine/Plugins/Runtime/Oculus/OculusVR/Binaries/Win64/UE4Editor-OculusInput.dll (API version 3709383).
LogModuleManager: Display: Found up-to-date module file ../../../Engine/Plugins/Runtime/Oculus/OculusVR/Binaries/Win64/UE4Editor-OculusEditor.dll (API version 3709383).
LogModuleManager: Display: Found up-to-date module file ../../../Engine/Plugins/Runtime/PhysXVehicles/Binaries/Win64/UE4Editor-PhysXVehicles.dll (API version 3709383).
LogModuleManager: Display: Found up-to-date module file ../../../Engine/Plugins/Runtime/PhysXVehicles/Binaries/Win64/UE4Editor-PhysXVehiclesEditor.dll (API version 3709383).
LogModuleManager: Display: Found up-to-date module file ../../../Engine/Plugins/Runtime/ProceduralMeshComponent/Binaries/Win64/UE4Editor-ProceduralMeshComponent.dll (API version 3709383).
LogModuleManager: Display: Found up-to-date module file ../../../Engine/Plugins/Runtime/ProceduralMeshComponent/Binaries/Win64/UE4Editor-ProceduralMeshComponentEditor.dll (API version 3709383).
LogModuleManager: Display: Found up-to-date module file ../../../Engine/Plugins/Runtime/RuntimePhysXCooking/Binaries/Win64/UE4Editor-RuntimePhysXCooking.dll (API version 3709383).
LogModuleManager: Display: Found up-to-date module file ../../../Engine/Plugins/Runtime/Steam/SteamVR/Binaries/Win64/UE4Editor-SteamVR.dll (API version 3709383).
LogModuleManager: Display: Found up-to-date module file ../../../Engine/Plugins/Runtime/Steam/SteamVR/Binaries/Win64/UE4Editor-SteamVRController.dll (API version 3709383).
LogModuleManager: Display: Found up-to-date module file ../../../Engine/Plugins/Runtime/WindowsMoviePlayer/Binaries/Win64/UE4Editor-WindowsMoviePlayer.dll (API version 3709383).
LogPluginManager: Mounting plugin Paper2D
LogPluginManager: Mounting plugin LightPropagationVolume
LogPluginManager: Mounting plugin CodeLiteSourceCodeAccess
LogPluginManager: Mounting plugin GitSourceControl
LogPluginManager: Mounting plugin KDevelopSourceCodeAccess
LogPluginManager: Mounting plugin NullSourceCodeAccess
LogPluginManager: Mounting plugin PerforceSourceControl
LogPluginManager: Mounting plugin SubversionSourceControl
LogPluginManager: Mounting plugin UObjectPlugin
LogPluginManager: Mounting plugin VisualStudioCodeSourceCodeAccess
LogPluginManager: Mounting plugin VisualStudioSourceCodeAccess
LogPluginManager: Mounting plugin XCodeSourceCodeAccess
LogPluginManager: Mounting plugin AssetManagerEditor
LogPluginManager: Mounting plugin AudioCapture
LogPluginManager: Mounting plugin FacialAnimation
LogPluginManager: Mounting plugin GameplayTagsEditor
LogPluginManager: Mounting plugin MobileLauncherProfileWizard
LogPluginManager: Mounting plugin PluginBrowser
LogPluginManager: Mounting plugin SpeedTreeImporter
LogPluginManager: Mounting plugin AlembicImporter
LogPluginManager: Mounting plugin CharacterAI
LogPluginManager: Mounting plugin HTML5Networking
LogPluginManager: Mounting plugin AndroidMedia
LogPluginManager: Mounting plugin AvfMedia
LogPluginManager: Mounting plugin ImgMedia
LogPluginManager: Mounting plugin MediaCompositing
LogPluginManager: Mounting plugin MediaPlayerEditor
LogPluginManager: Mounting plugin WmfMedia
LogPluginManager: Mounting plugin TcpMessaging
LogPluginManager: Mounting plugin UdpMessaging
LogPluginManager: Mounting plugin ActorSequence
LogPluginManager: Mounting plugin LevelSequenceEditor
LogPluginManager: Mounting plugin MatineeToLevelSequence
LogPluginManager: Mounting plugin OnlineSubsystemGooglePlay
LogPluginManager: Mounting plugin OnlineSubsystemIOS
LogPluginManager: Mounting plugin OnlineSubsystem
LogPluginManager: Mounting plugin OnlineSubsystemNull
LogPluginManager: Mounting plugin OnlineSubsystemUtils
LogPluginManager: Mounting plugin AndroidDeviceProfileSelector
LogPluginManager: Mounting plugin AndroidMoviePlayer
LogPluginManager: Mounting plugin AndroidPermission
LogPluginManager: Mounting plugin AppleARKit
LogPluginManager: Mounting plugin AppleMoviePlayer
LogPluginManager: Mounting plugin ArchVisCharacter
LogPluginManager: Mounting plugin CableComponent
LogPluginManager: Mounting plugin CustomMeshComponent
LogPluginManager: Mounting plugin ExampleDeviceProfileSelector
LogPluginManager: Mounting plugin GoogleCloudMessaging
LogPluginManager: Mounting plugin ImmediatePhysics
LogPluginManager: Mounting plugin IOSDeviceProfileSelector
LogPluginManager: Mounting plugin LinuxDeviceProfileSelector
LogPluginManager: Mounting plugin LocationServicesBPLibrary
LogPluginManager: Mounting plugin MobilePatchingUtils
LogPluginManager: Mounting plugin OculusVR
LogPluginManager: Plugin shader directory ../../../Engine/Plugins/Runtime/Oculus/OculusVR/Shaders found
LogPluginManager: Mapping shader source directory ../../../Engine/Plugins/Runtime/Oculus/OculusVR/Shaders to virtual directory /Plugin/OculusVR
LogPluginManager: Mounting plugin PhysXVehicles
LogPluginManager: Mounting plugin ProceduralMeshComponent
LogPluginManager: Mounting plugin RuntimePhysXCooking
LogPluginManager: Mounting plugin SteamVR
LogPluginManager: Mounting plugin WindowsMoviePlayer
LogInit: Using libcurl 7.47.1
LogInit:  - built for x86_64-pc-win32
LogInit:  - supports SSL with OpenSSL/1.0.2g
LogInit:  - supports HTTP deflate (compression) using libz 1.2.8
LogInit:  - other features:
LogInit:      CURL_VERSION_SSL
LogInit:      CURL_VERSION_LIBZ
LogInit:      CURL_VERSION_IPV6
LogInit:      CURL_VERSION_ASYNCHDNS
LogInit:      CURL_VERSION_LARGEFILE
LogInit:      CURL_VERSION_IDN
LogInit:  CurlRequestOptions (configurable via config and command line):
LogInit:  - bVerifyPeer = false  - Libcurl will NOT verify peer certificate
LogInit:  - bUseHttpProxy = false  - Libcurl will NOT use HTTP proxy
LogInit:  - bDontReuseConnections = false  - Libcurl will reuse connections
LogInit:  - CertBundlePath = nullptr  - Libcurl will use whatever was configured at build time.
LogHMD: Failed initializing OVRPlugin 1.19.0
LogInit: Build: ++UE4+Release-4.18-CL-3754814
LogInit: Engine Version: 4.18.1-3754814+++UE4+Release-4.18
LogInit: Compatible Engine Version: 4.18.0-3709383+++UE4+Release-4.18
LogInit: Net CL: 3709383
LogDevObjectVersion: Number of dev versions registered: 16
LogDevObjectVersion:   Dev-Blueprints (B0D832E4-1F89-4F0D-ACCF-7EB736FD4AA2): 10
LogDevObjectVersion:   Dev-Build (E1C64328-A22C-4D53-A36C-8E866417BD8C): 0
LogDevObjectVersion:   Dev-Core (375EC13C-06E4-48FB-B500-84F0262A717E): 2
LogDevObjectVersion:   Dev-Editor (E4B068ED-F494-42E9-A231-DA0B2E46BB41): 20
LogDevObjectVersion:   Dev-Framework (CFFC743F-43B0-4480-9391-14DF171D2073): 30
LogDevObjectVersion:   Dev-Mobile (B02B49B5-BB20-44E9-A304-32B752E40360): 0
LogDevObjectVersion:   Dev-Networking (A4E4105C-59A1-49B5-A7C5-40C4547EDFEE): 0
LogDevObjectVersion:   Dev-Online (39C831C9-5AE6-47DC-9A44-9C173E1C8E7C): 0
LogDevObjectVersion:   Dev-Physics (78F01B33-EBEA-4F98-B9B4-84EACCB95AA2): 0
LogDevObjectVersion:   Dev-Platform (6631380F-2D4D-43E0-8009-CF276956A95A): 0
LogDevObjectVersion:   Dev-Rendering (12F88B9F-8875-4AFC-A67C-D90C383ABD29): 20
LogDevObjectVersion:   Dev-Sequencer (7B5AE74C-D270-4C10-A958-57980B212A5A): 4
LogDevObjectVersion:   Dev-VR (D7296918-1DD6-4BDD-9DE2-64A83CC13884): 0
LogDevObjectVersion:   Dev-LoadTimes (C2A15278-BFE7-4AFE-6C17-90FF531DF755): 1
LogDevObjectVersion:   Private-Geometry (6EACA3D4-40EC-4CC1-B786-8BED09428FC5): 1
LogDevObjectVersion:   Dev-AnimPhys (29E575DD-E0A3-4627-9D10-D276232CDCEA): 12
LogInit: Compiled (64-bit): Nov 14 2017 02:05:55
LogInit: Compiled with Visual C++: 19.00.24215.01
LogInit: Build Configuration: Development
LogInit: Branch Name: ++UE4+Release-4.18
LogInit: Command line:  
LogInit: Base directory: C:/Program Files/Epic Games/UE_4.18/Engine/Binaries/Win64/
LogInit: Installed Engine Build: 1
LogInit: Presizing for max 8388607 objects, including 0 objects not considered by GC, pre-allocating 0 bytes for permanent pool.
LogInit: Object subsystem initialized
[2017.12.22-09.06.38:102][  0]LogInit: Selected Device Profile: [Windows]
[2017.12.22-09.06.38:102][  0]LogInit: Applying CVar settings loaded from the selected device profile: [Windows]
[2017.12.22-09.06.38:213][  0]LogInit: Computer: DESKTOP-OEP2RU7
[2017.12.22-09.06.38:213][  0]LogInit: User: Tyson
[2017.12.22-09.06.38:213][  0]LogInit: CPU Page size=4096, Cores=4
[2017.12.22-09.06.38:213][  0]LogInit: High frequency timer resolution =3.429535 MHz
[2017.12.22-09.06.38:213][  0]LogMemory: Memory total: Physical=15.9GB (16GB approx)
[2017.12.22-09.06.38:213][  0]LogMemory: Platform Memory Stats for Windows
[2017.12.22-09.06.38:213][  0]LogMemory: Process Physical Memory: 277.57 MB used, 277.57 MB peak
[2017.12.22-09.06.38:213][  0]LogMemory: Process Virtual Memory: 276.20 MB used, 276.20 MB peak
[2017.12.22-09.06.38:213][  0]LogMemory: Physical Memory: 5333.11 MB used,  10949.23 MB free, 16282.34 MB total
[2017.12.22-09.06.38:213][  0]LogMemory: Virtual Memory: 733.74 MB used,  10949.23 MB free, 134217728.00 MB total
[2017.12.22-09.06.38:964][  0]LogInit: Using OS detected language (en-US).
[2017.12.22-09.06.38:964][  0]LogInit: Using OS detected locale (en-US).
[2017.12.22-09.06.39:304][  0]LogTextLocalizationManager: No specific localization for 'en-US' exists, so the 'en' localization will be used.
[2017.12.22-09.06.40:187][  0]LogInit: Setting process to per monitor DPI aware
[2017.12.22-09.06.44:069][  0]LogD3D11RHI: D3D11 adapters:
[2017.12.22-09.06.44:205][  0]LogD3D11RHI:    0. 'NVIDIA GeForce GTX 1070' (Feature Level 11_0)
[2017.12.22-09.06.44:205][  0]LogD3D11RHI:       8096/0/8141 MB DedicatedVideo/DedicatedSystem/SharedSystem, Outputs:2, VendorId:0x10de
[2017.12.22-09.06.44:222][  0]LogD3D11RHI:    1. 'Microsoft Basic Render Driver' (Feature Level 11_0)
[2017.12.22-09.06.44:222][  0]LogD3D11RHI:       0/0/8141 MB DedicatedVideo/DedicatedSystem/SharedSystem, Outputs:0, VendorId:0x1414
[2017.12.22-09.06.44:222][  0]LogD3D11RHI: Chosen D3D11 Adapter: 0
[2017.12.22-09.06.44:231][  0]LogD3D11RHI: Creating new Direct3DDevice
[2017.12.22-09.06.44:231][  0]LogD3D11RHI:     GPU DeviceId: 0x1b81 (for the marketing name, search the web for "GPU Device Id")
[2017.12.22-09.06.44:231][  0]LogWindows: EnumDisplayDevices:
[2017.12.22-09.06.44:231][  0]LogWindows:    0. 'NVIDIA GeForce GTX 1070' (P:0 D:1)
[2017.12.22-09.06.44:232][  0]LogWindows:    1. 'NVIDIA GeForce GTX 1070' (P:1 D:1)
[2017.12.22-09.06.44:232][  0]LogWindows:    2. 'NVIDIA GeForce GTX 1070' (P:0 D:0)
[2017.12.22-09.06.44:232][  0]LogWindows:    3. 'NVIDIA GeForce GTX 1070' (P:0 D:0)
[2017.12.22-09.06.44:232][  0]LogWindows: DebugString: GetVideoDriverDetailsInvalid PrimaryIsNotTheChoosenAdapter GetVideoDriverDetailsInvalid PrimaryIsNotTheChoosenAdapter GetVideoDriverDetailsInvalid PrimaryIsNotTheChoosenAdapter GetVideoDriverDetailsInvalid PrimaryIsNotTheChoosenAdapter FoundDriverCount:0 
[2017.12.22-09.06.44:232][  0]LogD3D11RHI:     Adapter Name: NVIDIA GeForce GTX 1070
[2017.12.22-09.06.44:232][  0]LogD3D11RHI:   Driver Version: Unknown (internal:Unknown, unified:Unknown)
[2017.12.22-09.06.44:232][  0]LogD3D11RHI:      Driver Date: Unknown
[2017.12.22-09.06.44:232][  0]LogRHI: Texture pool is 5667 MB (70% of 8096 MB)
[2017.12.22-09.06.44:292][  0]LogD3D11RHI: Async texture creation enabled
[2017.12.22-09.06.44:353][  0]LogD3D11RHI: GPU Timing Frequency: 1000.000000 (Debug: 2 1)
[2017.12.22-09.06.44:466][  0]LogShaderCompilers: Guid format shader working directory is -16 characters bigger than the processId version (../../../../../../Users/Tyson/Desktop/Unreal/GitHub/BowlerBall/Intermediate/Shaders/WorkingDirectory/5772/).
[2017.12.22-09.06.44:466][  0]LogShaderCompilers: Cleaned the shader compiler working directory 'C:/Users/Tyson/AppData/Local/Temp/UnrealShaderWorkingDir/BFA0B038413E07FEEA129896B2B918F8/'.
[2017.12.22-09.06.44:466][  0]LogShaderCompilers: Display: Using Local Shader Compiler.
[2017.12.22-09.06.49:930][  0]LogTemp: Display: Loaded TP AllDesktopTargetPlatform
[2017.12.22-09.06.50:024][  0]LogTemp: Display: Loaded TP MacClientTargetPlatform
[2017.12.22-09.06.50:120][  0]LogTemp: Display: Loaded TP MacNoEditorTargetPlatform
[2017.12.22-09.06.50:214][  0]LogTemp: Display: Loaded TP MacServerTargetPlatform
[2017.12.22-09.06.50:345][  0]LogTemp: Display: Loaded TP MacTargetPlatform
[2017.12.22-09.06.50:440][  0]LogTemp: Display: Loaded TP WindowsClientTargetPlatform
[2017.12.22-09.06.50:536][  0]LogTemp: Display: Loaded TP WindowsNoEditorTargetPlatform
[2017.12.22-09.06.50:631][  0]LogTemp: Display: Loaded TP WindowsServerTargetPlatform
[2017.12.22-09.06.50:716][  0]LogTemp: Display: Loaded TP WindowsTargetPlatform
[2017.12.22-09.06.50:824][  0]LogTemp: Display: Loaded TP Android_ASTCTargetPlatform
[2017.12.22-09.06.50:919][  0]LogTemp: Display: Loaded TP Android_ATCTargetPlatform
[2017.12.22-09.06.51:011][  0]LogTemp: Display: Loaded TP Android_DXTTargetPlatform
[2017.12.22-09.06.51:102][  0]LogTemp: Display: Loaded TP Android_ETC1TargetPlatform
[2017.12.22-09.06.51:193][  0]LogTemp: Display: Loaded TP Android_ETC2TargetPlatform
[2017.12.22-09.06.51:379][  0]LogTemp: Display: Loaded TP Android_MultiTargetPlatform
[2017.12.22-09.06.51:379][  0]LogTemp: Display: Loaded TP Android_PVRTCTargetPlatform
[2017.12.22-09.06.51:494][  0]LogTemp: Display: Loaded TP AndroidTargetPlatform
[2017.12.22-09.06.51:569][  0]LogTemp: Display: Loaded TP HTML5TargetPlatform
[2017.12.22-09.06.51:788][  0]LogTemp: Display: Loaded TP IOSTargetPlatform
[2017.12.22-09.06.51:837][  0]LogTemp: Display: Loaded TP TVOSTargetPlatform
[2017.12.22-09.06.51:930][  0]LogTemp: Display: Loaded TP LinuxClientTargetPlatform
[2017.12.22-09.06.52:022][  0]LogTemp: Display: Loaded TP LinuxNoEditorTargetPlatform
[2017.12.22-09.06.52:113][  0]LogTemp: Display: Loaded TP LinuxServerTargetPlatform
[2017.12.22-09.06.52:210][  0]LogTemp: Display: Loaded TP LinuxTargetPlatform
[2017.12.22-09.06.52:210][  0]LogTargetPlatformManager: Display: Building Assets For Windows
[2017.12.22-09.06.53:640][  0]LogDerivedDataCache: Display: Max Cache Size: 512 MB
[2017.12.22-09.06.54:459][  0]LogDerivedDataCache: Loaded boot cache 0.80s 78MB C:/Users/Tyson/AppData/Local/UnrealEngine/4.18/DerivedDataCache/Boot.ddc.
[2017.12.22-09.06.54:459][  0]LogDerivedDataCache: Display: Loaded Boot cache: C:/Users/Tyson/AppData/Local/UnrealEngine/4.18/DerivedDataCache/Boot.ddc
[2017.12.22-09.06.54:459][  0]LogDerivedDataCache: FDerivedDataBackendGraph:  Pak pak cache file ../../../../../../Users/Tyson/Desktop/Unreal/GitHub/BowlerBall/DerivedDataCache/DDC.ddp not found, will not use a pak cache.
[2017.12.22-09.06.54:459][  0]LogDerivedDataCache: Unable to find inner node Pak for hierarchical cache Hierarchy.
[2017.12.22-09.06.54:459][  0]LogDerivedDataCache: FDerivedDataBackendGraph:  CompressedPak pak cache file ../../../../../../Users/Tyson/Desktop/Unreal/GitHub/BowlerBall/DerivedDataCache/Compressed.ddp not found, will not use a pak cache.
[2017.12.22-09.06.54:459][  0]LogDerivedDataCache: Unable to find inner node CompressedPak for hierarchical cache Hierarchy.
[2017.12.22-09.06.54:493][  0]LogDerivedDataCache: Display: Pak cache opened for reading ../../../Engine/DerivedDataCache/Compressed.ddp.
[2017.12.22-09.06.54:506][  0]LogDerivedDataCache: Using Local data cache path C:/Users/Tyson/AppData/Local/UnrealEngine/Common/DerivedDataCache: Writable
[2017.12.22-09.06.54:522][  0]LogMaterial: Verifying Global Shaders for PCD3D_SM5
[2017.12.22-09.06.54:523][  0]LogSlate: Using Freetype 2.6.0
[2017.12.22-09.06.54:602][  0]LogSlate: SlateFontCache - WITH_FREETYPE: 1, WITH_HARFBUZZ: 1
[2017.12.22-09.06.54:602][  0]LogSlate: SlateFontCache - WITH_FREETYPE: 1, WITH_HARFBUZZ: 1
[2017.12.22-09.06.59:212][  0]LogInit: Selected Device Profile: [Windows]
[2017.12.22-09.07.00:466][  0]LogSimplygon: Simplygon DLL not present - disabling.
[2017.12.22-09.07.00:561][  0]LogMeshReduction: Using SimplygonSwarm for distributed automatic mesh merging
[2017.12.22-09.07.00:561][  0]LogMeshReduction: Using QuadricMeshReduction for automatic static mesh reduction
[2017.12.22-09.07.00:561][  0]LogMeshReduction: No automatic skeletal mesh reduction module available
[2017.12.22-09.07.00:561][  0]LogMeshReduction: No automatic mesh merging module available
[2017.12.22-09.07.00:561][  0]LogMeshMerging: No automatic mesh merging module available
[2017.12.22-09.07.00:774][  0]LogNetVersion: BowlerBall , NetCL: 3709383, EngineNetVer: 2, GameNetVer: 0 (Checksum: 1227897878)
[2017.12.22-09.07.03:577][  0]LogAssetRegistry: FAssetRegistry took 0.0298 seconds to start up
[2017.12.22-09.07.07:988][  0]LogPackageLocalizationCache: Processed 7 localized package path(s) for 2 prioritized culture(s) in 0.148278 seconds
[2017.12.22-09.07.07:996][  0]LogUObjectArray: 35900 objects as part of root set at end of initial load.
[2017.12.22-09.07.07:996][  0]LogUObjectAllocator: 7372024 out of 0 bytes used by permanent object pool.
[2017.12.22-09.07.07:996][  0]LogUObjectArray: CloseDisregardForGC: 0/0 objects in disregard for GC pool
[2017.12.22-09.07.08:114][  0]LogInit: WinSock: version 1.1 (2.2), MaxSocks=32767, MaxUdp=65467
[2017.12.22-09.07.39:519][  0]LogTcpMessaging: Initializing TcpMessaging bridge
[2017.12.22-09.07.39:600][  0]LogUdpMessaging: Initializing bridge on interface 0.0.0.0:0 to multicast group 230.0.0.1:6666.
[2017.12.22-09.07.41:511][  0]LogMaterial: Uniform references updated for custom material expression Custom.
[2017.12.22-09.07.43:108][  0]SourceControl: Source control is disabled
[2017.12.22-09.07.47:222][  0]LogAndroidPermission: UAndroidPermissionCallbackProxy::GetInstance
[2017.12.22-09.07.47:806][  0]LogOcInput: OculusInput pre-init called
[2017.12.22-09.07.48:723][  0]LogEngine: Initializing Engine...
[2017.12.22-09.07.56:220][  0]LogHMD: Failed to initialize OpenVR with code 108
[2017.12.22-09.07.59:591][  0]LogStats: UGameplayTagsManager::ConstructGameplayTagTree: Construct from data asset -  0.000 s
[2017.12.22-09.07.59:591][  0]LogStats: UGameplayTagsManager::ConstructGameplayTagTree: GameplayTagTreeChangedEvent.Broadcast -  0.000 s
[2017.12.22-09.08.00:103][  0]LogAIModule: Creating AISystem for world Untitled
[2017.12.22-09.08.00:159][  0]LogInit: XAudio2 using 'Speakers (Realtek High Definition Audio)' : 2 channels at 48 kHz using 32 bits per sample (channel mask 0x3)
[2017.12.22-09.08.00:184][  0]LogInit: FAudioDevice initialized.
[2017.12.22-09.08.01:014][  0]LogDerivedDataCache: Saved boot cache 0.83s 78MB C:/Users/Tyson/AppData/Local/UnrealEngine/4.18/DerivedDataCache/Boot.ddc.
[2017.12.22-09.08.01:050][  0]LogInit: Texture streaming: Enabled
[2017.12.22-09.08.01:406][  0]LogEngineSessionManager: EngineSessionManager initialized
[2017.12.22-09.08.01:730][  0]LogInit: Transaction tracking system initialized
[2017.12.22-09.08.02:608][  0]BlueprintLog: New page: Editor Load
[2017.12.22-09.08.05:617][  0]LocalizationService: Localization service is disabled
[2017.12.22-09.08.07:723][  0]LogConsoleResponse: Display: 
[2017.12.22-09.08.11:784][  0]LogCook: Display: Max memory allowance for cook 16384mb min free memory 0mb
[2017.12.22-09.08.11:801][  0]LogFileCache: Scanning file cache for directory 'C:/Users/Tyson/Desktop/Unreal/GitHub/BowlerBall/Content/' took 0.02s
[2017.12.22-09.08.11:801][  0]LogCook: Display: Mobile HDR setting 1
[2017.12.22-09.08.11:801][  0]LogGameplayTags: Display: UGameplayTagsManager::DoneAddingNativeTags. DelegateIsBound: 0
[2017.12.22-09.08.15:135][  0]Cmd: MAP LOAD FILE="../../../../../../Users/Tyson/Desktop/Unreal/GitHub/BowlerBall/Content/Maps/TestPlatform.umap" TEMPLATE=0 SHOWPROGRESS=1 FEATURELEVEL=3
[2017.12.22-09.08.15:170][  0]LightingResults: New page: Lighting Build
[2017.12.22-09.08.15:248][  0]MapCheck: New page: Map Check
[2017.12.22-09.08.15:248][  0]LightingResults: New page: Lighting Build
[2017.12.22-09.08.16:257][  0]LogAIModule: Creating AISystem for world TestPlatform
[2017.12.22-09.08.16:294][  0]LogEditorServer: Finished looking for orphan Actors (0.000 secs)
[2017.12.22-09.08.16:342][  0]Cmd: MAP CHECKDEP NOCLEARLOG
[2017.12.22-09.08.16:426][  0]MapCheck: Map check complete: 0 Error(s), 0 Warning(s), took 83.405ms to complete.
[2017.12.22-09.08.16:426][  0]LogFileHelpers: Loading map 'TestPlatform' took 1.292
[2017.12.22-09.08.17:111][  0]LogCollectionManager: Loaded 0 collections in 0.026273 seconds
[2017.12.22-09.08.17:259][  0]LogFileCache: Scanning file cache for directory 'C:/Users/Tyson/Desktop/Unreal/GitHub/BowlerBall/Saved/Collections/' took 0.01s
[2017.12.22-09.08.17:259][  0]LogFileCache: Scanning file cache for directory 'C:/Users/Tyson/Desktop/Unreal/GitHub/BowlerBall/Content/Developers/Tyson/Collections/' took 0.01s
[2017.12.22-09.08.17:259][  0]LogFileCache: Scanning file cache for directory 'C:/Users/Tyson/Desktop/Unreal/GitHub/BowlerBall/Content/Collections/' took 0.01s
[2017.12.22-09.08.17:259][  0]LogCollectionManager: Rebuilt the GUID cache for 0 collections in 0.000000 seconds
[2017.12.22-09.08.17:279][  0]LogContentBrowser: Native class hierarchy populated in 0.0193 seconds. Added 2363 classes and 519 folders.
[2017.12.22-09.08.17:423][  0]LogContentBrowser: Native class hierarchy updated for 'WidgetCarousel' in 0.0004 seconds. Added 0 classes and 0 folders.
[2017.12.22-09.08.18:877][  0]LogContentBrowser: Native class hierarchy updated for 'AddContentDialog' in 0.0003 seconds. Added 0 classes and 0 folders.
[2017.12.22-09.08.18:989][  0]LogContentBrowser: Native class hierarchy updated for 'SceneOutliner' in 0.0003 seconds. Added 1 classes and 2 folders.
[2017.12.22-09.08.19:170][  0]LogSlate: Took 0.021824 seconds to synchronously load lazily loaded font '../../../Engine/Content/Slate/Fonts/Roboto-Regular.ttf' (155K)
[2017.12.22-09.08.19:186][  0]LogSlate: Took 0.013215 seconds to synchronously load lazily loaded font '../../../Engine/Content/Slate/Fonts/Roboto-Bold.ttf' (160K)
[2017.12.22-09.08.19:209][  0]LogSlate: Took 0.017020 seconds to synchronously load lazily loaded font '../../../Engine/Content/Editor/Slate/Fonts/FontAwesome.ttf' (139K)
[2017.12.22-09.08.19:546][  0]LogRenderer: Reallocating scene render targets to support 900x460 Format 10 NumSamples 1 (Frame:1).
[2017.12.22-09.08.19:908][  0]LogContentBrowser: Native class hierarchy updated for 'HierarchicalLODOutliner' in 0.0003 seconds. Added 1 classes and 2 folders.
[2017.12.22-09.08.19:908][  0]LogLoad: (Engine Initialization) Total time: 122.40 seconds
[2017.12.22-09.08.19:908][  0]LogLoad: (Engine Initialization) Total Blueprint compile time: 0.00 seconds
[2017.12.22-09.08.19:908][  0]LogExternalProfiler: No external profilers were discovered.  External profiling features will not be available.
[2017.12.22-09.08.19:951][  0]SourceControl: On branch master
[2017.12.22-09.08.19:951][  0]SourceControl: Your branch is up to date with 'origin/master'.
[2017.12.22-09.08.19:951][  0]SourceControl: Changes to be committed:
[2017.12.22-09.08.19:951][  0]SourceControl:   (use "git reset HEAD <file>..." to unstage)
[2017.12.22-09.08.19:951][  0]SourceControl: 	new file:   Content/Blueprints/BowlingHud.uasset
[2017.12.22-09.08.19:951][  0]SourceControl: 	deleted:    Content/Blueprints/Bumpers.uasset
[2017.12.22-09.08.19:951][  0]SourceControl: 	deleted:    Content/Blueprints/NewBlueprint.uasset
[2017.12.22-09.08.19:951][  0]SourceControl: 	deleted:    Content/Blueprints/NewMaterial.uasset
[2017.12.22-09.08.19:951][  0]SourceControl: 	deleted:    Content/Blueprints/PlatformController.uasset
[2017.12.22-09.08.19:951][  0]SourceControl: 	deleted:    Content/Blueprints/Roof.uasset
[2017.12.22-09.08.19:951][  0]SourceControl: 	new file:   Content/Blueprints/Score.uasset
[2017.12.22-09.08.19:951][  0]SourceControl: 	new file:   Content/Blueprints/Timer.uasset
[2017.12.22-09.08.19:951][  0]SourceControl: 	deleted:    Content/Blueprints/red.uasset
[2017.12.22-09.08.19:951][  0]SourceControl: 	new file:   Content/HUD/BowlerHud.uasset
[2017.12.22-09.08.19:951][  0]SourceControl: 	new file:   Content/HUD/BowlingHud.uasset
[2017.12.22-09.08.19:951][  0]SourceControl: 	new file:   Content/HUD/Timer.uasset
[2017.12.22-09.08.19:951][  0]SourceControl: Changes not staged for commit:
[2017.12.22-09.08.19:951][  0]SourceControl:   (use "git add/rm <file>..." to update what will be committed)
[2017.12.22-09.08.19:951][  0]SourceControl:   (use "git checkout -- <file>..." to discard changes in working directory)
[2017.12.22-09.08.19:951][  0]SourceControl: 	modified:   Config/DefaultInput.ini
[2017.12.22-09.08.19:951][  0]SourceControl: 	modified:   Content/Blueprints/BowlerBallGameMode.uasset
[2017.12.22-09.08.19:951][  0]SourceControl: 	modified:   Content/Blueprints/BowlingHud.uasset
[2017.12.22-09.08.19:951][  0]SourceControl: 	modified:   Content/Blueprints/Platform.uasset
[2017.12.22-09.08.19:951][  0]SourceControl: 	modified:   Content/Maps/TestPlatform.umap
[2017.12.22-09.08.19:951][  0]SourceControl: 	modified:   Content/Maps/TestPlatform_BuiltData.uasset
[2017.12.22-09.08.19:951][  0]SourceControl: 	modified:   Intermediate/AssetRegistryCache/311563bb.bin
[2017.12.22-09.08.19:951][  0]SourceControl: 	modified:   Intermediate/AssetRegistryCache/c90e3f55.bin
[2017.12.22-09.08.19:952][  0]SourceControl: 	modified:   Intermediate/CachedAssetRegistry.bin
[2017.12.22-09.08.19:952][  0]SourceControl: 	modified:   Intermediate/Config/CoalescedSourceConfigs/Input.ini
[2017.12.22-09.08.19:952][  0]SourceControl: 	modified:   Saved/AutoScreenshot.png
[2017.12.22-09.08.19:952][  0]SourceControl: 	modified:   Saved/Autosaves/Game/Maps/TestPlatform_Auto1.umap
[2017.12.22-09.08.19:952][  0]SourceControl: 	modified:   Saved/Autosaves/PackageRestoreData.json
[2017.12.22-09.08.19:952][  0]SourceControl: 	deleted:    Saved/Config/CrashReportClient/UE4CC-Windows-2529A4C44C4C3E3BA8D7979466F2ED45/CrashReportClient.ini
[2017.12.22-09.08.19:952][  0]SourceControl: 	deleted:    Saved/Config/CrashReportClient/UE4CC-Windows-3E79BB91474B41A589179BA7A047862D/CrashReportClient.ini
[2017.12.22-09.08.19:952][  0]SourceControl: 	deleted:    Saved/Config/CrashReportClient/UE4CC-Windows-94FC67534FB79ABDFECAEA848A937023/CrashReportClient.ini
[2017.12.22-09.08.19:952][  0]SourceControl: 	deleted:    Saved/Config/CrashReportClient/UE4CC-Windows-A07292CB4CB41EFD280DFBB24B78726D/CrashReportClient.ini
[2017.12.22-09.08.19:952][  0]SourceControl: 	modified:   Saved/Config/Windows/Editor.ini
[2017.12.22-09.08.19:952][  0]SourceControl: 	modified:   Saved/Config/Windows/EditorPerProjectUserSettings.ini
[2017.12.22-09.08.19:952][  0]SourceControl: 	modified:   Saved/Config/Windows/Engine.ini
[2017.12.22-09.08.19:952][  0]SourceControl: 	deleted:    Saved/Logs/BowlerBall-backup-2017.12.12-12.32.40.log
[2017.12.22-09.08.19:952][  0]SourceControl: 	deleted:    Saved/Logs/BowlerBall-backup-2017.12.14-12.36.03.log
[2017.12.22-09.08.19:952][  0]SourceControl: 	deleted:    Saved/Logs/BowlerBall-backup-2017.12.14-14.18.11.log
[2017.12.22-09.08.19:952][  0]SourceControl: 	modified:   Saved/Logs/BowlerBall.log
[2017.12.22-09.08.19:952][  0]SourceControl: 	deleted:    Saved/Logs/BowlerBall_2-backup-2017.12.14-12.36.05.log
[2017.12.22-09.08.19:952][  0]SourceControl: 	modified:   Saved/Logs/BowlerBall_2.log
[2017.12.22-09.08.19:952][  0]SourceControl: Untracked files:
[2017.12.22-09.08.19:952][  0]SourceControl:   (use "git add <file>..." to include in what will be committed)
[2017.12.22-09.08.19:952][  0]SourceControl: 	Saved/Autosaves/Game/Blueprints/BowlerBallGameMode_Auto1.uasset
[2017.12.22-09.08.19:952][  0]SourceControl: 	Saved/Autosaves/Game/Blueprints/BowlerBallGameMode_Auto2.uasset
[2017.12.22-09.08.19:952][  0]SourceControl: 	Saved/Autosaves/Game/Blueprints/Timer_Auto3.uasset
[2017.12.22-09.08.19:952][  0]SourceControl: 	Saved/Autosaves/Game/Maps/TestPlatform_Auto3.umap
[2017.12.22-09.08.19:952][  0]SourceControl: 	Saved/Backup/BowlerBallGameMode_2017-12-22-01-28-04.uasset
[2017.12.22-09.08.19:952][  0]SourceControl: 	Saved/Backup/BowlerBallGameMode_2017-12-22-01-38-13.uasset
[2017.12.22-09.08.19:952][  0]SourceControl: 	Saved/Backup/BowlerBallGameMode_2017-12-22-01-52-46.uasset
[2017.12.22-09.08.19:952][  0]SourceControl: 	Saved/Backup/BowlerBallGameMode_2017-12-22-02-03-08.uasset
[2017.12.22-09.08.19:952][  0]SourceControl: 	Saved/Backup/BowlingHud_2017-12-22-02-05-52.uasset
[2017.12.22-09.08.19:952][  0]SourceControl: 	Saved/Backup/Platform_2017-12-22-01-19-37.uasset
[2017.12.22-09.08.19:952][  0]SourceControl: 	Saved/Backup/Platform_2017-12-22-01-26-19.uasset
[2017.12.22-09.08.19:952][  0]SourceControl: 	Saved/Backup/Platform_2017-12-22-01-41-39.uasset
[2017.12.22-09.08.19:952][  0]SourceControl: 	Saved/Backup/Score_2017-12-22-02-02-39.uasset
[2017.12.22-09.08.19:952][  0]SourceControl: 	Saved/Backup/TestPlatform_2017-12-22-01-28-04.umap
[2017.12.22-09.08.19:952][  0]SourceControl: 	Saved/Backup/TestPlatform_2017-12-22-01-40-44.umap
[2017.12.22-09.08.19:952][  0]SourceControl: 	Saved/Backup/TestPlatform_2017-12-22-01-53-20.umap
[2017.12.22-09.08.19:952][  0]SourceControl: 	Saved/Backup/TestPlatform_2017-12-22-02-06-07.umap
[2017.12.22-09.08.19:952][  0]SourceControl: 	Saved/Backup/TestPlatform_BuiltData_2017-12-22-01-40-45.uasset
[2017.12.22-09.08.19:952][  0]SourceControl: 	Saved/Backup/TestPlatform_BuiltData_2017-12-22-02-06-07.uasset
[2017.12.22-09.08.19:952][  0]SourceControl: 	Saved/Backup/Timer_2017-12-22-01-44-33.uasset
[2017.12.22-09.08.19:952][  0]SourceControl: 	Saved/Backup/Timer_2017-12-22-01-49-33.uasset
[2017.12.22-09.08.19:953][  0]SourceControl: 	Saved/Backup/Timer_2017-12-22-01-54-42.uasset
[2017.12.22-09.08.19:953][  0]SourceControl: 	Saved/Config/CrashReportClient/UE4CC-Windows-2906544E490F86FE2AF0B59B8944750B/
[2017.12.22-09.08.19:953][  0]SourceControl: 	Saved/Config/CrashReportClient/UE4CC-Windows-2BEEDB3A4126C4B17F202DA08D995557/
[2017.12.22-09.08.19:953][  0]SourceControl: 	Saved/Crashes/UE4CC-Windows-E1975E3E40CC9670EB4DDD8FD123BBA1_0000/
[2017.12.22-09.08.19:953][  0]SourceControl: 	Saved/Logs/BowlerBall-backup-2017.12.22-01.14.33.log
[2017.12.22-09.08.19:953][  0]SourceControl: 	Saved/Logs/BowlerBall-backup-2017.12.22-02.06.32.log
[2017.12.22-09.08.19:953][  0]LogContentStreaming: Texture pool size now 1000 MB
[2017.12.22-09.08.20:050][  0]LogSlate: Took 0.006382 seconds to synchronously load lazily loaded font '../../../Engine/Content/Slate/Fonts/Roboto-Light.ttf' (159K)
[2017.12.22-09.08.20:057][  1]LogFileCache: Retrieving MD5 hashes for directory 'C:/Users/Tyson/Desktop/Unreal/GitHub/BowlerBall/Content/' took 0.13s
[2017.12.22-09.08.20:074][  1]LogAssetRegistry: Asset discovery search completed in 76.5191 seconds
[2017.12.22-09.08.20:076][  1]LogCollectionManager: Rebuilt the object cache for 0 collections in 0.000000 seconds (found 0 objects)
[2017.12.22-09.08.20:076][  1]LogCollectionManager: Fixed up redirectors for 0 collections in 0.000048 seconds (updated 0 objects)
[2017.12.22-09.09.37:416][879]LogSlate: Took 0.015753 seconds to synchronously load lazily loaded font '../../../Engine/Content/Slate/Fonts/Roboto-Light.ttf' (159K)
[2017.12.22-09.09.39:581][ 86]Cmd: OBJ SAVEPACKAGE PACKAGE="/Game/Maps/TestPlatform" FILE="../../../../../../Users/Tyson/Desktop/Unreal/GitHub/BowlerBall/Content/Maps/TestPlatform.umap" SILENT=true AUTOSAVING=false KEEPDIRTY=false
[2017.12.22-09.09.39:673][ 86]LogSavePackage: Save=32.13ms
[2017.12.22-09.09.39:673][ 86]LogSavePackage: Moving '../../../../../../Users/Tyson/Desktop/Unreal/GitHub/BowlerBall/Saved/TestPlatform099055B04E5F52350828D7BC78DC6BC2.tmp' to '../../../../../../Users/Tyson/Desktop/Unreal/GitHub/BowlerBall/Content/Maps/TestPlatform.umap'
[2017.12.22-09.09.39:676][ 86]LogSavePackage: Display: Finished SavePackage ../../../../../../Users/Tyson/Desktop/Unreal/GitHub/BowlerBall/Content/Maps/TestPlatform.umap
[2017.12.22-09.09.39:909][ 86]Cmd: OBJ SAVEPACKAGE PACKAGE="/Game/Maps/TestPlatform_BuiltData" FILE="../../../../../../Users/Tyson/Desktop/Unreal/GitHub/BowlerBall/Content/Maps/TestPlatform_BuiltData.uasset" SILENT=true
[2017.12.22-09.09.39:944][ 86]LogSavePackage: Save=25.81ms
[2017.12.22-09.09.39:944][ 86]LogSavePackage: Moving '../../../../../../Users/Tyson/Desktop/Unreal/GitHub/BowlerBall/Saved/TestPlatform_BuiltData35BEF2304B95F94493E0B4B985C881B3.tmp' to '../../../../../../Users/Tyson/Desktop/Unreal/GitHub/BowlerBall/Content/Maps/TestPlatform_BuiltData.uasset'
[2017.12.22-09.09.39:947][ 86]LogSavePackage: Display: Finished SavePackage ../../../../../../Users/Tyson/Desktop/Unreal/GitHub/BowlerBall/Content/Maps/TestPlatform_BuiltData.uasset
[2017.12.22-09.09.40:195][115]LogTemp: Repeating last play command: Selected Viewport
[2017.12.22-09.09.40:288][115]LogPlayLevel: PlayLevel: No blueprints needed recompiling
[2017.12.22-09.09.40:289][115]PIE: New page: PIE session: TestPlatform (Dec 21, 2017, 7:09:40 PM)
[2017.12.22-09.09.40:289][115]LogPlayLevel: Creating play world package: /Game/Maps/UEDPIE_0_TestPlatform
[2017.12.22-09.09.40:290][115]LogPlayLevel: PIE: StaticDuplicateObject took: (0.001556s)
[2017.12.22-09.09.40:291][115]LogAIModule: Creating AISystem for world TestPlatform
[2017.12.22-09.09.40:291][115]LogPlayLevel: PIE: World Init took: (0.000835s)
[2017.12.22-09.09.40:292][115]LogPlayLevel: PIE: Created PIE world by copying editor world from /Game/Maps/TestPlatform.TestPlatform to /Game/Maps/UEDPIE_0_TestPlatform.TestPlatform (0.002661s)
[2017.12.22-09.09.40:350][115]LogInit: XAudio2 using 'Speakers (Realtek High Definition Audio)' : 2 channels at 48 kHz using 32 bits per sample (channel mask 0x3)
[2017.12.22-09.09.40:367][115]LogInit: FAudioDevice initialized.
[2017.12.22-09.09.40:414][115]LogLoad: Game class is 'BowlerBallGameMode_C'
[2017.12.22-09.09.40:417][115]LogWorld: Bringing World /Game/Maps/UEDPIE_0_TestPlatform.TestPlatform up for play (max tick rate 0) at 2017.12.22-02.09.40
[2017.12.22-09.09.40:418][115]LogWorld: Bringing up level for play took: 0.001224
[2017.12.22-09.09.40:418][115]LogSpawn: Warning: SpawnActor failed because no class was specified
[2017.12.22-09.09.40:499][115]LogContentBrowser: Native class hierarchy updated for 'MovieSceneCapture' in 0.0004 seconds. Added 11 classes and 0 folders.
[2017.12.22-09.09.40:500][115]PIE: Play in editor start time for /Game/Maps/UEDPIE_0_TestPlatform -0.377
[2017.12.22-09.09.56:682][948]LogTemp: Repeating last play command: Selected Viewport
[2017.12.22-09.09.56:707][948]LogPlayLevel: PlayLevel: No blueprints needed recompiling
[2017.12.22-09.09.56:707][948]PIE: New page: PIE session: TestPlatform (Dec 21, 2017, 7:09:56 PM)
[2017.12.22-09.09.56:708][948]LogPlayLevel: Creating play world package: /Game/Maps/UEDPIE_0_TestPlatform
[2017.12.22-09.09.56:709][948]LogPlayLevel: PIE: StaticDuplicateObject took: (0.001529s)
[2017.12.22-09.09.56:710][948]LogAIModule: Creating AISystem for world TestPlatform
[2017.12.22-09.09.56:710][948]LogPlayLevel: PIE: World Init took: (0.000797s)
[2017.12.22-09.09.56:710][948]LogPlayLevel: PIE: Created PIE world by copying editor world from /Game/Maps/TestPlatform.TestPlatform to /Game/Maps/UEDPIE_0_TestPlatform.TestPlatform (0.002588s)
[2017.12.22-09.09.56:765][948]LogInit: XAudio2 using 'Speakers (Realtek High Definition Audio)' : 2 channels at 48 kHz using 32 bits per sample (channel mask 0x3)
[2017.12.22-09.09.56:781][948]LogInit: FAudioDevice initialized.
[2017.12.22-09.09.56:817][948]LogLoad: Game class is 'BowlerBallGameMode_C'
[2017.12.22-09.09.56:818][948]LogWorld: Bringing World /Game/Maps/UEDPIE_0_TestPlatform.TestPlatform up for play (max tick rate 0) at 2017.12.22-02.09.56
[2017.12.22-09.09.56:818][948]LogWorld: Bringing up level for play took: 0.000735
[2017.12.22-09.09.56:819][948]LogSpawn: Warning: SpawnActor failed because no class was specified
[2017.12.22-09.09.56:819][948]PIE: Play in editor start time for /Game/Maps/UEDPIE_0_TestPlatform -0.058
[2017.12.22-09.18.30:549][387]Cmd: OBJ SAVEPACKAGE PACKAGE="/Game/Maps/TestPlatform" FILE="../../../../../../Users/Tyson/Desktop/Unreal/GitHub/BowlerBall/Content/Maps/TestPlatform.umap" SILENT=true AUTOSAVING=false KEEPDIRTY=false
[2017.12.22-09.18.30:707][387]LogSavePackage: Save=49.40ms
[2017.12.22-09.18.30:707][387]LogSavePackage: Moving '../../../../../../Users/Tyson/Desktop/Unreal/GitHub/BowlerBall/Saved/TestPlatformFC900EE54DBE7D0A265D79AF4361C8B2.tmp' to '../../../../../../Users/Tyson/Desktop/Unreal/GitHub/BowlerBall/Content/Maps/TestPlatform.umap'
[2017.12.22-09.18.30:709][387]LogSavePackage: Display: Finished SavePackage ../../../../../../Users/Tyson/Desktop/Unreal/GitHub/BowlerBall/Content/Maps/TestPlatform.umap
[2017.12.22-09.18.31:005][387]Cmd: OBJ SAVEPACKAGE PACKAGE="/Game/Maps/TestPlatform_BuiltData" FILE="../../../../../../Users/Tyson/Desktop/Unreal/GitHub/BowlerBall/Content/Maps/TestPlatform_BuiltData.uasset" SILENT=true
[2017.12.22-09.18.31:045][387]LogSavePackage: Save=21.58ms
[2017.12.22-09.18.31:045][387]LogSavePackage: Moving '../../../../../../Users/Tyson/Desktop/Unreal/GitHub/BowlerBall/Saved/TestPlatform_BuiltData97FA0C854E6E5BA55F2981BCFCCEFEB1.tmp' to '../../../../../../Users/Tyson/Desktop/Unreal/GitHub/BowlerBall/Content/Maps/TestPlatform_BuiltData.uasset'
[2017.12.22-09.18.31:048][387]LogSavePackage: Display: Finished SavePackage ../../../../../../Users/Tyson/Desktop/Unreal/GitHub/BowlerBall/Content/Maps/TestPlatform_BuiltData.uasset
[2017.12.22-09.18.31:887][439]Cmd: QUIT_EDITOR
[2017.12.22-09.18.32:491][439]LogWindowsTextInputMethodSystem: Display: IME system now deactivated.
[2017.12.22-09.18.32:508][439]LogExit: Preparing to exit.
[2017.12.22-09.18.32:890][439]LogDirectoryWatcher: A directory notification for 'C:/Users/Tyson/Desktop/Unreal/GitHub/BowlerBall/Content/' was aborted.
[2017.12.22-09.18.32:920][439]LogExit: Editor shut down
[2017.12.22-09.18.32:930][439]LogExit: Transaction tracking system shut down
[2017.12.22-09.18.33:186][439]LogDirectoryWatcher: A directory notification for '../../../Engine/Content/' was aborted.
[2017.12.22-09.18.33:186][439]LogDirectoryWatcher: A directory notification for '../../../../../../Users/Tyson/Desktop/Unreal/GitHub/BowlerBall/Content/' was aborted.
[2017.12.22-09.18.33:186][439]LogDirectoryWatcher: A directory notification for '../../../Engine/Plugins/2D/Paper2D/Content/' was aborted.
[2017.12.22-09.18.33:186][439]LogDirectoryWatcher: A directory notification for '../../../Engine/Plugins/Media/MediaCompositing/Content/' was aborted.
[2017.12.22-09.18.33:186][439]LogDirectoryWatcher: A directory notification for '../../../Engine/Plugins/Runtime/AppleARKit/Content/' was aborted.
[2017.12.22-09.18.33:186][439]LogDirectoryWatcher: A directory notification for '../../../Engine/Plugins/Runtime/Oculus/OculusVR/Content/' was aborted.
[2017.12.22-09.18.33:186][439]LogDirectoryWatcher: A directory notification for '../../../Engine/Plugins/Runtime/Steam/SteamVR/Content/' was aborted.
[2017.12.22-09.18.33:243][439]LogExit: Object subsystem successfully closed.
[2017.12.22-09.18.33:267][439]LogD3D11RHI: Shutdown
[2017.12.22-09.18.33:267][439]LogD3D11RHI: CleanupD3DDevice
[2017.12.22-09.18.33:272][439]LogD3D11RHI: ~FD3D11DynamicRHI
[2017.12.22-09.18.33:303][439]LogModuleManager: Shutting down and abandoning module MovieSceneCapture (550)
[2017.12.22-09.18.33:303][439]LogModuleManager: Shutting down and abandoning module HierarchicalLODOutliner (548)
[2017.12.22-09.18.33:303][439]LogModuleManager: Shutting down and abandoning module SceneOutliner (546)
[2017.12.22-09.18.33:303][439]LogModuleManager: Shutting down and abandoning module AddContentDialog (544)
[2017.12.22-09.18.33:303][439]LogDirectoryWatcher: A directory notification for 'C:/Program Files/Epic Games/UE_4.18/FeaturePacks/' was aborted.
[2017.12.22-09.18.33:305][439]LogModuleManager: Shutting down and abandoning module WidgetCarousel (543)
[2017.12.22-09.18.33:305][439]LogModuleManager: Shutting down and abandoning module EditorWidgets (540)
[2017.12.22-09.18.33:305][439]LogModuleManager: Shutting down and abandoning module CollectionManager (538)
[2017.12.22-09.18.33:305][439]LogDirectoryWatcher: A directory notification for 'C:/Users/Tyson/Desktop/Unreal/GitHub/BowlerBall/Content/Collections/' was aborted.
[2017.12.22-09.18.33:305][439]LogDirectoryWatcher: A directory notification for 'C:/Users/Tyson/Desktop/Unreal/GitHub/BowlerBall/Content/Developers/Tyson/Collections/' was aborted.
[2017.12.22-09.18.33:305][439]LogDirectoryWatcher: A directory notification for 'C:/Users/Tyson/Desktop/Unreal/GitHub/BowlerBall/Saved/Collections/' was aborted.
[2017.12.22-09.18.33:305][439]LogModuleManager: Shutting down and abandoning module StatsViewer (536)
[2017.12.22-09.18.33:305][439]LogModuleManager: Shutting down and abandoning module FoliageEdit (534)
[2017.12.22-09.18.33:305][439]LogModuleManager: Shutting down and abandoning module LandscapeEditor (532)
[2017.12.22-09.18.33:305][439]LogModuleManager: Shutting down and abandoning module MeshPaintMode (530)
[2017.12.22-09.18.33:305][439]LogModuleManager: Shutting down and abandoning module SceneDepthPickerMode (528)
[2017.12.22-09.18.33:305][439]LogModuleManager: Shutting down and abandoning module ActorPickerMode (526)
[2017.12.22-09.18.33:305][439]LogModuleManager: Shutting down and abandoning module GeometryMode (524)
[2017.12.22-09.18.33:305][439]LogModuleManager: Shutting down and abandoning module TextureAlignMode (522)
[2017.12.22-09.18.33:305][439]LogModuleManager: Shutting down and abandoning module BspMode (520)
[2017.12.22-09.18.33:305][439]LogModuleManager: Shutting down and abandoning module PIEPreviewDeviceProfileSelector (518)
[2017.12.22-09.18.33:305][439]LogModuleManager: Shutting down and abandoning module HardwareSurvey (516)
[2017.12.22-09.18.33:305][439]LogModuleManager: Shutting down and abandoning module SequenceRecorderSections (514)
[2017.12.22-09.18.33:305][439]LogModuleManager: Shutting down and abandoning module AutomationWorker (512)
[2017.12.22-09.18.33:305][439]LogModuleManager: Shutting down and abandoning module MatineeToLevelSequence (510)
[2017.12.22-09.18.33:306][439]LogModuleManager: Shutting down and abandoning module LevelSequenceEditor (508)
[2017.12.22-09.18.33:306][439]LogModuleManager: Shutting down and abandoning module PlacementMode (507)
[2017.12.22-09.18.33:306][439]LogModuleManager: Shutting down and abandoning module WmfMediaFactory (504)
[2017.12.22-09.18.33:306][439]LogModuleManager: Shutting down and abandoning module WmfMediaEditor (502)
[2017.12.22-09.18.33:306][439]LogModuleManager: Shutting down and abandoning module OpenExrWrapper (500)
[2017.12.22-09.18.33:306][439]LogModuleManager: Shutting down and abandoning module ImgMediaFactory (498)
[2017.12.22-09.18.33:306][439]LogModuleManager: Shutting down and abandoning module ImgMediaEditor (496)
[2017.12.22-09.18.33:306][439]LogModuleManager: Shutting down and abandoning module AvfMediaFactory (494)
[2017.12.22-09.18.33:306][439]LogModuleManager: Shutting down and abandoning module AvfMediaEditor (492)
[2017.12.22-09.18.33:306][439]LogModuleManager: Shutting down and abandoning module AndroidMediaFactory (490)
[2017.12.22-09.18.33:306][439]LogModuleManager: Shutting down and abandoning module AndroidMediaEditor (488)
[2017.12.22-09.18.33:306][439]LogModuleManager: Shutting down and abandoning module CharacterAI (486)
[2017.12.22-09.18.33:306][439]LogModuleManager: Shutting down and abandoning module AudioCapture (484)
[2017.12.22-09.18.33:306][439]LogModuleManager: Shutting down and abandoning module SequenceRecorder (483)
[2017.12.22-09.18.33:306][439]LogModuleManager: Shutting down and abandoning module SmartSnapping (480)
[2017.12.22-09.18.33:306][439]LogModuleManager: Shutting down and abandoning module SessionServices (478)
[2017.12.22-09.18.33:306][439]LogModuleManager: Shutting down and abandoning module ViewportSnapping (476)
[2017.12.22-09.18.33:306][439]LogModuleManager: Shutting down and abandoning module ViewportInteraction (474)
[2017.12.22-09.18.33:306][439]LogModuleManager: Shutting down and abandoning module ClothPainter (472)
[2017.12.22-09.18.33:306][439]LogModuleManager: Shutting down and abandoning module SkeletalMeshEditor (471)
[2017.12.22-09.18.33:306][439]LogModuleManager: Shutting down and abandoning module LogVisualizer (468)
[2017.12.22-09.18.33:306][439]LogModuleManager: Shutting down and abandoning module IntroTutorials (466)
[2017.12.22-09.18.33:306][439]LogModuleManager: Shutting down and abandoning module GameProjectGeneration (465)
[2017.12.22-09.18.33:306][439]LogModuleManager: Shutting down and abandoning module IOSPlatformEditor (462)
[2017.12.22-09.18.33:306][439]LogModuleManager: Shutting down and abandoning module HTML5PlatformEditor (460)
[2017.12.22-09.18.33:306][439]LogModuleManager: Shutting down and abandoning module AndroidPlatformEditor (458)
[2017.12.22-09.18.33:306][439]LogModuleManager: Shutting down and abandoning module AndroidDeviceDetection (457)
[2017.12.22-09.18.33:820][439]LogModuleManager: Shutting down and abandoning module WindowsPlatformEditor (454)
[2017.12.22-09.18.33:820][439]LogModuleManager: Shutting down and abandoning module IOSRuntimeSettings (452)
[2017.12.22-09.18.33:820][439]LogModuleManager: Shutting down and abandoning module AndroidRuntimeSettings (450)
[2017.12.22-09.18.33:820][439]LogModuleManager: Shutting down and abandoning module InputBindingEditor (448)
[2017.12.22-09.18.33:820][439]LogModuleManager: Shutting down and abandoning module MergeActors (446)
[2017.12.22-09.18.33:820][439]LogModuleManager: Shutting down and abandoning module SizeMap (444)
[2017.12.22-09.18.33:820][439]LogModuleManager: Shutting down and abandoning module TreeMap (442)
[2017.12.22-09.18.33:820][439]LogModuleManager: Shutting down and abandoning module ReferenceViewer (440)
[2017.12.22-09.18.33:820][439]LogModuleManager: Shutting down and abandoning module LocalizationDashboard (438)
[2017.12.22-09.18.33:820][439]LogModuleManager: Shutting down and abandoning module LocalizationService (437)
[2017.12.22-09.18.33:820][439]LogModuleManager: Shutting down and abandoning module HardwareTargeting (434)
[2017.12.22-09.18.33:820][439]LogModuleManager: Shutting down and abandoning module DeviceProfileEditor (432)
[2017.12.22-09.18.33:820][439]LogModuleManager: Shutting down and abandoning module UndoHistory (430)
[2017.12.22-09.18.33:820][439]LogModuleManager: Shutting down and abandoning module XmlParser (428)
[2017.12.22-09.18.33:820][439]LogModuleManager: Shutting down and abandoning module Blutility (426)
[2017.12.22-09.18.33:820][439]LogModuleManager: Shutting down and abandoning module ProjectSettingsViewer (424)
[2017.12.22-09.18.33:820][439]LogModuleManager: Shutting down and abandoning module ProjectTargetPlatformEditor (423)
[2017.12.22-09.18.33:821][439]LogModuleManager: Shutting down and abandoning module EditorSettingsViewer (420)
[2017.12.22-09.18.33:821][439]LogModuleManager: Shutting down and abandoning module SettingsEditor (418)
[2017.12.22-09.18.33:821][439]LogModuleManager: Shutting down and abandoning module ProjectLauncher (416)
[2017.12.22-09.18.33:821][439]LogModuleManager: Shutting down and abandoning module SessionFrontend (414)
[2017.12.22-09.18.33:821][439]LogModuleManager: Shutting down and abandoning module ProfilerClient (412)
[2017.12.22-09.18.33:821][439]LogModuleManager: Shutting down and abandoning module DeviceManager (410)
[2017.12.22-09.18.33:821][439]LogModuleManager: Shutting down and abandoning module TargetDeviceServices (409)
[2017.12.22-09.18.33:874][439]LogModuleManager: Shutting down and abandoning module AutomationController (406)
[2017.12.22-09.18.33:874][439]LogModuleManager: Shutting down and abandoning module AutomationWindow (404)
[2017.12.22-09.18.33:874][439]LogModuleManager: Shutting down and abandoning module Layers (402)
[2017.12.22-09.18.33:874][439]LogModuleManager: Shutting down and abandoning module ComponentVisualizers (400)
[2017.12.22-09.18.33:874][439]LogModuleManager: Shutting down and abandoning module DetailCustomizations (398)
[2017.12.22-09.18.33:874][439]LogModuleManager: Shutting down and abandoning module PackagesDialog (396)
[2017.12.22-09.18.33:874][439]LogModuleManager: Shutting down and abandoning module Persona (394)
[2017.12.22-09.18.33:874][439]LogModuleManager: Shutting down and abandoning module AdvancedPreviewScene (393)
[2017.12.22-09.18.33:874][439]LogModuleManager: Shutting down and abandoning module AnimGraph (391)
[2017.12.22-09.18.33:874][439]LogModuleManager: Shutting down and abandoning module Kismet (388)
[2017.12.22-09.18.33:875][439]LogModuleManager: Shutting down and abandoning module ClassViewer (386)
[2017.12.22-09.18.33:875][439]LogModuleManager: Shutting down and abandoning module Toolbox (384)
[2017.12.22-09.18.33:875][439]LogModuleManager: Shutting down and abandoning module ModuleUI (382)
[2017.12.22-09.18.33:875][439]LogModuleManager: Shutting down and abandoning module MovieSceneTools (380)
[2017.12.22-09.18.33:875][439]LogModuleManager: Shutting down and abandoning module OutputLog (378)
[2017.12.22-09.18.33:875][439]LogModuleManager: Shutting down and abandoning module GammaUI (376)
[2017.12.22-09.18.33:875][439]LogModuleManager: Shutting down and abandoning module Documentation (374)
[2017.12.22-09.18.33:875][439]LogModuleManager: Shutting down and abandoning module MovieSceneTracks (372)
[2017.12.22-09.18.33:875][439]LogModuleManager: Shutting down and abandoning module MovieScene (370)
[2017.12.22-09.18.33:875][439]LogModuleManager: Shutting down and abandoning module StreamingPauseRendering (368)
[2017.12.22-09.18.33:876][439]LogModuleManager: Shutting down and abandoning module LauncherPlatform (366)
[2017.12.22-09.18.33:876][439]LogModuleManager: Shutting down and abandoning module AnalyticsET (364)
[2017.12.22-09.18.33:876][439]LogModuleManager: Shutting down and abandoning module PortalServices (362)
[2017.12.22-09.18.33:876][439]LogModuleManager: Shutting down and abandoning module PortalRpc (360)
[2017.12.22-09.18.33:876][439]LogModuleManager: Shutting down and abandoning module MessagingRpc (358)
[2017.12.22-09.18.33:876][439]LogModuleManager: Shutting down and abandoning module AIModule (356)
[2017.12.22-09.18.33:876][439]LogModuleManager: Shutting down and abandoning module GameplayDebugger (355)
[2017.12.22-09.18.33:876][439]LogModuleManager: Shutting down and abandoning module AITestSuite (353)
[2017.12.22-09.18.33:876][439]LogModuleManager: Shutting down and abandoning module DesktopPlatform (350)
[2017.12.22-09.18.33:876][439]LogModuleManager: Shutting down and abandoning module ProfilerService (348)
[2017.12.22-09.18.33:911][439]LogModuleManager: Shutting down and abandoning module TaskGraph (346)
[2017.12.22-09.18.33:911][439]LogModuleManager: Shutting down and abandoning module SteamVRController (344)
[2017.12.22-09.18.33:911][439]LogModuleManager: Shutting down and abandoning module ProceduralMeshComponentEditor (342)
[2017.12.22-09.18.33:911][439]LogModuleManager: Shutting down and abandoning module ProceduralMeshComponent (340)
[2017.12.22-09.18.33:912][439]LogModuleManager: Shutting down and abandoning module OculusInput (338)
[2017.12.22-09.18.33:912][439]LogModuleManager: Shutting down and abandoning module MobilePatchingUtils (336)
[2017.12.22-09.18.33:912][439]LogModuleManager: Shutting down and abandoning module CustomMeshComponent (334)
[2017.12.22-09.18.33:912][439]LogModuleManager: Shutting down and abandoning module CableComponent (332)
[2017.12.22-09.18.33:912][439]LogModuleManager: Shutting down and abandoning module ArchVisCharacter (330)
[2017.12.22-09.18.33:912][439]LogModuleManager: Shutting down and abandoning module AndroidPermission (328)
[2017.12.22-09.18.33:912][439]LogModuleManager: Shutting down and abandoning module ActorSequence (324)
[2017.12.22-09.18.33:912][439]LogModuleManager: Shutting down and abandoning module MediaPlayerEditor (322)
[2017.12.22-09.18.33:912][439]LogModuleManager: Shutting down and abandoning module MediaCompositingEditor (320)
[2017.12.22-09.18.33:912][439]LogModuleManager: Shutting down and abandoning module MediaCompositing (318)
[2017.12.22-09.18.33:912][439]LogModuleManager: Shutting down and abandoning module HTML5Networking (316)
[2017.12.22-09.18.33:912][439]LogModuleManager: Shutting down and abandoning module AlembicImporter (314)
[2017.12.22-09.18.33:912][439]LogModuleManager: Shutting down and abandoning module AlembicLibrary (313)
[2017.12.22-09.18.33:912][439]LogModuleManager: Shutting down and abandoning module GeometryCache (312)
[2017.12.22-09.18.33:912][439]LogModuleManager: Shutting down and abandoning module GeometryCacheEd (311)
[2017.12.22-09.18.33:912][439]LogModuleManager: Shutting down and abandoning module SpeedTreeImporter (306)
[2017.12.22-09.18.33:912][439]LogModuleManager: Shutting down and abandoning module PluginBrowser (304)
[2017.12.22-09.18.33:912][439]LogModuleManager: Shutting down and abandoning module MobileLauncherProfileWizard (302)
[2017.12.22-09.18.33:912][439]LogModuleManager: Shutting down and abandoning module VisualStudioSourceCodeAccess (300)
[2017.12.22-09.18.33:912][439]LogModuleManager: Shutting down and abandoning module VisualStudioCodeSourceCodeAccess (298)
[2017.12.22-09.18.33:912][439]LogModuleManager: Shutting down and abandoning module UObjectPlugin (296)
[2017.12.22-09.18.33:912][439]LogModuleManager: Shutting down and abandoning module SubversionSourceControl (294)
[2017.12.22-09.18.33:912][439]LogModuleManager: Shutting down and abandoning module PerforceSourceControl (292)
[2017.12.22-09.18.33:912][439]LogModuleManager: Shutting down and abandoning module GitSourceControl (290)
[2017.12.22-09.18.33:912][439]LogModuleManager: Shutting down and abandoning module SourceControl (289)
[2017.12.22-09.18.33:912][439]LogModuleManager: Shutting down and abandoning module LightPropagationVolumeEditor (286)
[2017.12.22-09.18.33:913][439]LogModuleManager: Shutting down and abandoning module PaperTiledImporter (284)
[2017.12.22-09.18.33:913][439]LogModuleManager: Shutting down and abandoning module PaperSpriteSheetImporter (282)
[2017.12.22-09.18.33:913][439]LogModuleManager: Shutting down and abandoning module Paper2DEditor (280)
[2017.12.22-09.18.33:913][439]LogModuleManager: Shutting down and abandoning module MeshPaint (279)
[2017.12.22-09.18.33:913][439]LogModuleManager: Shutting down and abandoning module LevelEditor (277)
[2017.12.22-09.18.33:914][439]LogModuleManager: Shutting down and abandoning module PixelInspectorModule (276)
[2017.12.22-09.18.33:914][439]LogModuleManager: Shutting down and abandoning module MainFrame (274)
[2017.12.22-09.18.33:914][439]LogModuleManager: Shutting down and abandoning module HotReload (273)
[2017.12.22-09.18.33:915][439]LogModuleManager: Shutting down and abandoning module RuntimePhysXCooking (268)
[2017.12.22-09.18.33:915][439]LogModuleManager: Shutting down and abandoning module PhysXVehiclesEditor (266)
[2017.12.22-09.18.33:915][439]LogModuleManager: Shutting down and abandoning module PhysXVehicles (264)
[2017.12.22-09.18.33:915][439]LogModuleManager: Shutting down and abandoning module OculusEditor (262)
[2017.12.22-09.18.33:915][439]LogModuleManager: Shutting down and abandoning module LocationServicesBPLibrary (260)
[2017.12.22-09.18.33:915][439]LogModuleManager: Shutting down and abandoning module ImmediatePhysicsEditor (258)
[2017.12.22-09.18.33:915][439]LogModuleManager: Shutting down and abandoning module ImmediatePhysics (256)
[2017.12.22-09.18.33:915][439]LogModuleManager: Shutting down and abandoning module UdpMessaging (254)
[2017.12.22-09.18.34:015][439]LogModuleManager: Shutting down and abandoning module TcpMessaging (252)
[2017.12.22-09.18.34:116][439]LogModuleManager: Shutting down and abandoning module GameplayTagsEditor (250)
[2017.12.22-09.18.34:116][439]LogModuleManager: Shutting down and abandoning module FacialAnimationEditor (248)
[2017.12.22-09.18.34:116][439]LogModuleManager: Shutting down and abandoning module FacialAnimation (246)
[2017.12.22-09.18.34:116][439]LogModuleManager: Shutting down and abandoning module AssetManagerEditor (244)
[2017.12.22-09.18.34:116][439]LogModuleManager: Shutting down and abandoning module GraphEditor (243)
[2017.12.22-09.18.34:116][439]LogModuleManager: Shutting down and abandoning module ContentBrowser (241)
[2017.12.22-09.18.34:118][439]LogModuleManager: Shutting down and abandoning module LightPropagationVolumeRuntime (238)
[2017.12.22-09.18.34:118][439]LogModuleManager: Shutting down and abandoning module Paper2D (236)
[2017.12.22-09.18.34:118][439]LogModuleManager: Shutting down and abandoning module WindowsMoviePlayer (234)
[2017.12.22-09.18.34:118][439]LogModuleManager: Shutting down and abandoning module WmfMedia (232)
[2017.12.22-09.18.34:121][439]LogModuleManager: Shutting down and abandoning module ImgMedia (230)
[2017.12.22-09.18.34:121][439]LogModuleManager: Shutting down and abandoning module PacketHandler (228)
[2017.12.22-09.18.34:121][439]LogModuleManager: Shutting down and abandoning module ClothingSystemEditor (226)
[2017.12.22-09.18.34:121][439]LogModuleManager: Shutting down and abandoning module ClothingSystemRuntime (224)
[2017.12.22-09.18.34:121][439]LogModuleManager: Shutting down and abandoning module MediaAssets (222)
[2017.12.22-09.18.34:121][439]LogModuleManager: Shutting down and abandoning module Media (221)
[2017.12.22-09.18.34:127][439]LogModuleManager: Shutting down and abandoning module Overlay (218)
[2017.12.22-09.18.34:127][439]LogModuleManager: Shutting down and abandoning module OverlayEditor (217)
[2017.12.22-09.18.34:127][439]LogModuleManager: Shutting down and abandoning module VREditor (214)
[2017.12.22-09.18.34:127][439]LogModuleManager: Shutting down and abandoning module StringTableEditor (212)
[2017.12.22-09.18.34:127][439]LogModuleManager: Shutting down and abandoning module GameplayTasksEditor (210)
[2017.12.22-09.18.34:127][439]LogModuleManager: Shutting down and abandoning module BehaviorTreeEditor (208)
[2017.12.22-09.18.34:127][439]LogModuleManager: Shutting down and abandoning module FunctionalTesting (206)
[2017.12.22-09.18.34:127][439]LogModuleManager: Shutting down and abandoning module CollisionAnalyzer (204)
[2017.12.22-09.18.34:127][439]LogModuleManager: Shutting down and abandoning module WorkspaceMenuStructure (203)
[2017.12.22-09.18.34:128][439]LogModuleManager: Shutting down and abandoning module UMG (200)
[2017.12.22-09.18.34:128][439]LogModuleManager: Shutting down and abandoning module UMGEditor (199)
[2017.12.22-09.18.34:128][439]LogModuleManager: Shutting down and abandoning module Sequencer (198)
[2017.12.22-09.18.34:128][439]LogModuleManager: Shutting down and abandoning module MessageLog (195)
[2017.12.22-09.18.34:128][439]LogModuleManager: Shutting down and abandoning module SlateReflector (190)
[2017.12.22-09.18.34:128][439]LogModuleManager: Shutting down and abandoning module Slate (188)
[2017.12.22-09.18.34:128][439]LogModuleManager: Shutting down and abandoning module EditorStyle (186)
[2017.12.22-09.18.34:131][439]LogModuleManager: Shutting down and abandoning module MRMesh (184)
[2017.12.22-09.18.34:131][439]LogModuleManager: Shutting down and abandoning module SourceCodeAccess (182)
[2017.12.22-09.18.34:131][439]LogModuleManager: Shutting down and abandoning module HeadMountedDisplay (180)
[2017.12.22-09.18.34:131][439]LogModuleManager: Shutting down and abandoning module XAudio2 (178)
[2017.12.22-09.18.34:131][439]LogModuleManager: Shutting down and abandoning module Networking (176)
[2017.12.22-09.18.34:131][439]LogModuleManager: Shutting down and abandoning module Core (172)
[2017.12.22-09.18.34:131][439]LogModuleManager: Shutting down and abandoning module LevelSequence (168)
[2017.12.22-09.18.34:131][439]LogModuleManager: Shutting down and abandoning module DirectoryWatcher (166)
[2017.12.22-09.18.34:133][439]LogModuleManager: Shutting down and abandoning module KismetCompiler (164)
[2017.12.22-09.18.34:133][439]LogModuleManager: Shutting down and abandoning module MeshUtilities (162)
[2017.12.22-09.18.34:133][439]LogModuleManager: Shutting down and abandoning module MeshMergeUtilities (161)
[2017.12.22-09.18.34:133][439]LogModuleManager: Shutting down and abandoning module MeshReductionInterface (160)
[2017.12.22-09.18.34:133][439]LogModuleManager: Shutting down and abandoning module SimplygonSwarm (159)
[2017.12.22-09.18.34:133][439]LogModuleManager: Shutting down and abandoning module SimplygonMeshReduction (157)
[2017.12.22-09.18.34:133][439]LogModuleManager: Shutting down and abandoning module QuadricMeshReduction (155)
[2017.12.22-09.18.34:133][439]LogModuleManager: Shutting down and abandoning module MaterialBaking (151)
[2017.12.22-09.18.34:133][439]LogModuleManager: Shutting down and abandoning module DerivedDataCache (148)
[2017.12.22-09.18.34:185][439]LogDerivedDataCache: Shutdown
[2017.12.22-09.18.34:185][439]LogModuleManager: Shutting down and abandoning module TargetPlatform (146)
[2017.12.22-09.18.34:185][439]LogModuleManager: Shutting down and abandoning module VulkanShaderFormat (145)
[2017.12.22-09.18.34:185][439]LogModuleManager: Shutting down and abandoning module ShaderFormatVectorVM (143)
[2017.12.22-09.18.34:185][439]LogModuleManager: Shutting down and abandoning module ShaderFormatOpenGL (141)
[2017.12.22-09.18.34:185][439]LogModuleManager: Shutting down and abandoning module ShaderFormatD3D (139)
[2017.12.22-09.18.34:185][439]LogModuleManager: Shutting down and abandoning module MetalShaderFormat (137)
[2017.12.22-09.18.34:185][439]LogModuleManager: Shutting down and abandoning module TextureFormatUncompressed (135)
[2017.12.22-09.18.34:185][439]LogModuleManager: Shutting down and abandoning module TextureFormatPVR (133)
[2017.12.22-09.18.34:185][439]LogModuleManager: Shutting down and abandoning module TextureFormatDXT (131)
[2017.12.22-09.18.34:185][439]LogModuleManager: Shutting down and abandoning module TextureFormatIntelISPCTexComp (129)
[2017.12.22-09.18.34:185][439]LogModuleManager: Shutting down and abandoning module TextureFormatASTC (127)
[2017.12.22-09.18.34:186][439]LogModuleManager: Shutting down and abandoning module ImageWrapper (126)
[2017.12.22-09.18.34:186][439]LogModuleManager: Shutting down and abandoning module TextureFormatAndroid (123)
[2017.12.22-09.18.34:186][439]LogModuleManager: Shutting down and abandoning module AudioFormatOpus (121)
[2017.12.22-09.18.34:186][439]LogModuleManager: Shutting down and abandoning module AudioFormatOgg (119)
[2017.12.22-09.18.34:186][439]LogModuleManager: Shutting down and abandoning module AudioFormatADPCM (117)
[2017.12.22-09.18.34:186][439]LogModuleManager: Shutting down and abandoning module LinuxTargetPlatform (115)
[2017.12.22-09.18.34:186][439]LogModuleManager: Shutting down and abandoning module LinuxServerTargetPlatform (113)
[2017.12.22-09.18.34:186][439]LogModuleManager: Shutting down and abandoning module LinuxNoEditorTargetPlatform (111)
[2017.12.22-09.18.34:186][439]LogModuleManager: Shutting down and abandoning module LinuxClientTargetPlatform (109)
[2017.12.22-09.18.34:186][439]LogModuleManager: Shutting down and abandoning module TVOSTargetPlatform (107)
[2017.12.22-09.18.34:186][439]LogModuleManager: Shutting down and abandoning module Messaging (105)
[2017.12.22-09.18.34:186][439]LogModuleManager: Shutting down and abandoning module IOSTargetPlatform (103)
[2017.12.22-09.18.34:186][439]LogModuleManager: Shutting down and abandoning module HTML5TargetPlatform (101)
[2017.12.22-09.18.34:186][439]LogModuleManager: Shutting down and abandoning module AndroidTargetPlatform (99)
[2017.12.22-09.18.34:186][439]LogModuleManager: Shutting down and abandoning module Android_PVRTCTargetPlatform (97)
[2017.12.22-09.18.34:186][439]LogModuleManager: Shutting down and abandoning module Android_MultiTargetPlatform (95)
[2017.12.22-09.18.34:186][439]LogModuleManager: Shutting down and abandoning module Android_ETC2TargetPlatform (93)
[2017.12.22-09.18.34:186][439]LogModuleManager: Shutting down and abandoning module Android_ETC1TargetPlatform (91)
[2017.12.22-09.18.34:186][439]LogModuleManager: Shutting down and abandoning module Android_DXTTargetPlatform (89)
[2017.12.22-09.18.34:186][439]LogModuleManager: Shutting down and abandoning module Android_ATCTargetPlatform (87)
[2017.12.22-09.18.34:186][439]LogModuleManager: Shutting down and abandoning module Android_ASTCTargetPlatform (85)
[2017.12.22-09.18.34:186][439]LogModuleManager: Shutting down and abandoning module WindowsTargetPlatform (83)
[2017.12.22-09.18.34:186][439]LogModuleManager: Shutting down and abandoning module WindowsServerTargetPlatform (81)
[2017.12.22-09.18.34:186][439]LogModuleManager: Shutting down and abandoning module WindowsNoEditorTargetPlatform (79)
[2017.12.22-09.18.34:186][439]LogModuleManager: Shutting down and abandoning module WindowsClientTargetPlatform (77)
[2017.12.22-09.18.34:186][439]LogModuleManager: Shutting down and abandoning module MacTargetPlatform (75)
[2017.12.22-09.18.34:186][439]LogModuleManager: Shutting down and abandoning module MacServerTargetPlatform (73)
[2017.12.22-09.18.34:186][439]LogModuleManager: Shutting down and abandoning module MacNoEditorTargetPlatform (71)
[2017.12.22-09.18.34:186][439]LogModuleManager: Shutting down and abandoning module MacClientTargetPlatform (69)
[2017.12.22-09.18.34:186][439]LogModuleManager: Shutting down and abandoning module AllDesktopTargetPlatform (67)
[2017.12.22-09.18.34:186][439]LogModuleManager: Shutting down and abandoning module InputCore (64)
[2017.12.22-09.18.34:186][439]LogModuleManager: Shutting down and abandoning module Settings (62)
[2017.12.22-09.18.34:186][439]LogModuleManager: Shutting down and abandoning module PhysXCooking (60)
[2017.12.22-09.18.34:186][439]LogModuleManager: Shutting down and abandoning module SteamVR (58)
[2017.12.22-09.18.34:186][439]LogModuleManager: Shutting down and abandoning module OculusHMD (56)
[2017.12.22-09.18.34:186][439]LogModuleManager: Shutting down and abandoning module ExampleDeviceProfileSelector (54)
[2017.12.22-09.18.34:186][439]LogModuleManager: Shutting down and abandoning module AppleARKit (52)
[2017.12.22-09.18.34:186][439]LogModuleManager: Shutting down and abandoning module AugmentedReality (51)
[2017.12.22-09.18.34:186][439]LogModuleManager: Shutting down and abandoning module OnlineBlueprintSupport (48)
[2017.12.22-09.18.34:186][439]LogModuleManager: Shutting down and abandoning module OnlineSubsystem (44)
[2017.12.22-09.18.34:187][439]LogModuleManager: Shutting down and abandoning module XMPP (43)
[2017.12.22-09.18.34:187][439]LogModuleManager: Shutting down and abandoning module HTTP (41)
[2017.12.22-09.18.34:187][439]LogHttp: Display: Http module shutting down, but needs to wait on 1 outstanding Http requests:
[2017.12.22-09.18.34:187][439]LogHttp: Display: 	verb=[POST] url=[https://datarouter.ol.epicgames.com/datarouter/api/v1/public/data?SessionID=%7B1F3E5C95-4E02-9B17-B4D4-9F97D9F0C35C%7D&AppID=UEEditor.Rocket.Release&AppVersion=4.18.1-3754814%2B%2B%2BUE4%2BRelease-4.18&UserID=24b1d4644052d9f427c915b8fe606da1%7C65447e8320b245e9b110e75c04adaff1%7C7cf3b873-8a5f-4b3d-8274-23bd25636833&AppEnvironment=datacollector-binary&UploadType=eteventstream] status=Processing
[2017.12.22-09.18.34:201][439]LogModuleManager: Shutting down and abandoning module SSL (40)
[2017.12.22-09.18.34:203][439]LogModuleManager: Shutting down and abandoning module AnimationModifiers (36)
[2017.12.22-09.18.34:203][439]LogModuleManager: Shutting down and abandoning module PropertyEditor (35)
[2017.12.22-09.18.34:203][439]LogModuleManager: Shutting down and abandoning module AudioEditor (32)
[2017.12.22-09.18.34:203][439]LogModuleManager: Shutting down and abandoning module TextureCompressor (30)
[2017.12.22-09.18.34:203][439]LogModuleManager: Shutting down and abandoning module ShaderCore (28)
[2017.12.22-09.18.34:203][439]LogModuleManager: Shutting down and abandoning module Landscape (26)
[2017.12.22-09.18.34:203][439]LogModuleManager: Shutting down and abandoning module SlateRHIRenderer (24)
[2017.12.22-09.18.34:205][439]LogModuleManager: Shutting down and abandoning module OpenGLDrv (22)
[2017.12.22-09.18.34:205][439]LogModuleManager: Shutting down and abandoning module D3D11RHI (20)
[2017.12.22-09.18.34:205][439]LogModuleManager: Shutting down and abandoning module AnimGraphRuntime (18)
[2017.12.22-09.18.34:205][439]LogModuleManager: Shutting down and abandoning module Renderer (16)
[2017.12.22-09.18.34:205][439]LogModuleManager: Shutting down and abandoning module Engine (14)
[2017.12.22-09.18.34:205][439]LogModuleManager: Shutting down and abandoning module CoreUObject (12)
[2017.12.22-09.18.34:205][439]LogModuleManager: Shutting down and abandoning module NetworkFile (10)
[2017.12.22-09.18.34:205][439]LogModuleManager: Shutting down and abandoning module CookedIterativeFile (8)
[2017.12.22-09.18.34:205][439]LogModuleManager: Shutting down and abandoning module StreamingFile (6)
[2017.12.22-09.18.34:205][439]LogModuleManager: Shutting down and abandoning module SandboxFile (4)
[2017.12.22-09.18.34:205][439]LogModuleManager: Shutting down and abandoning module PakFile (2)
[2017.12.22-09.18.34:211][439]LogExit: Exiting.
[2017.12.22-09.18.34:236][439]Log file closed, 12/22/17 02:18:34
